<?xml version="1.0" encoding="UTF-8"?>
<testsuites name="RegressionSuite" time="7817" tests="8" failures="34" errors="0">
   <testsuite name="RegressionSuite" tests="8" failures="34" errors="0" time="7817" timestamp="2018-07-10 19:43:45" hostname="shalinin - NIBC2129.nousinfo.com" id="Test Suites/RegressionSuite">
      <properties>
[...]
</properties>
      <testcase name="Test Cases/TimeZoneTC/HME-Account_Setting-Timezone-04" classname="Test Cases/TimeZoneTC/HME-Account_Setting-Timezone-04" status="PASSED">
         <system-out><![CDATA[2018-07-10 19:43:46 - [TEST_CASE][PASSED] - Test Cases/TimeZoneTC/HME-Account_Setting-Timezone-04: Browser is closed

2018-07-10 19:43:46 - [TEST_STEP][PASSED] - Start listener action : sampleBeforeTestCase: uiaction.CommonUIActions.deleteAllCookies is PASSED

2018-07-10 19:43:46 - [TEST_STEP][PASSED] - openBrowser: Browser is opened with url: ''

2018-07-10 19:43:50 - [MESSAGE][PASSED] - Browser is opened with url: ''

2018-07-10 19:43:50 - [TEST_STEP][PASSED] - maximizeWindow: Current window maximized

2018-07-10 19:43:51 - [MESSAGE][PASSED] - Current window maximized

2018-07-10 19:43:51 - [TEST_STEP][PASSED] - uiaction.CommonUIActions.deleteAllCookies: uiaction.CommonUIActions.deleteAllCookies is PASSED

2018-07-10 19:43:51 - [MESSAGE][PASSED] - Delete all cookies successfully

2018-07-10 19:43:51 - [MESSAGE][PASSED] - uiaction.CommonUIActions.deleteAllCookies is PASSED

2018-07-10 19:43:52 - [TEST_STEP][PASSED] - Statement - TCflag = true: null

2018-07-10 19:43:52 - [TEST_STEP][PASSED] - Statement - Try: uiaction.CommonUIActions.click is PASSED

2018-07-10 19:43:52 - [TEST_STEP][PASSED] - navigateToUrl: Navigate to 'https://engdev.hmedtcloud.com/?pg=Login' successfully

2018-07-10 19:44:00 - [MESSAGE][PASSED] - Navigate to 'https://engdev.hmedtcloud.com/?pg=Login' successfully

2018-07-10 19:44:00 - [TEST_STEP][PASSED] - delay: Delayed 10 second(s)

2018-07-10 19:44:10 - [MESSAGE][PASSED] - Delayed 10 second(s)

2018-07-10 19:44:10 - [TEST_STEP][PASSED] - projectSpecific.Reusability.login: projectSpecific.Reusability.login is PASSED

2018-07-10 19:44:11 - [MESSAGE][PASSED] - projectSpecific.Reusability.getTestData is PASSED

2018-07-10 19:44:11 - [MESSAGE][PASSED] - projectSpecific.Reusability.getTestData is PASSED

2018-07-10 19:44:11 - [MESSAGE][PASSED] - Text 'selvendrank@nousinfo.com' is set on object 'Object Repository/LoginPage/Username'

2018-07-10 19:44:11 - [MESSAGE][PASSED] - Text 'Nous;123' is set on object 'Object Repository/LoginPage/Password'

2018-07-10 19:44:24 - [MESSAGE][PASSED] - Object: 'Object Repository/LoginPage/Login' is clicked on

2018-07-10 19:44:24 - [MESSAGE][PASSED] - projectSpecific.Reusability.login is PASSED

2018-07-10 19:44:24 - [TEST_STEP][PASSED] - delay: Delayed 10 second(s)

2018-07-10 19:44:34 - [MESSAGE][PASSED] - Delayed 10 second(s)

2018-07-10 19:44:34 - [TEST_STEP][PASSED] - Statement - welcomeMsg = CustomKeywords.uiaction.CommonUIActions.getText(com.kms.katalon.core.testobject.ObjectRepository.findTestObject(HomePage/welcomeMessage)): uiaction.CommonUIActions.getText is PASSED

2018-07-10 19:44:34 - [MESSAGE][PASSED] - uiaction.CommonUIActions.getText is PASSED

2018-07-10 19:44:34 - [TEST_STEP][PASSED] - Statement - expactedWelcomeMsg = CustomKeywords.projectSpecific.Reusability.getTestData("HomePage", "welcomeMsg"): projectSpecific.Reusability.getTestData is PASSED

2018-07-10 19:44:34 - [MESSAGE][PASSED] - projectSpecific.Reusability.getTestData is PASSED

2018-07-10 19:44:34 - [TEST_STEP][PASSED] - Statement - If (welcomeMsg.contains(expactedWelcomeMsg)): null

2018-07-10 19:44:34 - [TEST_STEP][PASSED] - Statement - out.println("Welcome message is verified"): null

2018-07-10 19:44:34 - [TEST_STEP][PASSED] - Statement - driver = com.kms.katalon.core.webui.driver.DriverFactory.getWebDriver(): null

2018-07-10 19:44:34 - [TEST_STEP][PASSED] - uiaction.CommonUIActions.click: uiaction.CommonUIActions.click is PASSED

2018-07-10 19:44:46 - [MESSAGE][PASSED] - uiaction.CommonUIActions.click is PASSED

2018-07-10 19:44:46 - [TEST_STEP][PASSED] - Statement - driver.findElement(org.openqa.selenium.By.xpath("(//div[@class='ctable']/table//tr/td[3][contains(text(),'vijay2')]/../td//span)[1]")).click(): null

2018-07-10 19:44:48 - [TEST_STEP][PASSED] - uiaction.CommonUIActions.click: uiaction.CommonUIActions.click is PASSED

2018-07-10 19:44:48 - [MESSAGE][PASSED] - uiaction.CommonUIActions.click is PASSED

2018-07-10 19:44:48 - [TEST_STEP][PASSED] - uiaction.CommonUIActions.click: uiaction.CommonUIActions.click is PASSED

2018-07-10 19:44:54 - [MESSAGE][PASSED] - uiaction.CommonUIActions.click is PASSED

2018-07-10 19:44:54 - [TEST_STEP][PASSED] - Statement - storeID = CustomKeywords.uiaction.CommonUIActions.getText(com.kms.katalon.core.testobject.ObjectRepository.findTestObject(StorePage/storeID)): uiaction.CommonUIActions.getText is PASSED

2018-07-10 19:44:54 - [MESSAGE][PASSED] - uiaction.CommonUIActions.getText is PASSED

2018-07-10 19:44:54 - [TEST_STEP][PASSED] - Statement - storenumber = storeID.trim(): null

2018-07-10 19:44:54 - [TEST_STEP][PASSED] - Statement - out.println(" the store number is--" + storenumber.trim()): null

2018-07-10 19:44:54 - [TEST_STEP][PASSED] - uiaction.CommonUIActions.click: uiaction.CommonUIActions.click is PASSED

2018-07-10 19:44:57 - [MESSAGE][PASSED] - uiaction.CommonUIActions.click is PASSED

2018-07-10 19:44:57 - [TEST_STEP][PASSED] - delay: Delayed 10 second(s)

2018-07-10 19:45:07 - [MESSAGE][PASSED] - Delayed 10 second(s)

2018-07-10 19:45:07 - [TEST_STEP][PASSED] - Statement - driver.findElement(org.openqa.selenium.By.xpath("//span[contains(text(),'" + storenumber.trim() + "')]")).click(): null

2018-07-10 19:45:08 - [TEST_STEP][PASSED] - click: Object: 'Object Repository/ReportsPage/timeSelection' is clicked on

2018-07-10 19:45:08 - [MESSAGE][PASSED] - Object: 'Object Repository/ReportsPage/timeSelection' is clicked on

2018-07-10 19:45:08 - [TEST_STEP][PASSED] - click: Object: 'Object Repository/ReportsPage/dayTimeOption' is clicked on

2018-07-10 19:45:08 - [MESSAGE][PASSED] - Object: 'Object Repository/ReportsPage/dayTimeOption' is clicked on

2018-07-10 19:45:08 - [TEST_STEP][PASSED] - click: Object: 'Object Repository/ReportsPage/summaryReportHeading' is clicked on

2018-07-10 19:45:08 - [MESSAGE][PASSED] - Object: 'Object Repository/ReportsPage/summaryReportHeading' is clicked on

2018-07-10 19:45:08 - [TEST_STEP][PASSED] - verifyElementText: Actual text and expected text of test object 'Object Repository/ReportsPage/dayTimeOption' are matched.

2018-07-10 19:45:08 - [MESSAGE][PASSED] - projectSpecific.Reusability.getTestData is PASSED

2018-07-10 19:45:08 - [MESSAGE][PASSED] - Actual text and expected text of test object 'Object Repository/ReportsPage/dayTimeOption' are matched.

2018-07-10 19:45:08 - [TEST_STEP][PASSED] - verifyElementText: Actual text and expected text of test object 'Object Repository/ReportsPage/criteriaTimeMeasureForDay' are matched.

2018-07-10 19:45:08 - [MESSAGE][PASSED] - projectSpecific.Reusability.getTestData is PASSED

2018-07-10 19:45:08 - [MESSAGE][PASSED] - Actual text and expected text of test object 'Object Repository/ReportsPage/criteriaTimeMeasureForDay' are matched.

2018-07-10 19:45:08 - [TEST_STEP][PASSED] - delay: Delayed 5 second(s)

2018-07-10 19:45:13 - [MESSAGE][PASSED] - Delayed 5 second(s)

2018-07-10 19:45:13 - [TEST_STEP][PASSED] - click: Object: 'Object Repository/ReportsPage/fromDateSelector' is clicked on

2018-07-10 19:45:13 - [MESSAGE][PASSED] - Object: 'Object Repository/ReportsPage/fromDateSelector' is clicked on

2018-07-10 19:45:13 - [TEST_STEP][PASSED] - delay: Delayed 5 second(s)

2018-07-10 19:45:18 - [MESSAGE][PASSED] - Delayed 5 second(s)

2018-07-10 19:45:18 - [TEST_STEP][PASSED] - Statement - monthText = com.kms.katalon.core.webui.keyword.WebUiBuiltInKeywords.getText(com.kms.katalon.core.testobject.ObjectRepository.findTestObject(ReportsPage/monthText)): Text of object 'Object Repository/ReportsPage/monthText' is: 'July 2018'

2018-07-10 19:45:18 - [MESSAGE][PASSED] - Text of object 'Object Repository/ReportsPage/monthText' is: 'July 2018'

2018-07-10 19:45:18 - [TEST_STEP][PASSED] - Statement - monthTextArray = monthText.split(" "): null

2018-07-10 19:45:18 - [TEST_STEP][PASSED] - Statement - month = monthTextArray[0]: null

2018-07-10 19:45:18 - [TEST_STEP][PASSED] - Statement - monthTextValue = CustomKeywords.projectSpecific.Reusability.getTestData("ReportsPage", "Month"): projectSpecific.Reusability.getTestData is PASSED

2018-07-10 19:45:18 - [MESSAGE][PASSED] - projectSpecific.Reusability.getTestData is PASSED

2018-07-10 19:45:18 - [TEST_STEP][PASSED] - Statement - If (!(monthTextValue.equals(month))): null

2018-07-10 19:45:18 - [TEST_STEP][PASSED] - Statement - While (!(monthTextValue.equals(month))): null

2018-07-10 19:45:18 - [TEST_STEP][PASSED] - click: Object: 'Object Repository/ReportsPage/previousDateSelector' is clicked on

2018-07-10 19:45:18 - [MESSAGE][PASSED] - Object: 'Object Repository/ReportsPage/previousDateSelector' is clicked on

2018-07-10 19:45:18 - [TEST_STEP][PASSED] - Statement - monthText = com.kms.katalon.core.webui.keyword.WebUiBuiltInKeywords.getText(com.kms.katalon.core.testobject.ObjectRepository.findTestObject(ReportsPage/monthText)): Text of object 'Object Repository/ReportsPage/monthText' is: 'June 2018'

2018-07-10 19:45:18 - [MESSAGE][PASSED] - Text of object 'Object Repository/ReportsPage/monthText' is: 'June 2018'

2018-07-10 19:45:18 - [TEST_STEP][PASSED] - Statement - monthTextArray = monthText.split(" "): null

2018-07-10 19:45:18 - [TEST_STEP][PASSED] - Statement - month = monthTextArray[0]: null

2018-07-10 19:45:18 - [TEST_STEP][PASSED] - click: Object: 'Object Repository/ReportsPage/previousDateSelector' is clicked on

2018-07-10 19:45:18 - [MESSAGE][PASSED] - Object: 'Object Repository/ReportsPage/previousDateSelector' is clicked on

2018-07-10 19:45:18 - [TEST_STEP][PASSED] - Statement - monthText = com.kms.katalon.core.webui.keyword.WebUiBuiltInKeywords.getText(com.kms.katalon.core.testobject.ObjectRepository.findTestObject(ReportsPage/monthText)): Text of object 'Object Repository/ReportsPage/monthText' is: 'May 2018'

2018-07-10 19:45:18 - [MESSAGE][PASSED] - Text of object 'Object Repository/ReportsPage/monthText' is: 'May 2018'

2018-07-10 19:45:18 - [TEST_STEP][PASSED] - Statement - monthTextArray = monthText.split(" "): null

2018-07-10 19:45:18 - [TEST_STEP][PASSED] - Statement - month = monthTextArray[0]: null

2018-07-10 19:45:18 - [TEST_STEP][PASSED] - click: Object: 'Object Repository/ReportsPage/previousDateSelector' is clicked on

2018-07-10 19:45:19 - [MESSAGE][PASSED] - Object: 'Object Repository/ReportsPage/previousDateSelector' is clicked on

2018-07-10 19:45:19 - [TEST_STEP][PASSED] - Statement - monthText = com.kms.katalon.core.webui.keyword.WebUiBuiltInKeywords.getText(com.kms.katalon.core.testobject.ObjectRepository.findTestObject(ReportsPage/monthText)): Text of object 'Object Repository/ReportsPage/monthText' is: 'April 2018'

2018-07-10 19:45:19 - [MESSAGE][PASSED] - Text of object 'Object Repository/ReportsPage/monthText' is: 'April 2018'

2018-07-10 19:45:19 - [TEST_STEP][PASSED] - Statement - monthTextArray = monthText.split(" "): null

2018-07-10 19:45:19 - [TEST_STEP][PASSED] - Statement - month = monthTextArray[0]: null

2018-07-10 19:45:19 - [TEST_STEP][PASSED] - click: Object: 'Object Repository/ReportsPage/previousDateSelector' is clicked on

2018-07-10 19:45:19 - [MESSAGE][PASSED] - Object: 'Object Repository/ReportsPage/previousDateSelector' is clicked on

2018-07-10 19:45:19 - [TEST_STEP][PASSED] - Statement - monthText = com.kms.katalon.core.webui.keyword.WebUiBuiltInKeywords.getText(com.kms.katalon.core.testobject.ObjectRepository.findTestObject(ReportsPage/monthText)): Text of object 'Object Repository/ReportsPage/monthText' is: 'March 2018'

2018-07-10 19:45:19 - [MESSAGE][PASSED] - Text of object 'Object Repository/ReportsPage/monthText' is: 'March 2018'

2018-07-10 19:45:19 - [TEST_STEP][PASSED] - Statement - monthTextArray = monthText.split(" "): null

2018-07-10 19:45:19 - [TEST_STEP][PASSED] - Statement - month = monthTextArray[0]: null

2018-07-10 19:45:19 - [TEST_STEP][PASSED] - Statement - data = CustomKeywords.projectSpecific.Reusability.getTestData("ReportsPage", "EndDate"): projectSpecific.Reusability.getTestData is PASSED

2018-07-10 19:45:19 - [MESSAGE][PASSED] - projectSpecific.Reusability.getTestData is PASSED

2018-07-10 19:45:19 - [TEST_STEP][PASSED] - Statement - startDate = "(//td[text()='" + data + "'])[1]": null

2018-07-10 19:45:19 - [TEST_STEP][PASSED] - Statement - println(startDate): null

2018-07-10 19:45:19 - [TEST_STEP][PASSED] - Statement - startdateEle = driver.findElement(org.openqa.selenium.By.xpath(startDate)): null

2018-07-10 19:45:19 - [TEST_STEP][PASSED] - Statement - startdateEle.click(): null

2018-07-10 19:45:19 - [TEST_STEP][PASSED] - delay: Delayed 5 second(s)

2018-07-10 19:45:24 - [MESSAGE][PASSED] - Delayed 5 second(s)

2018-07-10 19:45:24 - [TEST_STEP][PASSED] - click: Object: 'Object Repository/ReportsPage/toDateSelector' is clicked on

2018-07-10 19:45:24 - [MESSAGE][PASSED] - Object: 'Object Repository/ReportsPage/toDateSelector' is clicked on

2018-07-10 19:45:24 - [TEST_STEP][PASSED] - Statement - monthText = com.kms.katalon.core.webui.keyword.WebUiBuiltInKeywords.getText(com.kms.katalon.core.testobject.ObjectRepository.findTestObject(ReportsPage/monthText2)): Text of object 'Object Repository/ReportsPage/monthText2' is: 'July 2018'

2018-07-10 19:45:24 - [MESSAGE][PASSED] - Text of object 'Object Repository/ReportsPage/monthText2' is: 'July 2018'

2018-07-10 19:45:24 - [TEST_STEP][PASSED] - Statement - monthTextArray = monthText.split(" "): null

2018-07-10 19:45:24 - [TEST_STEP][PASSED] - Statement - month = monthTextArray[0]: null

2018-07-10 19:45:24 - [TEST_STEP][PASSED] - Statement - monthTextValue1 = CustomKeywords.projectSpecific.Reusability.getTestData("ReportsPage", "Month"): projectSpecific.Reusability.getTestData is PASSED

2018-07-10 19:45:24 - [MESSAGE][PASSED] - projectSpecific.Reusability.getTestData is PASSED

2018-07-10 19:45:24 - [TEST_STEP][PASSED] - Statement - If (!(monthTextValue1.equals(month))): null

2018-07-10 19:45:24 - [TEST_STEP][PASSED] - Statement - While (!(monthTextValue1.equals(month))): null

2018-07-10 19:45:24 - [TEST_STEP][PASSED] - click: Object: 'Object Repository/ReportsPage/previousDateSelector2' is clicked on

2018-07-10 19:45:24 - [MESSAGE][PASSED] - Object: 'Object Repository/ReportsPage/previousDateSelector2' is clicked on

2018-07-10 19:45:24 - [TEST_STEP][PASSED] - Statement - monthText = com.kms.katalon.core.webui.keyword.WebUiBuiltInKeywords.getText(com.kms.katalon.core.testobject.ObjectRepository.findTestObject(ReportsPage/monthText2)): Text of object 'Object Repository/ReportsPage/monthText2' is: 'June 2018'

2018-07-10 19:45:24 - [MESSAGE][PASSED] - Text of object 'Object Repository/ReportsPage/monthText2' is: 'June 2018'

2018-07-10 19:45:24 - [TEST_STEP][PASSED] - Statement - monthTextArray = monthText.split(" "): null

2018-07-10 19:45:24 - [TEST_STEP][PASSED] - Statement - month = monthTextArray[0]: null

2018-07-10 19:45:24 - [TEST_STEP][PASSED] - click: Object: 'Object Repository/ReportsPage/previousDateSelector2' is clicked on

2018-07-10 19:45:24 - [MESSAGE][PASSED] - Object: 'Object Repository/ReportsPage/previousDateSelector2' is clicked on

2018-07-10 19:45:24 - [TEST_STEP][PASSED] - Statement - monthText = com.kms.katalon.core.webui.keyword.WebUiBuiltInKeywords.getText(com.kms.katalon.core.testobject.ObjectRepository.findTestObject(ReportsPage/monthText2)): Text of object 'Object Repository/ReportsPage/monthText2' is: 'May 2018'

2018-07-10 19:45:24 - [MESSAGE][PASSED] - Text of object 'Object Repository/ReportsPage/monthText2' is: 'May 2018'

2018-07-10 19:45:24 - [TEST_STEP][PASSED] - Statement - monthTextArray = monthText.split(" "): null

2018-07-10 19:45:24 - [TEST_STEP][PASSED] - Statement - month = monthTextArray[0]: null

2018-07-10 19:45:24 - [TEST_STEP][PASSED] - click: Object: 'Object Repository/ReportsPage/previousDateSelector2' is clicked on

2018-07-10 19:45:24 - [MESSAGE][PASSED] - Object: 'Object Repository/ReportsPage/previousDateSelector2' is clicked on

2018-07-10 19:45:24 - [TEST_STEP][PASSED] - Statement - monthText = com.kms.katalon.core.webui.keyword.WebUiBuiltInKeywords.getText(com.kms.katalon.core.testobject.ObjectRepository.findTestObject(ReportsPage/monthText2)): Text of object 'Object Repository/ReportsPage/monthText2' is: 'April 2018'

2018-07-10 19:45:24 - [MESSAGE][PASSED] - Text of object 'Object Repository/ReportsPage/monthText2' is: 'April 2018'

2018-07-10 19:45:24 - [TEST_STEP][PASSED] - Statement - monthTextArray = monthText.split(" "): null

2018-07-10 19:45:24 - [TEST_STEP][PASSED] - Statement - month = monthTextArray[0]: null

2018-07-10 19:45:24 - [TEST_STEP][PASSED] - click: Object: 'Object Repository/ReportsPage/previousDateSelector2' is clicked on

2018-07-10 19:45:24 - [MESSAGE][PASSED] - Object: 'Object Repository/ReportsPage/previousDateSelector2' is clicked on

2018-07-10 19:45:24 - [TEST_STEP][PASSED] - Statement - monthText = com.kms.katalon.core.webui.keyword.WebUiBuiltInKeywords.getText(com.kms.katalon.core.testobject.ObjectRepository.findTestObject(ReportsPage/monthText2)): Text of object 'Object Repository/ReportsPage/monthText2' is: 'March 2018'

2018-07-10 19:45:24 - [MESSAGE][PASSED] - Text of object 'Object Repository/ReportsPage/monthText2' is: 'March 2018'

2018-07-10 19:45:24 - [TEST_STEP][PASSED] - Statement - monthTextArray = monthText.split(" "): null

2018-07-10 19:45:24 - [TEST_STEP][PASSED] - Statement - month = monthTextArray[0]: null

2018-07-10 19:45:24 - [TEST_STEP][PASSED] - Statement - endDate = CustomKeywords.projectSpecific.Reusability.getTestData("ReportsPage", "EndDate"): projectSpecific.Reusability.getTestData is PASSED

2018-07-10 19:45:24 - [MESSAGE][PASSED] - projectSpecific.Reusability.getTestData is PASSED

2018-07-10 19:45:24 - [TEST_STEP][PASSED] - Statement - toDate = "(//td[text()='" + endDate + "'])[2]": null

2018-07-10 19:45:24 - [TEST_STEP][PASSED] - Statement - println(toDate): null

2018-07-10 19:45:24 - [TEST_STEP][PASSED] - Statement - toDateEle = driver.findElement(org.openqa.selenium.By.xpath(toDate)): null

2018-07-10 19:45:24 - [TEST_STEP][PASSED] - Statement - toDateEle.click(): null

2018-07-10 19:45:24 - [TEST_STEP][PASSED] - delay: Delayed 5 second(s)

2018-07-10 19:45:29 - [MESSAGE][PASSED] - Delayed 5 second(s)

2018-07-10 19:45:29 - [TEST_STEP][PASSED] - Statement - dateAttr = com.kms.katalon.core.webui.keyword.WebUiBuiltInKeywords.getAttribute(com.kms.katalon.core.testobject.ObjectRepository.findTestObject(ReportsPage/selectedDate1), "value"): Attribute 'value' of object 'Object Repository/ReportsPage/selectedDate1' is: '03/14/2018'

2018-07-10 19:45:29 - [MESSAGE][PASSED] - Attribute 'value' of object 'Object Repository/ReportsPage/selectedDate1' is: '03/14/2018'

2018-07-10 19:45:29 - [TEST_STEP][PASSED] - Statement - fromDateValue = CustomKeywords.projectSpecific.Reusability.getTestData("ReportsPage", "toDate"): projectSpecific.Reusability.getTestData is PASSED

2018-07-10 19:45:29 - [MESSAGE][PASSED] - projectSpecific.Reusability.getTestData is PASSED

2018-07-10 19:45:29 - [TEST_STEP][PASSED] - Statement - If (!(dateAttr.equals(fromDateValue))): null

2018-07-10 19:45:29 - [TEST_STEP][PASSED] - Statement - dateAttr = com.kms.katalon.core.webui.keyword.WebUiBuiltInKeywords.getAttribute(com.kms.katalon.core.testobject.ObjectRepository.findTestObject(ReportsPage/selectedDate2), "value"): Attribute 'value' of object 'Object Repository/ReportsPage/selectedDate2' is: '03/14/2018'

2018-07-10 19:45:29 - [MESSAGE][PASSED] - Attribute 'value' of object 'Object Repository/ReportsPage/selectedDate2' is: '03/14/2018'

2018-07-10 19:45:29 - [TEST_STEP][PASSED] - Statement - toDateValue = CustomKeywords.projectSpecific.Reusability.getTestData("ReportsPage", "toDate"): projectSpecific.Reusability.getTestData is PASSED

2018-07-10 19:45:29 - [MESSAGE][PASSED] - projectSpecific.Reusability.getTestData is PASSED

2018-07-10 19:45:29 - [TEST_STEP][PASSED] - Statement - If (!(dateAttr.equals(toDateValue))): null

2018-07-10 19:45:29 - [TEST_STEP][PASSED] - click: Object: 'Object Repository/ReportsPage/generateReport' is clicked on

2018-07-10 19:45:29 - [MESSAGE][PASSED] - Object: 'Object Repository/ReportsPage/generateReport' is clicked on

2018-07-10 19:45:29 - [TEST_STEP][PASSED] - delay: Delayed 15 second(s)

2018-07-10 19:45:44 - [MESSAGE][PASSED] - Delayed 15 second(s)

2018-07-10 19:45:44 - [TEST_STEP][PASSED] - Statement - printTime = CustomKeywords.uiaction.CommonUIActions.getText(com.kms.katalon.core.testobject.ObjectRepository.findTestObject(SummarizedReportPage/printTime)): uiaction.CommonUIActions.getText is PASSED

2018-07-10 19:45:45 - [MESSAGE][PASSED] - uiaction.CommonUIActions.getText is PASSED

2018-07-10 19:45:45 - [TEST_STEP][PASSED] - Statement - cal = java.util.Calendar.getInstance(): null

2018-07-10 19:45:45 - [TEST_STEP][PASSED] - Statement - sdf = new java.text.SimpleDateFormat(hh:mm a): null

2018-07-10 19:45:45 - [TEST_STEP][PASSED] - Statement - currentSystemTime = sdf.format(cal.getTime()): null

2018-07-10 19:45:45 - [TEST_STEP][PASSED] - Statement - out.println(currentSystemTime): null

2018-07-10 19:45:45 - [TEST_STEP][PASSED] - Statement - If (currentSystemTime.contains(printTime)): null

2018-07-10 19:45:45 - [TEST_STEP][PASSED] - Statement - out.println("Print Time is displayed the current local time "): null

2018-07-10 19:45:45 - [TEST_STEP][PASSED] - uiaction.CommonUIActions.click: uiaction.CommonUIActions.click is PASSED

2018-07-10 19:45:48 - [MESSAGE][PASSED] - uiaction.CommonUIActions.click is PASSED

2018-07-10 19:45:48 - [TEST_STEP][PASSED] - Statement - assert TCflag == true: null

2018-07-10 19:45:48 - [TEST_STEP][PASSED] - Start listener action : sampleAfterTestCase: Browser is closed

2018-07-10 19:45:48 - [TEST_STEP][PASSED] - Statement - println(testCaseContext.getTestCaseId()): null

2018-07-10 19:45:48 - [TEST_STEP][PASSED] - Statement - println(testCaseContext.getTestCaseStatus()): null

2018-07-10 19:45:48 - [TEST_STEP][PASSED] - closeBrowser: Browser is closed

2018-07-10 19:45:49 - [MESSAGE][PASSED] - Browser is closed]]></system-out>
         <system-err><![CDATA[]]></system-err>
      </testcase>
      <testcase name="Test Cases/TimeZoneTC/HME-Account_Setting-Timezone-05" classname="Test Cases/TimeZoneTC/HME-Account_Setting-Timezone-05" status="PASSED">
         <system-out><![CDATA[2018-07-10 19:45:49 - [TEST_CASE][PASSED] - Test Cases/TimeZoneTC/HME-Account_Setting-Timezone-05: Browser is closed

2018-07-10 19:45:49 - [TEST_STEP][PASSED] - Start listener action : sampleBeforeTestCase: uiaction.CommonUIActions.deleteAllCookies is PASSED

2018-07-10 19:45:49 - [TEST_STEP][PASSED] - openBrowser: Browser is opened with url: ''

2018-07-10 19:45:51 - [MESSAGE][PASSED] - Browser is opened with url: ''

2018-07-10 19:45:51 - [TEST_STEP][PASSED] - maximizeWindow: Current window maximized

2018-07-10 19:45:52 - [MESSAGE][PASSED] - Current window maximized

2018-07-10 19:45:52 - [TEST_STEP][PASSED] - uiaction.CommonUIActions.deleteAllCookies: uiaction.CommonUIActions.deleteAllCookies is PASSED

2018-07-10 19:45:52 - [MESSAGE][PASSED] - Delete all cookies successfully

2018-07-10 19:45:52 - [MESSAGE][PASSED] - uiaction.CommonUIActions.deleteAllCookies is PASSED

2018-07-10 19:45:53 - [TEST_STEP][PASSED] - Statement - TCflag = true: null

2018-07-10 19:45:53 - [TEST_STEP][PASSED] - Statement - Try: uiaction.CommonUIActions.click is PASSED

2018-07-10 19:45:53 - [TEST_STEP][PASSED] - navigateToUrl: Navigate to 'https://engdev.hmedtcloud.com/?pg=Login' successfully

2018-07-10 19:46:01 - [MESSAGE][PASSED] - Navigate to 'https://engdev.hmedtcloud.com/?pg=Login' successfully

2018-07-10 19:46:01 - [TEST_STEP][PASSED] - delay: Delayed 10 second(s)

2018-07-10 19:46:11 - [MESSAGE][PASSED] - Delayed 10 second(s)

2018-07-10 19:46:11 - [TEST_STEP][PASSED] - projectSpecific.Reusability.login: projectSpecific.Reusability.login is PASSED

2018-07-10 19:46:12 - [MESSAGE][PASSED] - projectSpecific.Reusability.getTestData is PASSED

2018-07-10 19:46:12 - [MESSAGE][PASSED] - projectSpecific.Reusability.getTestData is PASSED

2018-07-10 19:46:12 - [MESSAGE][PASSED] - Text 'selvendrank@nousinfo.com' is set on object 'Object Repository/LoginPage/Username'

2018-07-10 19:46:12 - [MESSAGE][PASSED] - Text 'Nous;123' is set on object 'Object Repository/LoginPage/Password'

2018-07-10 19:46:26 - [MESSAGE][PASSED] - Object: 'Object Repository/LoginPage/Login' is clicked on

2018-07-10 19:46:26 - [MESSAGE][PASSED] - projectSpecific.Reusability.login is PASSED

2018-07-10 19:46:26 - [TEST_STEP][PASSED] - delay: Delayed 10 second(s)

2018-07-10 19:46:36 - [MESSAGE][PASSED] - Delayed 10 second(s)

2018-07-10 19:46:36 - [TEST_STEP][PASSED] - Statement - welcomeMsg = CustomKeywords.uiaction.CommonUIActions.getText(com.kms.katalon.core.testobject.ObjectRepository.findTestObject(HomePage/welcomeMessage)): uiaction.CommonUIActions.getText is PASSED

2018-07-10 19:46:36 - [MESSAGE][PASSED] - uiaction.CommonUIActions.getText is PASSED

2018-07-10 19:46:36 - [TEST_STEP][PASSED] - Statement - expactedWelcomeMsg = CustomKeywords.projectSpecific.Reusability.getTestData("HomePage", "welcomeMsg"): projectSpecific.Reusability.getTestData is PASSED

2018-07-10 19:46:36 - [MESSAGE][PASSED] - projectSpecific.Reusability.getTestData is PASSED

2018-07-10 19:46:36 - [TEST_STEP][PASSED] - Statement - If (welcomeMsg.contains(expactedWelcomeMsg)): null

2018-07-10 19:46:36 - [TEST_STEP][PASSED] - Statement - out.println("Welcome message is verified"): null

2018-07-10 19:46:36 - [TEST_STEP][PASSED] - Statement - driver = com.kms.katalon.core.webui.driver.DriverFactory.getWebDriver(): null

2018-07-10 19:46:36 - [TEST_STEP][PASSED] - uiaction.CommonUIActions.click: uiaction.CommonUIActions.click is PASSED

2018-07-10 19:46:49 - [MESSAGE][PASSED] - uiaction.CommonUIActions.click is PASSED

2018-07-10 19:46:49 - [TEST_STEP][PASSED] - Statement - driver.findElement(org.openqa.selenium.By.xpath("(//div[@class='ctable']/table//tr/td[3][contains(text(),'vijay2')]/../td//span)[1]")).click(): null

2018-07-10 19:46:51 - [TEST_STEP][PASSED] - uiaction.CommonUIActions.click: uiaction.CommonUIActions.click is PASSED

2018-07-10 19:46:52 - [MESSAGE][PASSED] - uiaction.CommonUIActions.click is PASSED

2018-07-10 19:46:52 - [TEST_STEP][PASSED] - uiaction.CommonUIActions.click: uiaction.CommonUIActions.click is PASSED

2018-07-10 19:46:57 - [MESSAGE][PASSED] - uiaction.CommonUIActions.click is PASSED

2018-07-10 19:46:57 - [TEST_STEP][PASSED] - Statement - storeID = CustomKeywords.uiaction.CommonUIActions.getText(com.kms.katalon.core.testobject.ObjectRepository.findTestObject(StorePage/storeID)): uiaction.CommonUIActions.getText is PASSED

2018-07-10 19:46:57 - [MESSAGE][PASSED] - uiaction.CommonUIActions.getText is PASSED

2018-07-10 19:46:57 - [TEST_STEP][PASSED] - Statement - storenumber = storeID.trim(): null

2018-07-10 19:46:57 - [TEST_STEP][PASSED] - Statement - out.println(" the store number is--" + storenumber.trim()): null

2018-07-10 19:46:57 - [TEST_STEP][PASSED] - uiaction.CommonUIActions.click: uiaction.CommonUIActions.click is PASSED

2018-07-10 19:47:01 - [MESSAGE][PASSED] - uiaction.CommonUIActions.click is PASSED

2018-07-10 19:47:01 - [TEST_STEP][PASSED] - delay: Delayed 10 second(s)

2018-07-10 19:47:11 - [MESSAGE][PASSED] - Delayed 10 second(s)

2018-07-10 19:47:11 - [TEST_STEP][PASSED] - Statement - driver.findElement(org.openqa.selenium.By.xpath("//span[contains(text(),'" + storenumber + "')]")).click(): null

2018-07-10 19:47:11 - [TEST_STEP][PASSED] - delay: Delayed 5 second(s)

2018-07-10 19:47:16 - [MESSAGE][PASSED] - Delayed 5 second(s)

2018-07-10 19:47:16 - [TEST_STEP][PASSED] - click: Object: 'Object Repository/ReportsPage/timeSelection' is clicked on

2018-07-10 19:47:16 - [MESSAGE][PASSED] - Object: 'Object Repository/ReportsPage/timeSelection' is clicked on

2018-07-10 19:47:16 - [TEST_STEP][PASSED] - click: Object: 'Object Repository/ReportsPage/daypartTimeOption' is clicked on

2018-07-10 19:47:16 - [MESSAGE][PASSED] - Object: 'Object Repository/ReportsPage/daypartTimeOption' is clicked on

2018-07-10 19:47:17 - [TEST_STEP][PASSED] - click: Object: 'Object Repository/ReportsPage/summaryReportHeading' is clicked on

2018-07-10 19:47:17 - [MESSAGE][PASSED] - Object: 'Object Repository/ReportsPage/summaryReportHeading' is clicked on

2018-07-10 19:47:17 - [TEST_STEP][PASSED] - verifyElementText: Actual text and expected text of test object 'Object Repository/ReportsPage/daypartTimeOption' are matched.

2018-07-10 19:47:17 - [MESSAGE][PASSED] - projectSpecific.Reusability.getTestData is PASSED

2018-07-10 19:47:17 - [MESSAGE][PASSED] - Actual text and expected text of test object 'Object Repository/ReportsPage/daypartTimeOption' are matched.

2018-07-10 19:47:17 - [TEST_STEP][PASSED] - verifyElementText: Actual text and expected text of test object 'Object Repository/ReportsPage/criteriaTimeMeasureFordaypart' are matched.

2018-07-10 19:47:17 - [MESSAGE][PASSED] - projectSpecific.Reusability.getTestData is PASSED

2018-07-10 19:47:17 - [MESSAGE][PASSED] - Actual text and expected text of test object 'Object Repository/ReportsPage/criteriaTimeMeasureFordaypart' are matched.

2018-07-10 19:47:17 - [TEST_STEP][PASSED] - delay: Delayed 5 second(s)

2018-07-10 19:47:22 - [MESSAGE][PASSED] - Delayed 5 second(s)

2018-07-10 19:47:22 - [TEST_STEP][PASSED] - click: Object: 'Object Repository/ReportsPage/fromDateSelector' is clicked on

2018-07-10 19:47:22 - [MESSAGE][PASSED] - Object: 'Object Repository/ReportsPage/fromDateSelector' is clicked on

2018-07-10 19:47:22 - [TEST_STEP][PASSED] - delay: Delayed 5 second(s)

2018-07-10 19:47:27 - [MESSAGE][PASSED] - Delayed 5 second(s)

2018-07-10 19:47:27 - [TEST_STEP][PASSED] - Statement - monthText = com.kms.katalon.core.webui.keyword.WebUiBuiltInKeywords.getText(com.kms.katalon.core.testobject.ObjectRepository.findTestObject(ReportsPage/monthText)): Text of object 'Object Repository/ReportsPage/monthText' is: 'July 2018'

2018-07-10 19:47:27 - [MESSAGE][PASSED] - Text of object 'Object Repository/ReportsPage/monthText' is: 'July 2018'

2018-07-10 19:47:27 - [TEST_STEP][PASSED] - Statement - monthTextArray = monthText.split(" "): null

2018-07-10 19:47:27 - [TEST_STEP][PASSED] - Statement - month = monthTextArray[0]: null

2018-07-10 19:47:27 - [TEST_STEP][PASSED] - Statement - monthTextValue = CustomKeywords.projectSpecific.Reusability.getTestData("ReportsPage", "Month"): projectSpecific.Reusability.getTestData is PASSED

2018-07-10 19:47:27 - [MESSAGE][PASSED] - projectSpecific.Reusability.getTestData is PASSED

2018-07-10 19:47:27 - [TEST_STEP][PASSED] - Statement - If (!(monthTextValue.equals(month))): null

2018-07-10 19:47:27 - [TEST_STEP][PASSED] - Statement - While (!(monthTextValue.equals(month))): null

2018-07-10 19:47:27 - [TEST_STEP][PASSED] - click: Object: 'Object Repository/ReportsPage/previousDateSelector' is clicked on

2018-07-10 19:47:27 - [MESSAGE][PASSED] - Object: 'Object Repository/ReportsPage/previousDateSelector' is clicked on

2018-07-10 19:47:27 - [TEST_STEP][PASSED] - Statement - monthText = com.kms.katalon.core.webui.keyword.WebUiBuiltInKeywords.getText(com.kms.katalon.core.testobject.ObjectRepository.findTestObject(ReportsPage/monthText)): Text of object 'Object Repository/ReportsPage/monthText' is: 'June 2018'

2018-07-10 19:47:27 - [MESSAGE][PASSED] - Text of object 'Object Repository/ReportsPage/monthText' is: 'June 2018'

2018-07-10 19:47:27 - [TEST_STEP][PASSED] - Statement - monthTextArray = monthText.split(" "): null

2018-07-10 19:47:27 - [TEST_STEP][PASSED] - Statement - month = monthTextArray[0]: null

2018-07-10 19:47:27 - [TEST_STEP][PASSED] - click: Object: 'Object Repository/ReportsPage/previousDateSelector' is clicked on

2018-07-10 19:47:27 - [MESSAGE][PASSED] - Object: 'Object Repository/ReportsPage/previousDateSelector' is clicked on

2018-07-10 19:47:27 - [TEST_STEP][PASSED] - Statement - monthText = com.kms.katalon.core.webui.keyword.WebUiBuiltInKeywords.getText(com.kms.katalon.core.testobject.ObjectRepository.findTestObject(ReportsPage/monthText)): Text of object 'Object Repository/ReportsPage/monthText' is: 'May 2018'

2018-07-10 19:47:27 - [MESSAGE][PASSED] - Text of object 'Object Repository/ReportsPage/monthText' is: 'May 2018'

2018-07-10 19:47:27 - [TEST_STEP][PASSED] - Statement - monthTextArray = monthText.split(" "): null

2018-07-10 19:47:27 - [TEST_STEP][PASSED] - Statement - month = monthTextArray[0]: null

2018-07-10 19:47:27 - [TEST_STEP][PASSED] - click: Object: 'Object Repository/ReportsPage/previousDateSelector' is clicked on

2018-07-10 19:47:27 - [MESSAGE][PASSED] - Object: 'Object Repository/ReportsPage/previousDateSelector' is clicked on

2018-07-10 19:47:27 - [TEST_STEP][PASSED] - Statement - monthText = com.kms.katalon.core.webui.keyword.WebUiBuiltInKeywords.getText(com.kms.katalon.core.testobject.ObjectRepository.findTestObject(ReportsPage/monthText)): Text of object 'Object Repository/ReportsPage/monthText' is: 'April 2018'

2018-07-10 19:47:27 - [MESSAGE][PASSED] - Text of object 'Object Repository/ReportsPage/monthText' is: 'April 2018'

2018-07-10 19:47:27 - [TEST_STEP][PASSED] - Statement - monthTextArray = monthText.split(" "): null

2018-07-10 19:47:27 - [TEST_STEP][PASSED] - Statement - month = monthTextArray[0]: null

2018-07-10 19:47:27 - [TEST_STEP][PASSED] - click: Object: 'Object Repository/ReportsPage/previousDateSelector' is clicked on

2018-07-10 19:47:27 - [MESSAGE][PASSED] - Object: 'Object Repository/ReportsPage/previousDateSelector' is clicked on

2018-07-10 19:47:27 - [TEST_STEP][PASSED] - Statement - monthText = com.kms.katalon.core.webui.keyword.WebUiBuiltInKeywords.getText(com.kms.katalon.core.testobject.ObjectRepository.findTestObject(ReportsPage/monthText)): Text of object 'Object Repository/ReportsPage/monthText' is: 'March 2018'

2018-07-10 19:47:27 - [MESSAGE][PASSED] - Text of object 'Object Repository/ReportsPage/monthText' is: 'March 2018'

2018-07-10 19:47:27 - [TEST_STEP][PASSED] - Statement - monthTextArray = monthText.split(" "): null

2018-07-10 19:47:27 - [TEST_STEP][PASSED] - Statement - month = monthTextArray[0]: null

2018-07-10 19:47:27 - [TEST_STEP][PASSED] - Statement - data = CustomKeywords.projectSpecific.Reusability.getTestData("ReportsPage", "StartDate_March3"): projectSpecific.Reusability.getTestData is PASSED

2018-07-10 19:47:27 - [MESSAGE][PASSED] - projectSpecific.Reusability.getTestData is PASSED

2018-07-10 19:47:27 - [TEST_STEP][PASSED] - Statement - startDate = "(//td[text()='" + data + "'])[1]": null

2018-07-10 19:47:27 - [TEST_STEP][PASSED] - Statement - println(startDate): null

2018-07-10 19:47:27 - [TEST_STEP][PASSED] - Statement - startdateEle = driver.findElement(org.openqa.selenium.By.xpath(startDate)): null

2018-07-10 19:47:27 - [TEST_STEP][PASSED] - Statement - startdateEle.click(): null

2018-07-10 19:47:27 - [TEST_STEP][PASSED] - delay: Delayed 5 second(s)

2018-07-10 19:47:32 - [MESSAGE][PASSED] - Delayed 5 second(s)

2018-07-10 19:47:32 - [TEST_STEP][PASSED] - click: Object: 'Object Repository/ReportsPage/toDateSelector' is clicked on

2018-07-10 19:47:32 - [MESSAGE][PASSED] - Object: 'Object Repository/ReportsPage/toDateSelector' is clicked on

2018-07-10 19:47:32 - [TEST_STEP][PASSED] - Statement - monthText = com.kms.katalon.core.webui.keyword.WebUiBuiltInKeywords.getText(com.kms.katalon.core.testobject.ObjectRepository.findTestObject(ReportsPage/monthText2)): Text of object 'Object Repository/ReportsPage/monthText2' is: 'July 2018'

2018-07-10 19:47:32 - [MESSAGE][PASSED] - Text of object 'Object Repository/ReportsPage/monthText2' is: 'July 2018'

2018-07-10 19:47:32 - [TEST_STEP][PASSED] - Statement - monthTextArray = monthText.split(" "): null

2018-07-10 19:47:32 - [TEST_STEP][PASSED] - Statement - month = monthTextArray[0]: null

2018-07-10 19:47:32 - [TEST_STEP][PASSED] - Statement - monthTextValue1 = CustomKeywords.projectSpecific.Reusability.getTestData("ReportsPage", "Month"): projectSpecific.Reusability.getTestData is PASSED

2018-07-10 19:47:32 - [MESSAGE][PASSED] - projectSpecific.Reusability.getTestData is PASSED

2018-07-10 19:47:32 - [TEST_STEP][PASSED] - Statement - If (!(monthTextValue1.equals(month))): null

2018-07-10 19:47:32 - [TEST_STEP][PASSED] - Statement - While (!(monthTextValue1.equals(month))): null

2018-07-10 19:47:32 - [TEST_STEP][PASSED] - click: Object: 'Object Repository/ReportsPage/previousDateSelector2' is clicked on

2018-07-10 19:47:33 - [MESSAGE][PASSED] - Object: 'Object Repository/ReportsPage/previousDateSelector2' is clicked on

2018-07-10 19:47:33 - [TEST_STEP][PASSED] - Statement - monthText = com.kms.katalon.core.webui.keyword.WebUiBuiltInKeywords.getText(com.kms.katalon.core.testobject.ObjectRepository.findTestObject(ReportsPage/monthText2)): Text of object 'Object Repository/ReportsPage/monthText2' is: 'June 2018'

2018-07-10 19:47:33 - [MESSAGE][PASSED] - Text of object 'Object Repository/ReportsPage/monthText2' is: 'June 2018'

2018-07-10 19:47:33 - [TEST_STEP][PASSED] - Statement - monthTextArray = monthText.split(" "): null

2018-07-10 19:47:33 - [TEST_STEP][PASSED] - Statement - month = monthTextArray[0]: null

2018-07-10 19:47:33 - [TEST_STEP][PASSED] - click: Object: 'Object Repository/ReportsPage/previousDateSelector2' is clicked on

2018-07-10 19:47:33 - [MESSAGE][PASSED] - Object: 'Object Repository/ReportsPage/previousDateSelector2' is clicked on

2018-07-10 19:47:33 - [TEST_STEP][PASSED] - Statement - monthText = com.kms.katalon.core.webui.keyword.WebUiBuiltInKeywords.getText(com.kms.katalon.core.testobject.ObjectRepository.findTestObject(ReportsPage/monthText2)): Text of object 'Object Repository/ReportsPage/monthText2' is: 'May 2018'

2018-07-10 19:47:33 - [MESSAGE][PASSED] - Text of object 'Object Repository/ReportsPage/monthText2' is: 'May 2018'

2018-07-10 19:47:33 - [TEST_STEP][PASSED] - Statement - monthTextArray = monthText.split(" "): null

2018-07-10 19:47:33 - [TEST_STEP][PASSED] - Statement - month = monthTextArray[0]: null

2018-07-10 19:47:33 - [TEST_STEP][PASSED] - click: Object: 'Object Repository/ReportsPage/previousDateSelector2' is clicked on

2018-07-10 19:47:33 - [MESSAGE][PASSED] - Object: 'Object Repository/ReportsPage/previousDateSelector2' is clicked on

2018-07-10 19:47:33 - [TEST_STEP][PASSED] - Statement - monthText = com.kms.katalon.core.webui.keyword.WebUiBuiltInKeywords.getText(com.kms.katalon.core.testobject.ObjectRepository.findTestObject(ReportsPage/monthText2)): Text of object 'Object Repository/ReportsPage/monthText2' is: 'April 2018'

2018-07-10 19:47:33 - [MESSAGE][PASSED] - Text of object 'Object Repository/ReportsPage/monthText2' is: 'April 2018'

2018-07-10 19:47:33 - [TEST_STEP][PASSED] - Statement - monthTextArray = monthText.split(" "): null

2018-07-10 19:47:33 - [TEST_STEP][PASSED] - Statement - month = monthTextArray[0]: null

2018-07-10 19:47:33 - [TEST_STEP][PASSED] - click: Object: 'Object Repository/ReportsPage/previousDateSelector2' is clicked on

2018-07-10 19:47:33 - [MESSAGE][PASSED] - Object: 'Object Repository/ReportsPage/previousDateSelector2' is clicked on

2018-07-10 19:47:33 - [TEST_STEP][PASSED] - Statement - monthText = com.kms.katalon.core.webui.keyword.WebUiBuiltInKeywords.getText(com.kms.katalon.core.testobject.ObjectRepository.findTestObject(ReportsPage/monthText2)): Text of object 'Object Repository/ReportsPage/monthText2' is: 'March 2018'

2018-07-10 19:47:33 - [MESSAGE][PASSED] - Text of object 'Object Repository/ReportsPage/monthText2' is: 'March 2018'

2018-07-10 19:47:33 - [TEST_STEP][PASSED] - Statement - monthTextArray = monthText.split(" "): null

2018-07-10 19:47:33 - [TEST_STEP][PASSED] - Statement - month = monthTextArray[0]: null

2018-07-10 19:47:33 - [TEST_STEP][PASSED] - Statement - endDate = CustomKeywords.projectSpecific.Reusability.getTestData("ReportsPage", "EndDate_March3"): projectSpecific.Reusability.getTestData is PASSED

2018-07-10 19:47:33 - [MESSAGE][PASSED] - projectSpecific.Reusability.getTestData is PASSED

2018-07-10 19:47:33 - [TEST_STEP][PASSED] - Statement - toDate = "(//td[text()='" + endDate + "'])[2]": null

2018-07-10 19:47:33 - [TEST_STEP][PASSED] - Statement - println(toDate): null

2018-07-10 19:47:33 - [TEST_STEP][PASSED] - Statement - toDateEle = driver.findElement(org.openqa.selenium.By.xpath(toDate)): null

2018-07-10 19:47:33 - [TEST_STEP][PASSED] - Statement - toDateEle.click(): null

2018-07-10 19:47:33 - [TEST_STEP][PASSED] - delay: Delayed 5 second(s)

2018-07-10 19:47:38 - [MESSAGE][PASSED] - Delayed 5 second(s)

2018-07-10 19:47:38 - [TEST_STEP][PASSED] - Statement - dateAttr = com.kms.katalon.core.webui.keyword.WebUiBuiltInKeywords.getAttribute(com.kms.katalon.core.testobject.ObjectRepository.findTestObject(ReportsPage/selectedDate1), "value"): Attribute 'value' of object 'Object Repository/ReportsPage/selectedDate1' is: '03/15/2018'

2018-07-10 19:47:38 - [MESSAGE][PASSED] - Attribute 'value' of object 'Object Repository/ReportsPage/selectedDate1' is: '03/15/2018'

2018-07-10 19:47:38 - [TEST_STEP][PASSED] - Statement - fromDateValue = CustomKeywords.projectSpecific.Reusability.getTestData("ReportsPage", "fromDate_March3"): projectSpecific.Reusability.getTestData is PASSED

2018-07-10 19:47:38 - [MESSAGE][PASSED] - projectSpecific.Reusability.getTestData is PASSED

2018-07-10 19:47:38 - [TEST_STEP][PASSED] - Statement - If (!(dateAttr.equals(fromDateValue))): null

2018-07-10 19:47:38 - [TEST_STEP][PASSED] - Statement - dateAttr = com.kms.katalon.core.webui.keyword.WebUiBuiltInKeywords.getAttribute(com.kms.katalon.core.testobject.ObjectRepository.findTestObject(ReportsPage/selectedDate2), "value"): Attribute 'value' of object 'Object Repository/ReportsPage/selectedDate2' is: '03/17/2018'

2018-07-10 19:47:38 - [MESSAGE][PASSED] - Attribute 'value' of object 'Object Repository/ReportsPage/selectedDate2' is: '03/17/2018'

2018-07-10 19:47:38 - [TEST_STEP][PASSED] - Statement - toDateValue = CustomKeywords.projectSpecific.Reusability.getTestData("ReportsPage", "toDate_March3"): projectSpecific.Reusability.getTestData is PASSED

2018-07-10 19:47:38 - [MESSAGE][PASSED] - projectSpecific.Reusability.getTestData is PASSED

2018-07-10 19:47:38 - [TEST_STEP][PASSED] - Statement - If (!(dateAttr.equals(toDateValue))): null

2018-07-10 19:47:38 - [TEST_STEP][PASSED] - click: Object: 'Object Repository/ReportsPage/generateReport' is clicked on

2018-07-10 19:47:38 - [MESSAGE][PASSED] - Object: 'Object Repository/ReportsPage/generateReport' is clicked on

2018-07-10 19:47:38 - [TEST_STEP][PASSED] - delay: Delayed 15 second(s)

2018-07-10 19:47:53 - [MESSAGE][PASSED] - Delayed 15 second(s)

2018-07-10 19:47:53 - [TEST_STEP][PASSED] - Statement - printTime = CustomKeywords.uiaction.CommonUIActions.getText(com.kms.katalon.core.testobject.ObjectRepository.findTestObject(SummarizedReportPage/printTime)): uiaction.CommonUIActions.getText is PASSED

2018-07-10 19:47:53 - [MESSAGE][PASSED] - uiaction.CommonUIActions.getText is PASSED

2018-07-10 19:47:53 - [TEST_STEP][PASSED] - Statement - cal = java.util.Calendar.getInstance(): null

2018-07-10 19:47:53 - [TEST_STEP][PASSED] - Statement - sdf = new java.text.SimpleDateFormat(hh:mm a): null

2018-07-10 19:47:53 - [TEST_STEP][PASSED] - Statement - currentSystemTime = sdf.format(cal.getTime()): null

2018-07-10 19:47:53 - [TEST_STEP][PASSED] - Statement - out.println(currentSystemTime): null

2018-07-10 19:47:53 - [TEST_STEP][PASSED] - Statement - If (currentSystemTime.contains(printTime)): null

2018-07-10 19:47:53 - [TEST_STEP][PASSED] - Statement - out.println("Print Time is displayed the current local time "): null

2018-07-10 19:47:53 - [TEST_STEP][PASSED] - delay: Delayed 10 second(s)

2018-07-10 19:48:03 - [MESSAGE][PASSED] - Delayed 10 second(s)

2018-07-10 19:48:03 - [TEST_STEP][PASSED] - uiaction.CommonUIActions.click: uiaction.CommonUIActions.click is PASSED

2018-07-10 19:48:07 - [MESSAGE][PASSED] - uiaction.CommonUIActions.click is PASSED

2018-07-10 19:48:07 - [TEST_STEP][PASSED] - Statement - assert TCflag == true: null

2018-07-10 19:48:07 - [TEST_STEP][PASSED] - Start listener action : sampleAfterTestCase: Browser is closed

2018-07-10 19:48:07 - [TEST_STEP][PASSED] - Statement - println(testCaseContext.getTestCaseId()): null

2018-07-10 19:48:07 - [TEST_STEP][PASSED] - Statement - println(testCaseContext.getTestCaseStatus()): null

2018-07-10 19:48:07 - [TEST_STEP][PASSED] - closeBrowser: Browser is closed

2018-07-10 19:48:07 - [MESSAGE][PASSED] - Browser is closed]]></system-out>
         <system-err><![CDATA[]]></system-err>
      </testcase>
      <testcase name="Test Cases/TimeZoneTC/HME-Account_Setting-Timezone-06" classname="Test Cases/TimeZoneTC/HME-Account_Setting-Timezone-06" status="PASSED">
         <system-out><![CDATA[2018-07-10 19:48:07 - [TEST_CASE][PASSED] - Test Cases/TimeZoneTC/HME-Account_Setting-Timezone-06: Browser is closed

2018-07-10 19:48:07 - [TEST_STEP][PASSED] - Start listener action : sampleBeforeTestCase: uiaction.CommonUIActions.deleteAllCookies is PASSED

2018-07-10 19:48:07 - [TEST_STEP][PASSED] - openBrowser: Browser is opened with url: ''

2018-07-10 19:48:10 - [MESSAGE][PASSED] - Browser is opened with url: ''

2018-07-10 19:48:10 - [TEST_STEP][PASSED] - maximizeWindow: Current window maximized

2018-07-10 19:48:12 - [MESSAGE][PASSED] - Current window maximized

2018-07-10 19:48:12 - [TEST_STEP][PASSED] - uiaction.CommonUIActions.deleteAllCookies: uiaction.CommonUIActions.deleteAllCookies is PASSED

2018-07-10 19:48:12 - [MESSAGE][PASSED] - Delete all cookies successfully

2018-07-10 19:48:12 - [MESSAGE][PASSED] - uiaction.CommonUIActions.deleteAllCookies is PASSED

2018-07-10 19:48:12 - [TEST_STEP][PASSED] - Statement - TCflag = true: null

2018-07-10 19:48:12 - [TEST_STEP][PASSED] - Statement - Try: uiaction.CommonUIActions.click is PASSED

2018-07-10 19:48:12 - [TEST_STEP][PASSED] - navigateToUrl: Navigate to 'https://engdev.hmedtcloud.com/?pg=Login' successfully

2018-07-10 19:48:20 - [MESSAGE][PASSED] - Navigate to 'https://engdev.hmedtcloud.com/?pg=Login' successfully

2018-07-10 19:48:20 - [TEST_STEP][PASSED] - delay: Delayed 10 second(s)

2018-07-10 19:48:30 - [MESSAGE][PASSED] - Delayed 10 second(s)

2018-07-10 19:48:30 - [TEST_STEP][PASSED] - projectSpecific.Reusability.login: projectSpecific.Reusability.login is PASSED

2018-07-10 19:48:30 - [MESSAGE][PASSED] - projectSpecific.Reusability.getTestData is PASSED

2018-07-10 19:48:30 - [MESSAGE][PASSED] - projectSpecific.Reusability.getTestData is PASSED

2018-07-10 19:48:30 - [MESSAGE][PASSED] - Text 'selvendrank@nousinfo.com' is set on object 'Object Repository/LoginPage/Username'

2018-07-10 19:48:30 - [MESSAGE][PASSED] - Text 'Nous;123' is set on object 'Object Repository/LoginPage/Password'

2018-07-10 19:48:43 - [MESSAGE][PASSED] - Object: 'Object Repository/LoginPage/Login' is clicked on

2018-07-10 19:48:43 - [MESSAGE][PASSED] - projectSpecific.Reusability.login is PASSED

2018-07-10 19:48:43 - [TEST_STEP][PASSED] - delay: Delayed 10 second(s)

2018-07-10 19:48:53 - [MESSAGE][PASSED] - Delayed 10 second(s)

2018-07-10 19:48:53 - [TEST_STEP][PASSED] - Statement - welcomeMsg = CustomKeywords.uiaction.CommonUIActions.getText(com.kms.katalon.core.testobject.ObjectRepository.findTestObject(HomePage/welcomeMessage)): uiaction.CommonUIActions.getText is PASSED

2018-07-10 19:48:53 - [MESSAGE][PASSED] - uiaction.CommonUIActions.getText is PASSED

2018-07-10 19:48:53 - [TEST_STEP][PASSED] - Statement - expactedWelcomeMsg = CustomKeywords.projectSpecific.Reusability.getTestData("HomePage", "welcomeMsg"): projectSpecific.Reusability.getTestData is PASSED

2018-07-10 19:48:53 - [MESSAGE][PASSED] - projectSpecific.Reusability.getTestData is PASSED

2018-07-10 19:48:53 - [TEST_STEP][PASSED] - Statement - If (welcomeMsg.contains(expactedWelcomeMsg)): null

2018-07-10 19:48:53 - [TEST_STEP][PASSED] - Statement - out.println("Welcome message is verified"): null

2018-07-10 19:48:53 - [TEST_STEP][PASSED] - Statement - driver = com.kms.katalon.core.webui.driver.DriverFactory.getWebDriver(): null

2018-07-10 19:48:53 - [TEST_STEP][PASSED] - uiaction.CommonUIActions.click: uiaction.CommonUIActions.click is PASSED

2018-07-10 19:49:07 - [MESSAGE][PASSED] - uiaction.CommonUIActions.click is PASSED

2018-07-10 19:49:07 - [TEST_STEP][PASSED] - Statement - driver.findElement(org.openqa.selenium.By.xpath("(//div[@class='ctable']/table//tr/td[3][contains(text(),'vijay2')]/../td//span)[1]")).click(): null

2018-07-10 19:49:09 - [TEST_STEP][PASSED] - uiaction.CommonUIActions.click: uiaction.CommonUIActions.click is PASSED

2018-07-10 19:49:09 - [MESSAGE][PASSED] - uiaction.CommonUIActions.click is PASSED

2018-07-10 19:49:09 - [TEST_STEP][PASSED] - uiaction.CommonUIActions.click: uiaction.CommonUIActions.click is PASSED

2018-07-10 19:49:15 - [MESSAGE][PASSED] - uiaction.CommonUIActions.click is PASSED

2018-07-10 19:49:15 - [TEST_STEP][PASSED] - Statement - storeID = CustomKeywords.uiaction.CommonUIActions.getText(com.kms.katalon.core.testobject.ObjectRepository.findTestObject(StorePage/storeID)): uiaction.CommonUIActions.getText is PASSED

2018-07-10 19:49:15 - [MESSAGE][PASSED] - uiaction.CommonUIActions.getText is PASSED

2018-07-10 19:49:15 - [TEST_STEP][PASSED] - Statement - storenumber = storeID.trim(): null

2018-07-10 19:49:15 - [TEST_STEP][PASSED] - Statement - out.println(" the store number is--" + storenumber.trim()): null

2018-07-10 19:49:15 - [TEST_STEP][PASSED] - uiaction.CommonUIActions.click: uiaction.CommonUIActions.click is PASSED

2018-07-10 19:49:19 - [MESSAGE][PASSED] - uiaction.CommonUIActions.click is PASSED

2018-07-10 19:49:19 - [TEST_STEP][PASSED] - delay: Delayed 15 second(s)

2018-07-10 19:49:34 - [MESSAGE][PASSED] - Delayed 15 second(s)

2018-07-10 19:49:34 - [TEST_STEP][PASSED] - Statement - driver.findElement(org.openqa.selenium.By.xpath("//span[contains(text(),'" + storenumber.trim() + "')]")).click(): null

2018-07-10 19:49:34 - [TEST_STEP][PASSED] - delay: Delayed 5 second(s)

2018-07-10 19:49:39 - [MESSAGE][PASSED] - Delayed 5 second(s)

2018-07-10 19:49:39 - [TEST_STEP][PASSED] - click: Object: 'Object Repository/ReportsPage/timeSelection' is clicked on

2018-07-10 19:49:39 - [MESSAGE][PASSED] - Object: 'Object Repository/ReportsPage/timeSelection' is clicked on

2018-07-10 19:49:39 - [TEST_STEP][PASSED] - click: Object: 'Object Repository/ReportsPage/weekTimeOption' is clicked on

2018-07-10 19:49:39 - [MESSAGE][PASSED] - Object: 'Object Repository/ReportsPage/weekTimeOption' is clicked on

2018-07-10 19:49:39 - [TEST_STEP][PASSED] - click: Object: 'Object Repository/ReportsPage/summaryReportHeading' is clicked on

2018-07-10 19:49:39 - [MESSAGE][PASSED] - Object: 'Object Repository/ReportsPage/summaryReportHeading' is clicked on

2018-07-10 19:49:39 - [TEST_STEP][PASSED] - verifyElementText: Actual text and expected text of test object 'Object Repository/ReportsPage/weekTimeOption' are matched.

2018-07-10 19:49:40 - [MESSAGE][PASSED] - projectSpecific.Reusability.getTestData is PASSED

2018-07-10 19:49:40 - [MESSAGE][PASSED] - Actual text and expected text of test object 'Object Repository/ReportsPage/weekTimeOption' are matched.

2018-07-10 19:49:40 - [TEST_STEP][PASSED] - verifyElementText: Actual text and expected text of test object 'Object Repository/ReportsPage/criteriaTimeMeasure' are matched.

2018-07-10 19:49:40 - [MESSAGE][PASSED] - projectSpecific.Reusability.getTestData is PASSED

2018-07-10 19:49:40 - [MESSAGE][PASSED] - Actual text and expected text of test object 'Object Repository/ReportsPage/criteriaTimeMeasure' are matched.

2018-07-10 19:49:40 - [TEST_STEP][PASSED] - delay: Delayed 5 second(s)

2018-07-10 19:49:45 - [MESSAGE][PASSED] - Delayed 5 second(s)

2018-07-10 19:49:45 - [TEST_STEP][PASSED] - click: Object: 'Object Repository/ReportsPage/fromDateSelector' is clicked on

2018-07-10 19:49:45 - [MESSAGE][PASSED] - Object: 'Object Repository/ReportsPage/fromDateSelector' is clicked on

2018-07-10 19:49:45 - [TEST_STEP][PASSED] - delay: Delayed 5 second(s)

2018-07-10 19:49:50 - [MESSAGE][PASSED] - Delayed 5 second(s)

2018-07-10 19:49:50 - [TEST_STEP][PASSED] - Statement - monthText = com.kms.katalon.core.webui.keyword.WebUiBuiltInKeywords.getText(com.kms.katalon.core.testobject.ObjectRepository.findTestObject(ReportsPage/monthText)): Text of object 'Object Repository/ReportsPage/monthText' is: 'July 2018'

2018-07-10 19:49:50 - [MESSAGE][PASSED] - Text of object 'Object Repository/ReportsPage/monthText' is: 'July 2018'

2018-07-10 19:49:50 - [TEST_STEP][PASSED] - Statement - monthTextArray = monthText.split(" "): null

2018-07-10 19:49:50 - [TEST_STEP][PASSED] - Statement - month = monthTextArray[0]: null

2018-07-10 19:49:50 - [TEST_STEP][PASSED] - Statement - monthTextValue = CustomKeywords.projectSpecific.Reusability.getTestData("ReportsPage", "Month"): projectSpecific.Reusability.getTestData is PASSED

2018-07-10 19:49:50 - [MESSAGE][PASSED] - projectSpecific.Reusability.getTestData is PASSED

2018-07-10 19:49:50 - [TEST_STEP][PASSED] - Statement - If (!(monthTextValue.equals(month))): null

2018-07-10 19:49:50 - [TEST_STEP][PASSED] - Statement - While (!(monthTextValue.equals(month))): null

2018-07-10 19:49:50 - [TEST_STEP][PASSED] - click: Object: 'Object Repository/ReportsPage/previousDateSelector' is clicked on

2018-07-10 19:49:50 - [MESSAGE][PASSED] - Object: 'Object Repository/ReportsPage/previousDateSelector' is clicked on

2018-07-10 19:49:50 - [TEST_STEP][PASSED] - Statement - monthText = com.kms.katalon.core.webui.keyword.WebUiBuiltInKeywords.getText(com.kms.katalon.core.testobject.ObjectRepository.findTestObject(ReportsPage/monthText)): Text of object 'Object Repository/ReportsPage/monthText' is: 'June 2018'

2018-07-10 19:49:50 - [MESSAGE][PASSED] - Text of object 'Object Repository/ReportsPage/monthText' is: 'June 2018'

2018-07-10 19:49:50 - [TEST_STEP][PASSED] - Statement - monthTextArray = monthText.split(" "): null

2018-07-10 19:49:50 - [TEST_STEP][PASSED] - Statement - month = monthTextArray[0]: null

2018-07-10 19:49:50 - [TEST_STEP][PASSED] - click: Object: 'Object Repository/ReportsPage/previousDateSelector' is clicked on

2018-07-10 19:49:50 - [MESSAGE][PASSED] - Object: 'Object Repository/ReportsPage/previousDateSelector' is clicked on

2018-07-10 19:49:50 - [TEST_STEP][PASSED] - Statement - monthText = com.kms.katalon.core.webui.keyword.WebUiBuiltInKeywords.getText(com.kms.katalon.core.testobject.ObjectRepository.findTestObject(ReportsPage/monthText)): Text of object 'Object Repository/ReportsPage/monthText' is: 'May 2018'

2018-07-10 19:49:50 - [MESSAGE][PASSED] - Text of object 'Object Repository/ReportsPage/monthText' is: 'May 2018'

2018-07-10 19:49:50 - [TEST_STEP][PASSED] - Statement - monthTextArray = monthText.split(" "): null

2018-07-10 19:49:50 - [TEST_STEP][PASSED] - Statement - month = monthTextArray[0]: null

2018-07-10 19:49:50 - [TEST_STEP][PASSED] - click: Object: 'Object Repository/ReportsPage/previousDateSelector' is clicked on

2018-07-10 19:49:50 - [MESSAGE][PASSED] - Object: 'Object Repository/ReportsPage/previousDateSelector' is clicked on

2018-07-10 19:49:50 - [TEST_STEP][PASSED] - Statement - monthText = com.kms.katalon.core.webui.keyword.WebUiBuiltInKeywords.getText(com.kms.katalon.core.testobject.ObjectRepository.findTestObject(ReportsPage/monthText)): Text of object 'Object Repository/ReportsPage/monthText' is: 'April 2018'

2018-07-10 19:49:50 - [MESSAGE][PASSED] - Text of object 'Object Repository/ReportsPage/monthText' is: 'April 2018'

2018-07-10 19:49:50 - [TEST_STEP][PASSED] - Statement - monthTextArray = monthText.split(" "): null

2018-07-10 19:49:50 - [TEST_STEP][PASSED] - Statement - month = monthTextArray[0]: null

2018-07-10 19:49:50 - [TEST_STEP][PASSED] - click: Object: 'Object Repository/ReportsPage/previousDateSelector' is clicked on

2018-07-10 19:49:50 - [MESSAGE][PASSED] - Object: 'Object Repository/ReportsPage/previousDateSelector' is clicked on

2018-07-10 19:49:50 - [TEST_STEP][PASSED] - Statement - monthText = com.kms.katalon.core.webui.keyword.WebUiBuiltInKeywords.getText(com.kms.katalon.core.testobject.ObjectRepository.findTestObject(ReportsPage/monthText)): Text of object 'Object Repository/ReportsPage/monthText' is: 'March 2018'

2018-07-10 19:49:50 - [MESSAGE][PASSED] - Text of object 'Object Repository/ReportsPage/monthText' is: 'March 2018'

2018-07-10 19:49:50 - [TEST_STEP][PASSED] - Statement - monthTextArray = monthText.split(" "): null

2018-07-10 19:49:50 - [TEST_STEP][PASSED] - Statement - month = monthTextArray[0]: null

2018-07-10 19:49:50 - [TEST_STEP][PASSED] - Statement - data = CustomKeywords.projectSpecific.Reusability.getTestData("ReportsPage", "StartDate_March2"): projectSpecific.Reusability.getTestData is PASSED

2018-07-10 19:49:50 - [MESSAGE][PASSED] - projectSpecific.Reusability.getTestData is PASSED

2018-07-10 19:49:50 - [TEST_STEP][PASSED] - Statement - startDate = "(//td[text()='" + data + "'])[1]": null

2018-07-10 19:49:50 - [TEST_STEP][PASSED] - Statement - println(startDate): null

2018-07-10 19:49:50 - [TEST_STEP][PASSED] - Statement - startdateEle = driver.findElement(org.openqa.selenium.By.xpath(startDate)): null

2018-07-10 19:49:50 - [TEST_STEP][PASSED] - Statement - startdateEle.click(): null

2018-07-10 19:49:50 - [TEST_STEP][PASSED] - delay: Delayed 5 second(s)

2018-07-10 19:49:55 - [MESSAGE][PASSED] - Delayed 5 second(s)

2018-07-10 19:49:55 - [TEST_STEP][PASSED] - click: Object: 'Object Repository/ReportsPage/toDateSelector' is clicked on

2018-07-10 19:49:55 - [MESSAGE][PASSED] - Object: 'Object Repository/ReportsPage/toDateSelector' is clicked on

2018-07-10 19:49:55 - [TEST_STEP][PASSED] - Statement - monthText = com.kms.katalon.core.webui.keyword.WebUiBuiltInKeywords.getText(com.kms.katalon.core.testobject.ObjectRepository.findTestObject(ReportsPage/monthText2)): Text of object 'Object Repository/ReportsPage/monthText2' is: 'July 2018'

2018-07-10 19:49:55 - [MESSAGE][PASSED] - Text of object 'Object Repository/ReportsPage/monthText2' is: 'July 2018'

2018-07-10 19:49:55 - [TEST_STEP][PASSED] - Statement - monthTextArray = monthText.split(" "): null

2018-07-10 19:49:55 - [TEST_STEP][PASSED] - Statement - month = monthTextArray[0]: null

2018-07-10 19:49:55 - [TEST_STEP][PASSED] - Statement - monthTextValue1 = CustomKeywords.projectSpecific.Reusability.getTestData("ReportsPage", "Month"): projectSpecific.Reusability.getTestData is PASSED

2018-07-10 19:49:55 - [MESSAGE][PASSED] - projectSpecific.Reusability.getTestData is PASSED

2018-07-10 19:49:55 - [TEST_STEP][PASSED] - Statement - If (!(monthTextValue1.equals(month))): null

2018-07-10 19:49:55 - [TEST_STEP][PASSED] - Statement - While (!(monthTextValue1.equals(month))): null

2018-07-10 19:49:55 - [TEST_STEP][PASSED] - click: Object: 'Object Repository/ReportsPage/previousDateSelector2' is clicked on

2018-07-10 19:49:55 - [MESSAGE][PASSED] - Object: 'Object Repository/ReportsPage/previousDateSelector2' is clicked on

2018-07-10 19:49:55 - [TEST_STEP][PASSED] - Statement - monthText = com.kms.katalon.core.webui.keyword.WebUiBuiltInKeywords.getText(com.kms.katalon.core.testobject.ObjectRepository.findTestObject(ReportsPage/monthText2)): Text of object 'Object Repository/ReportsPage/monthText2' is: 'June 2018'

2018-07-10 19:49:56 - [MESSAGE][PASSED] - Text of object 'Object Repository/ReportsPage/monthText2' is: 'June 2018'

2018-07-10 19:49:56 - [TEST_STEP][PASSED] - Statement - monthTextArray = monthText.split(" "): null

2018-07-10 19:49:56 - [TEST_STEP][PASSED] - Statement - month = monthTextArray[0]: null

2018-07-10 19:49:56 - [TEST_STEP][PASSED] - click: Object: 'Object Repository/ReportsPage/previousDateSelector2' is clicked on

2018-07-10 19:49:56 - [MESSAGE][PASSED] - Object: 'Object Repository/ReportsPage/previousDateSelector2' is clicked on

2018-07-10 19:49:56 - [TEST_STEP][PASSED] - Statement - monthText = com.kms.katalon.core.webui.keyword.WebUiBuiltInKeywords.getText(com.kms.katalon.core.testobject.ObjectRepository.findTestObject(ReportsPage/monthText2)): Text of object 'Object Repository/ReportsPage/monthText2' is: 'May 2018'

2018-07-10 19:49:56 - [MESSAGE][PASSED] - Text of object 'Object Repository/ReportsPage/monthText2' is: 'May 2018'

2018-07-10 19:49:56 - [TEST_STEP][PASSED] - Statement - monthTextArray = monthText.split(" "): null

2018-07-10 19:49:56 - [TEST_STEP][PASSED] - Statement - month = monthTextArray[0]: null

2018-07-10 19:49:56 - [TEST_STEP][PASSED] - click: Object: 'Object Repository/ReportsPage/previousDateSelector2' is clicked on

2018-07-10 19:49:56 - [MESSAGE][PASSED] - Object: 'Object Repository/ReportsPage/previousDateSelector2' is clicked on

2018-07-10 19:49:56 - [TEST_STEP][PASSED] - Statement - monthText = com.kms.katalon.core.webui.keyword.WebUiBuiltInKeywords.getText(com.kms.katalon.core.testobject.ObjectRepository.findTestObject(ReportsPage/monthText2)): Text of object 'Object Repository/ReportsPage/monthText2' is: 'April 2018'

2018-07-10 19:49:56 - [MESSAGE][PASSED] - Text of object 'Object Repository/ReportsPage/monthText2' is: 'April 2018'

2018-07-10 19:49:56 - [TEST_STEP][PASSED] - Statement - monthTextArray = monthText.split(" "): null

2018-07-10 19:49:56 - [TEST_STEP][PASSED] - Statement - month = monthTextArray[0]: null

2018-07-10 19:49:56 - [TEST_STEP][PASSED] - click: Object: 'Object Repository/ReportsPage/previousDateSelector2' is clicked on

2018-07-10 19:49:56 - [MESSAGE][PASSED] - Object: 'Object Repository/ReportsPage/previousDateSelector2' is clicked on

2018-07-10 19:49:56 - [TEST_STEP][PASSED] - Statement - monthText = com.kms.katalon.core.webui.keyword.WebUiBuiltInKeywords.getText(com.kms.katalon.core.testobject.ObjectRepository.findTestObject(ReportsPage/monthText2)): Text of object 'Object Repository/ReportsPage/monthText2' is: 'March 2018'

2018-07-10 19:49:56 - [MESSAGE][PASSED] - Text of object 'Object Repository/ReportsPage/monthText2' is: 'March 2018'

2018-07-10 19:49:56 - [TEST_STEP][PASSED] - Statement - monthTextArray = monthText.split(" "): null

2018-07-10 19:49:56 - [TEST_STEP][PASSED] - Statement - month = monthTextArray[0]: null

2018-07-10 19:49:56 - [TEST_STEP][PASSED] - Statement - endDate = CustomKeywords.projectSpecific.Reusability.getTestData("ReportsPage", "EndDate_March2"): projectSpecific.Reusability.getTestData is PASSED

2018-07-10 19:49:56 - [MESSAGE][PASSED] - projectSpecific.Reusability.getTestData is PASSED

2018-07-10 19:49:56 - [TEST_STEP][PASSED] - Statement - toDate = "(//td[text()='" + endDate + "'])[2]": null

2018-07-10 19:49:56 - [TEST_STEP][PASSED] - Statement - println(toDate): null

2018-07-10 19:49:56 - [TEST_STEP][PASSED] - Statement - toDateEle = driver.findElement(org.openqa.selenium.By.xpath(toDate)): null

2018-07-10 19:49:56 - [TEST_STEP][PASSED] - Statement - toDateEle.click(): null

2018-07-10 19:49:56 - [TEST_STEP][PASSED] - delay: Delayed 5 second(s)

2018-07-10 19:50:01 - [MESSAGE][PASSED] - Delayed 5 second(s)

2018-07-10 19:50:01 - [TEST_STEP][PASSED] - Statement - dateAttr = com.kms.katalon.core.webui.keyword.WebUiBuiltInKeywords.getAttribute(com.kms.katalon.core.testobject.ObjectRepository.findTestObject(ReportsPage/selectedDate1), "value"): Attribute 'value' of object 'Object Repository/ReportsPage/selectedDate1' is: '03/13/2018'

2018-07-10 19:50:01 - [MESSAGE][PASSED] - Attribute 'value' of object 'Object Repository/ReportsPage/selectedDate1' is: '03/13/2018'

2018-07-10 19:50:01 - [TEST_STEP][PASSED] - Statement - fromDateValue = CustomKeywords.projectSpecific.Reusability.getTestData("ReportsPage", "fromDate_March2"): projectSpecific.Reusability.getTestData is PASSED

2018-07-10 19:50:01 - [MESSAGE][PASSED] - projectSpecific.Reusability.getTestData is PASSED

2018-07-10 19:50:01 - [TEST_STEP][PASSED] - Statement - If (!(dateAttr.equals(fromDateValue))): null

2018-07-10 19:50:01 - [TEST_STEP][PASSED] - Statement - dateAttr = com.kms.katalon.core.webui.keyword.WebUiBuiltInKeywords.getAttribute(com.kms.katalon.core.testobject.ObjectRepository.findTestObject(ReportsPage/selectedDate2), "value"): Attribute 'value' of object 'Object Repository/ReportsPage/selectedDate2' is: '03/16/2018'

2018-07-10 19:50:01 - [MESSAGE][PASSED] - Attribute 'value' of object 'Object Repository/ReportsPage/selectedDate2' is: '03/16/2018'

2018-07-10 19:50:01 - [TEST_STEP][PASSED] - Statement - toDateValue = CustomKeywords.projectSpecific.Reusability.getTestData("ReportsPage", "toDate_March2"): projectSpecific.Reusability.getTestData is PASSED

2018-07-10 19:50:01 - [MESSAGE][PASSED] - projectSpecific.Reusability.getTestData is PASSED

2018-07-10 19:50:01 - [TEST_STEP][PASSED] - Statement - If (!(dateAttr.equals(toDateValue))): null

2018-07-10 19:50:01 - [TEST_STEP][PASSED] - click: Object: 'Object Repository/ReportsPage/generateReport' is clicked on

2018-07-10 19:50:01 - [MESSAGE][PASSED] - Object: 'Object Repository/ReportsPage/generateReport' is clicked on

2018-07-10 19:50:01 - [TEST_STEP][PASSED] - delay: Delayed 15 second(s)

2018-07-10 19:50:16 - [MESSAGE][PASSED] - Delayed 15 second(s)

2018-07-10 19:50:16 - [TEST_STEP][PASSED] - Statement - printTime = CustomKeywords.uiaction.CommonUIActions.getText(com.kms.katalon.core.testobject.ObjectRepository.findTestObject(SummarizedReportPage/printTime)): uiaction.CommonUIActions.getText is PASSED

2018-07-10 19:50:16 - [MESSAGE][PASSED] - uiaction.CommonUIActions.getText is PASSED

2018-07-10 19:50:16 - [TEST_STEP][PASSED] - Statement - cal = java.util.Calendar.getInstance(): null

2018-07-10 19:50:16 - [TEST_STEP][PASSED] - Statement - sdf = new java.text.SimpleDateFormat(hh:mm a): null

2018-07-10 19:50:16 - [TEST_STEP][PASSED] - Statement - currentSystemTime = sdf.format(cal.getTime()): null

2018-07-10 19:50:16 - [TEST_STEP][PASSED] - Statement - out.println(currentSystemTime): null

2018-07-10 19:50:16 - [TEST_STEP][PASSED] - Statement - If (currentSystemTime.contains(printTime)): null

2018-07-10 19:50:16 - [TEST_STEP][PASSED] - Statement - out.println("Print Time is displayed the current local time "): null

2018-07-10 19:50:16 - [TEST_STEP][PASSED] - delay: Delayed 5 second(s)

2018-07-10 19:50:21 - [MESSAGE][PASSED] - Delayed 5 second(s)

2018-07-10 19:50:21 - [TEST_STEP][PASSED] - uiaction.CommonUIActions.click: uiaction.CommonUIActions.click is PASSED

2018-07-10 19:50:25 - [MESSAGE][PASSED] - uiaction.CommonUIActions.click is PASSED

2018-07-10 19:50:25 - [TEST_STEP][PASSED] - Statement - assert TCflag == true: null

2018-07-10 19:50:25 - [TEST_STEP][PASSED] - Start listener action : sampleAfterTestCase: Browser is closed

2018-07-10 19:50:25 - [TEST_STEP][PASSED] - Statement - println(testCaseContext.getTestCaseId()): null

2018-07-10 19:50:25 - [TEST_STEP][PASSED] - Statement - println(testCaseContext.getTestCaseStatus()): null

2018-07-10 19:50:25 - [TEST_STEP][PASSED] - closeBrowser: Browser is closed

2018-07-10 19:50:26 - [MESSAGE][PASSED] - Browser is closed]]></system-out>
         <system-err><![CDATA[]]></system-err>
      </testcase>
      <testcase name="Test Cases/TimeZoneTC/HME-Browser-Timezone-01" classname="Test Cases/TimeZoneTC/HME-Browser-Timezone-01" status="PASSED">
         <system-out><![CDATA[2018-07-10 19:50:26 - [TEST_CASE][PASSED] - Test Cases/TimeZoneTC/HME-Browser-Timezone-01: Browser is closed

2018-07-10 19:50:26 - [TEST_STEP][PASSED] - Start listener action : sampleBeforeTestCase: uiaction.CommonUIActions.deleteAllCookies is PASSED

2018-07-10 19:50:26 - [TEST_STEP][PASSED] - openBrowser: Browser is opened with url: ''

2018-07-10 19:50:28 - [MESSAGE][PASSED] - Browser is opened with url: ''

2018-07-10 19:50:28 - [TEST_STEP][PASSED] - maximizeWindow: Current window maximized

2018-07-10 19:50:30 - [MESSAGE][PASSED] - Current window maximized

2018-07-10 19:50:30 - [TEST_STEP][PASSED] - uiaction.CommonUIActions.deleteAllCookies: uiaction.CommonUIActions.deleteAllCookies is PASSED

2018-07-10 19:50:30 - [MESSAGE][PASSED] - Delete all cookies successfully

2018-07-10 19:50:30 - [MESSAGE][PASSED] - uiaction.CommonUIActions.deleteAllCookies is PASSED

2018-07-10 19:50:30 - [TEST_STEP][PASSED] - Statement - TCflag = true: null

2018-07-10 19:50:30 - [TEST_STEP][PASSED] - Statement - Try: uiaction.CommonUIActions.click is PASSED

2018-07-10 19:50:30 - [TEST_STEP][PASSED] - navigateToUrl: Navigate to 'https://engdev.hmedtcloud.com/?pg=Login' successfully

2018-07-10 19:50:39 - [MESSAGE][PASSED] - Navigate to 'https://engdev.hmedtcloud.com/?pg=Login' successfully

2018-07-10 19:50:39 - [TEST_STEP][PASSED] - projectSpecific.Reusability.login: projectSpecific.Reusability.login is PASSED

2018-07-10 19:50:39 - [MESSAGE][PASSED] - projectSpecific.Reusability.getTestData is PASSED

2018-07-10 19:50:39 - [MESSAGE][PASSED] - projectSpecific.Reusability.getTestData is PASSED

2018-07-10 19:50:39 - [MESSAGE][PASSED] - Text 'selvendrank@nousinfo.com' is set on object 'Object Repository/LoginPage/Username'

2018-07-10 19:50:39 - [MESSAGE][PASSED] - Text 'Nous;123' is set on object 'Object Repository/LoginPage/Password'

2018-07-10 19:50:52 - [MESSAGE][PASSED] - Object: 'Object Repository/LoginPage/Login' is clicked on

2018-07-10 19:50:52 - [MESSAGE][PASSED] - projectSpecific.Reusability.login is PASSED

2018-07-10 19:50:52 - [TEST_STEP][PASSED] - delay: Delayed 10 second(s)

2018-07-10 19:51:02 - [MESSAGE][PASSED] - Delayed 10 second(s)

2018-07-10 19:51:02 - [TEST_STEP][PASSED] - Statement - welcomeMsg = CustomKeywords.uiaction.CommonUIActions.getText(com.kms.katalon.core.testobject.ObjectRepository.findTestObject(HomePage/welcomeMessage)): uiaction.CommonUIActions.getText is PASSED

2018-07-10 19:51:02 - [MESSAGE][PASSED] - uiaction.CommonUIActions.getText is PASSED

2018-07-10 19:51:02 - [TEST_STEP][PASSED] - Statement - expactedWelcomeMsg = CustomKeywords.projectSpecific.Reusability.getTestData("HomePage", "welcomeMsg"): projectSpecific.Reusability.getTestData is PASSED

2018-07-10 19:51:02 - [MESSAGE][PASSED] - projectSpecific.Reusability.getTestData is PASSED

2018-07-10 19:51:02 - [TEST_STEP][PASSED] - Statement - If (welcomeMsg.contains(expactedWelcomeMsg)): null

2018-07-10 19:51:02 - [TEST_STEP][PASSED] - Statement - out.println("Welcome message is verified"): null

2018-07-10 19:51:02 - [TEST_STEP][PASSED] - Statement - driver = com.kms.katalon.core.webui.driver.DriverFactory.getWebDriver(): null

2018-07-10 19:51:02 - [TEST_STEP][PASSED] - uiaction.CommonUIActions.click: uiaction.CommonUIActions.click is PASSED

2018-07-10 19:51:14 - [MESSAGE][PASSED] - uiaction.CommonUIActions.click is PASSED

2018-07-10 19:51:14 - [TEST_STEP][PASSED] - Statement - driver.findElement(org.openqa.selenium.By.xpath("(//div[@class='ctable']/table//tr/td[3][contains(text(),'vijay2')]/../td//span)[1]")).click(): null

2018-07-10 19:51:16 - [TEST_STEP][PASSED] - uiaction.CommonUIActions.click: uiaction.CommonUIActions.click is PASSED

2018-07-10 19:51:16 - [MESSAGE][PASSED] - uiaction.CommonUIActions.click is PASSED

2018-07-10 19:51:16 - [TEST_STEP][PASSED] - uiaction.CommonUIActions.click: uiaction.CommonUIActions.click is PASSED

2018-07-10 19:51:22 - [MESSAGE][PASSED] - uiaction.CommonUIActions.click is PASSED

2018-07-10 19:51:22 - [TEST_STEP][PASSED] - Statement - storenumber = CustomKeywords.uiaction.CommonUIActions.getText(com.kms.katalon.core.testobject.ObjectRepository.findTestObject(StorePage/storeID)): uiaction.CommonUIActions.getText is PASSED

2018-07-10 19:51:22 - [MESSAGE][PASSED] - uiaction.CommonUIActions.getText is PASSED

2018-07-10 19:51:22 - [TEST_STEP][PASSED] - Statement - out.println(" the store number is--" + storenumber.trim()): null

2018-07-10 19:51:22 - [TEST_STEP][PASSED] - uiaction.CommonUIActions.click: uiaction.CommonUIActions.click is PASSED

2018-07-10 19:51:26 - [MESSAGE][PASSED] - uiaction.CommonUIActions.click is PASSED

2018-07-10 19:51:26 - [TEST_STEP][PASSED] - delay: Delayed 10 second(s)

2018-07-10 19:51:36 - [MESSAGE][PASSED] - Delayed 10 second(s)

2018-07-10 19:51:36 - [TEST_STEP][PASSED] - Statement - driver.findElement(org.openqa.selenium.By.xpath("//span[contains(text(),'" + storenumber.trim() + "')]")).click(): null

2018-07-10 19:51:36 - [TEST_STEP][PASSED] - click: Object: 'Object Repository/ReportsPage/timeSelection' is clicked on

2018-07-10 19:51:36 - [MESSAGE][PASSED] - Object: 'Object Repository/ReportsPage/timeSelection' is clicked on

2018-07-10 19:51:36 - [TEST_STEP][PASSED] - click: Object: 'Object Repository/ReportsPage/dayTimeOption' is clicked on

2018-07-10 19:51:36 - [MESSAGE][PASSED] - Object: 'Object Repository/ReportsPage/dayTimeOption' is clicked on

2018-07-10 19:51:36 - [TEST_STEP][PASSED] - click: Object: 'Object Repository/ReportsPage/summaryReportHeading' is clicked on

2018-07-10 19:51:36 - [MESSAGE][PASSED] - Object: 'Object Repository/ReportsPage/summaryReportHeading' is clicked on

2018-07-10 19:51:36 - [TEST_STEP][PASSED] - verifyElementText: Actual text and expected text of test object 'Object Repository/ReportsPage/dayTimeOption' are matched.

2018-07-10 19:51:36 - [MESSAGE][PASSED] - projectSpecific.Reusability.getTestData is PASSED

2018-07-10 19:51:36 - [MESSAGE][PASSED] - Actual text and expected text of test object 'Object Repository/ReportsPage/dayTimeOption' are matched.

2018-07-10 19:51:36 - [TEST_STEP][PASSED] - verifyElementText: Actual text and expected text of test object 'Object Repository/ReportsPage/criteriaTimeMeasureForDay' are matched.

2018-07-10 19:51:36 - [MESSAGE][PASSED] - projectSpecific.Reusability.getTestData is PASSED

2018-07-10 19:51:36 - [MESSAGE][PASSED] - Actual text and expected text of test object 'Object Repository/ReportsPage/criteriaTimeMeasureForDay' are matched.

2018-07-10 19:51:36 - [TEST_STEP][PASSED] - delay: Delayed 5 second(s)

2018-07-10 19:51:41 - [MESSAGE][PASSED] - Delayed 5 second(s)

2018-07-10 19:51:41 - [TEST_STEP][PASSED] - click: Object: 'Object Repository/ReportsPage/fromDateSelector' is clicked on

2018-07-10 19:51:41 - [MESSAGE][PASSED] - Object: 'Object Repository/ReportsPage/fromDateSelector' is clicked on

2018-07-10 19:51:41 - [TEST_STEP][PASSED] - delay: Delayed 5 second(s)

2018-07-10 19:51:46 - [MESSAGE][PASSED] - Delayed 5 second(s)

2018-07-10 19:51:46 - [TEST_STEP][PASSED] - Statement - monthText = com.kms.katalon.core.webui.keyword.WebUiBuiltInKeywords.getText(com.kms.katalon.core.testobject.ObjectRepository.findTestObject(ReportsPage/monthText)): Text of object 'Object Repository/ReportsPage/monthText' is: 'July 2018'

2018-07-10 19:51:46 - [MESSAGE][PASSED] - Text of object 'Object Repository/ReportsPage/monthText' is: 'July 2018'

2018-07-10 19:51:46 - [TEST_STEP][PASSED] - Statement - monthTextArray = monthText.split(" "): null

2018-07-10 19:51:46 - [TEST_STEP][PASSED] - Statement - month = monthTextArray[0]: null

2018-07-10 19:51:46 - [TEST_STEP][PASSED] - Statement - monthTextValue = CustomKeywords.projectSpecific.Reusability.getTestData("ReportsPage", "Month"): projectSpecific.Reusability.getTestData is PASSED

2018-07-10 19:51:46 - [MESSAGE][PASSED] - projectSpecific.Reusability.getTestData is PASSED

2018-07-10 19:51:46 - [TEST_STEP][PASSED] - Statement - If (!(monthTextValue.equals(month))): null

2018-07-10 19:51:46 - [TEST_STEP][PASSED] - Statement - While (!(monthTextValue.equals(month))): null

2018-07-10 19:51:46 - [TEST_STEP][PASSED] - click: Object: 'Object Repository/ReportsPage/previousDateSelector' is clicked on

2018-07-10 19:51:46 - [MESSAGE][PASSED] - Object: 'Object Repository/ReportsPage/previousDateSelector' is clicked on

2018-07-10 19:51:46 - [TEST_STEP][PASSED] - Statement - monthText = com.kms.katalon.core.webui.keyword.WebUiBuiltInKeywords.getText(com.kms.katalon.core.testobject.ObjectRepository.findTestObject(ReportsPage/monthText)): Text of object 'Object Repository/ReportsPage/monthText' is: 'June 2018'

2018-07-10 19:51:46 - [MESSAGE][PASSED] - Text of object 'Object Repository/ReportsPage/monthText' is: 'June 2018'

2018-07-10 19:51:46 - [TEST_STEP][PASSED] - Statement - monthTextArray = monthText.split(" "): null

2018-07-10 19:51:46 - [TEST_STEP][PASSED] - Statement - month = monthTextArray[0]: null

2018-07-10 19:51:46 - [TEST_STEP][PASSED] - click: Object: 'Object Repository/ReportsPage/previousDateSelector' is clicked on

2018-07-10 19:51:46 - [MESSAGE][PASSED] - Object: 'Object Repository/ReportsPage/previousDateSelector' is clicked on

2018-07-10 19:51:46 - [TEST_STEP][PASSED] - Statement - monthText = com.kms.katalon.core.webui.keyword.WebUiBuiltInKeywords.getText(com.kms.katalon.core.testobject.ObjectRepository.findTestObject(ReportsPage/monthText)): Text of object 'Object Repository/ReportsPage/monthText' is: 'May 2018'

2018-07-10 19:51:46 - [MESSAGE][PASSED] - Text of object 'Object Repository/ReportsPage/monthText' is: 'May 2018'

2018-07-10 19:51:46 - [TEST_STEP][PASSED] - Statement - monthTextArray = monthText.split(" "): null

2018-07-10 19:51:46 - [TEST_STEP][PASSED] - Statement - month = monthTextArray[0]: null

2018-07-10 19:51:46 - [TEST_STEP][PASSED] - click: Object: 'Object Repository/ReportsPage/previousDateSelector' is clicked on

2018-07-10 19:51:46 - [MESSAGE][PASSED] - Object: 'Object Repository/ReportsPage/previousDateSelector' is clicked on

2018-07-10 19:51:46 - [TEST_STEP][PASSED] - Statement - monthText = com.kms.katalon.core.webui.keyword.WebUiBuiltInKeywords.getText(com.kms.katalon.core.testobject.ObjectRepository.findTestObject(ReportsPage/monthText)): Text of object 'Object Repository/ReportsPage/monthText' is: 'April 2018'

2018-07-10 19:51:46 - [MESSAGE][PASSED] - Text of object 'Object Repository/ReportsPage/monthText' is: 'April 2018'

2018-07-10 19:51:46 - [TEST_STEP][PASSED] - Statement - monthTextArray = monthText.split(" "): null

2018-07-10 19:51:46 - [TEST_STEP][PASSED] - Statement - month = monthTextArray[0]: null

2018-07-10 19:51:46 - [TEST_STEP][PASSED] - click: Object: 'Object Repository/ReportsPage/previousDateSelector' is clicked on

[...]

2018-07-10 21:50:47 - [TEST_STEP][PASSED] - Statement - store_count = 0: null

2018-07-10 21:50:47 - [TEST_STEP][PASSED] - uiaction.CommonUIActions.click: uiaction.CommonUIActions.click is PASSED

2018-07-10 21:50:59 - [MESSAGE][PASSED] - uiaction.CommonUIActions.click is PASSED

2018-07-10 21:50:59 - [TEST_STEP][PASSED] - uiaction.CommonUIActions.click: uiaction.CommonUIActions.click is PASSED

2018-07-10 21:51:02 - [MESSAGE][PASSED] - uiaction.CommonUIActions.click is PASSED

2018-07-10 21:51:02 - [TEST_STEP][PASSED] - uiaction.CommonUIActions.click: uiaction.CommonUIActions.click is PASSED

2018-07-10 21:51:03 - [MESSAGE][PASSED] - uiaction.CommonUIActions.click is PASSED

2018-07-10 21:51:03 - [TEST_STEP][PASSED] - uiaction.CommonUIActions.enter: uiaction.CommonUIActions.enter is PASSED

2018-07-10 21:51:03 - [MESSAGE][PASSED] - projectSpecific.Reusability.getTestData is PASSED

2018-07-10 21:51:03 - [MESSAGE][PASSED] - uiaction.CommonUIActions.enter is PASSED

2018-07-10 21:51:03 - [TEST_STEP][PASSED] - uiaction.CommonUIActions.enter: uiaction.CommonUIActions.enter is PASSED

2018-07-10 21:51:03 - [MESSAGE][PASSED] - projectSpecific.Reusability.getTestData is PASSED

2018-07-10 21:51:03 - [MESSAGE][PASSED] - uiaction.CommonUIActions.enter is PASSED

2018-07-10 21:51:03 - [TEST_STEP][PASSED] - delay: Delayed 10 second(s)

2018-07-10 21:51:13 - [MESSAGE][PASSED] - Delayed 10 second(s)

2018-07-10 21:51:13 - [TEST_STEP][PASSED] - Statement - driver = com.kms.katalon.core.webui.driver.DriverFactory.getWebDriver(): null

2018-07-10 21:51:13 - [TEST_STEP][PASSED] - Statement - grouplist = driver.findElements(org.openqa.selenium.By.xpath("//ul[@class='unlinked-grouplist']/li")): null

2018-07-10 21:51:13 - [TEST_STEP][PASSED] - delay: Delayed 10 second(s)

2018-07-10 21:51:23 - [MESSAGE][PASSED] - Delayed 10 second(s)

2018-07-10 21:51:23 - [TEST_STEP][PASSED] - Statement - cnt = 0: null

2018-07-10 21:51:23 - [TEST_STEP][PASSED] - Statement - For ([i = 0, i < grouplist.size(), (i++)]): null

2018-07-10 21:51:23 - [TEST_STEP][PASSED] - Statement - println(grouplist.get(i).getText()): null

2018-07-10 21:51:23 - [TEST_STEP][PASSED] - Statement - If (grouplist.get(i).getText().contains("00")): null

2018-07-10 21:51:23 - [TEST_STEP][PASSED] - Statement - If (cnt > 100): null

2018-07-10 21:51:23 - [TEST_STEP][PASSED] - Statement - println(grouplist.get(i).getText()): null

2018-07-10 21:51:23 - [TEST_STEP][PASSED] - Statement - If (grouplist.get(i).getText().contains("00")): null

2018-07-10 21:51:23 - [TEST_STEP][PASSED] - Statement - If (cnt > 100): null

2018-07-10 21:51:23 - [TEST_STEP][PASSED] - Statement - println(grouplist.get(i).getText()): null

2018-07-10 21:51:23 - [TEST_STEP][PASSED] - Statement - If (grouplist.get(i).getText().contains("00")): null

2018-07-10 21:51:23 - [TEST_STEP][PASSED] - Statement - If (cnt > 100): null

2018-07-10 21:51:23 - [TEST_STEP][PASSED] - Statement - println(grouplist.get(i).getText()): null

2018-07-10 21:51:23 - [TEST_STEP][PASSED] - Statement - If (grouplist.get(i).getText().contains("00")): null

2018-07-10 21:51:23 - [TEST_STEP][PASSED] - Statement - If (cnt > 100): null

2018-07-10 21:51:23 - [TEST_STEP][PASSED] - Statement - println(grouplist.get(i).getText()): null

2018-07-10 21:51:23 - [TEST_STEP][PASSED] - Statement - If (grouplist.get(i).getText().contains("00")): null

2018-07-10 21:51:23 - [TEST_STEP][PASSED] - Statement - If (cnt > 100): null

2018-07-10 21:51:23 - [TEST_STEP][PASSED] - Statement - println(grouplist.get(i).getText()): null

2018-07-10 21:51:23 - [TEST_STEP][PASSED] - Statement - If (grouplist.get(i).getText().contains("00")): null

2018-07-10 21:51:23 - [TEST_STEP][PASSED] - Statement - If (cnt > 100): null

2018-07-10 21:51:23 - [TEST_STEP][PASSED] - Statement - println(grouplist.get(i).getText()): null

2018-07-10 21:51:23 - [TEST_STEP][PASSED] - Statement - If (grouplist.get(i).getText().contains("00")): null

2018-07-10 21:51:23 - [TEST_STEP][PASSED] - Statement - If (cnt > 100): null

2018-07-10 21:51:23 - [TEST_STEP][PASSED] - Statement - println(grouplist.get(i).getText()): null

2018-07-10 21:51:23 - [TEST_STEP][PASSED] - Statement - If (grouplist.get(i).getText().contains("00")): null

2018-07-10 21:51:23 - [TEST_STEP][PASSED] - Statement - If (cnt > 100): null

2018-07-10 21:51:23 - [TEST_STEP][PASSED] - Statement - println(grouplist.get(i).getText()): null

2018-07-10 21:51:23 - [TEST_STEP][PASSED] - Statement - If (grouplist.get(i).getText().contains("00")): null

2018-07-10 21:51:23 - [TEST_STEP][PASSED] - Statement - If (cnt > 100): null

2018-07-10 21:51:23 - [TEST_STEP][PASSED] - Statement - println(grouplist.get(i).getText()): null

2018-07-10 21:51:23 - [TEST_STEP][PASSED] - Statement - If (grouplist.get(i).getText().contains("00")): null

2018-07-10 21:51:23 - [TEST_STEP][PASSED] - Statement - If (cnt > 100): null

2018-07-10 21:51:23 - [TEST_STEP][PASSED] - Statement - driver.findElement(org.openqa.selenium.By.xpath("//button[contains(text(),'>')]")).click(): null

2018-07-10 21:51:23 - [TEST_STEP][PASSED] - delay: Delayed 10 second(s)

2018-07-10 21:51:33 - [MESSAGE][PASSED] - Delayed 10 second(s)

2018-07-10 21:51:33 - [TEST_STEP][PASSED] - uiaction.CommonUIActions.click: uiaction.CommonUIActions.click is PASSED

2018-07-10 21:51:33 - [MESSAGE][PASSED] - uiaction.CommonUIActions.click is PASSED

2018-07-10 21:51:33 - [TEST_STEP][PASSED] - delay: Delayed 5 second(s)

2018-07-10 21:51:38 - [MESSAGE][PASSED] - Delayed 5 second(s)

2018-07-10 21:51:38 - [TEST_STEP][PASSED] - uiaction.CommonUIActions.click: uiaction.CommonUIActions.click is PASSED

2018-07-10 21:51:38 - [MESSAGE][PASSED] - uiaction.CommonUIActions.click is PASSED

2018-07-10 21:51:38 - [TEST_STEP][PASSED] - delay: Delayed 5 second(s)

2018-07-10 21:51:43 - [MESSAGE][PASSED] - Delayed 5 second(s)

2018-07-10 21:51:43 - [TEST_STEP][PASSED] - Statement - groupmain = CustomKeywords.projectSpecific.Reusability.getTestData("ReportingGroupManagementPage", "group100"): projectSpecific.Reusability.getTestData is PASSED

2018-07-10 21:51:43 - [MESSAGE][PASSED] - projectSpecific.Reusability.getTestData is PASSED

2018-07-10 21:51:43 - [TEST_STEP][PASSED] - Statement - driver.findElement(org.openqa.selenium.By.xpath("//span[contains(text(),'" + groupmain + "')]/../../../../span[2]")).click(): null

2018-07-10 21:51:43 - [TEST_STEP][PASSED] - Statement - Catch (Exception e): null

2018-07-10 21:51:43 - [TEST_STEP][PASSED] - Statement - e.printStackTrace(): null

2018-07-10 21:51:43 - [TEST_STEP][PASSED] - Statement - println("Exception of element not found"): null

2018-07-10 21:51:43 - [TEST_STEP][PASSED] - Statement - If (TCflag): null

2018-07-10 21:51:43 - [TEST_STEP][PASSED] - Statement - assert TCflag == true: null

2018-07-10 21:51:43 - [TEST_STEP][PASSED] - Start listener action : sampleAfterTestCase: Browser is closed

2018-07-10 21:51:43 - [TEST_STEP][PASSED] - Statement - println(testCaseContext.getTestCaseId()): null

2018-07-10 21:51:43 - [TEST_STEP][PASSED] - Statement - println(testCaseContext.getTestCaseStatus()): null

2018-07-10 21:51:43 - [TEST_STEP][PASSED] - closeBrowser: Browser is closed

2018-07-10 21:51:44 - [MESSAGE][PASSED] - Browser is closed]]></system-out>
         <system-err><![CDATA[2018-07-10 21:50:12 - [TEST_CASE][FAILED] - Test Cases/SummaryReportsTC/HME-Summary Report-15: Test Cases/SummaryReportsTC/HME-Summary Report-15 FAILED because (of) org.codehaus.groovy.runtime.powerassert.PowerAssertionError: assert TCflag==true
       |     |
       false false]]></system-err>
      </testcase>
      <testcase name="Test Cases/SummaryReportsTC/HME-Summary Report-16" classname="Test Cases/SummaryReportsTC/HME-Summary Report-16" status="FAILED">
         <failure type="FAILED" message="org.codehaus.groovy.runtime.powerassert.PowerAssertionError: assert TCflag==true
       |     |
       false false"/>
         <system-out><![CDATA[2018-07-10 21:51:44 - [TEST_CASE][FAILED] - Test Cases/SummaryReportsTC/HME-Summary Report-16: Test Cases/SummaryReportsTC/HME-Summary Report-16 FAILED because (of) org.codehaus.groovy.runtime.powerassert.PowerAssertionError: assert TCflag==true
       |     |
       false false

2018-07-10 21:51:44 - [TEST_STEP][PASSED] - Start listener action : sampleBeforeTestCase: uiaction.CommonUIActions.deleteAllCookies is PASSED

2018-07-10 21:51:44 - [TEST_STEP][PASSED] - openBrowser: Browser is opened with url: ''

2018-07-10 21:51:46 - [MESSAGE][PASSED] - Browser is opened with url: ''

2018-07-10 21:51:46 - [TEST_STEP][PASSED] - maximizeWindow: Current window maximized

2018-07-10 21:51:47 - [MESSAGE][PASSED] - Current window maximized

2018-07-10 21:51:47 - [TEST_STEP][PASSED] - uiaction.CommonUIActions.deleteAllCookies: uiaction.CommonUIActions.deleteAllCookies is PASSED

2018-07-10 21:51:47 - [MESSAGE][PASSED] - Delete all cookies successfully

2018-07-10 21:51:47 - [MESSAGE][PASSED] - uiaction.CommonUIActions.deleteAllCookies is PASSED

2018-07-10 21:51:48 - [TEST_STEP][PASSED] - Statement - TCflag = true: null

2018-07-10 21:51:48 - [TEST_STEP][PASSED] - Statement - Try: null

2018-07-10 21:51:48 - [TEST_STEP][PASSED] - navigateToUrl: Navigate to 'https://engdev.hmedtcloud.com/?pg=Login' successfully

2018-07-10 21:51:56 - [MESSAGE][PASSED] - Navigate to 'https://engdev.hmedtcloud.com/?pg=Login' successfully

2018-07-10 21:51:56 - [TEST_STEP][PASSED] - projectSpecific.Reusability.login: projectSpecific.Reusability.login is PASSED

2018-07-10 21:51:56 - [MESSAGE][PASSED] - projectSpecific.Reusability.getTestData is PASSED

2018-07-10 21:51:56 - [MESSAGE][PASSED] - projectSpecific.Reusability.getTestData is PASSED

2018-07-10 21:51:56 - [MESSAGE][PASSED] - Text 'selvendrank@nousinfo.com' is set on object 'Object Repository/LoginPage/Username'

2018-07-10 21:51:56 - [MESSAGE][PASSED] - Text 'Nous;123' is set on object 'Object Repository/LoginPage/Password'

2018-07-10 21:52:09 - [MESSAGE][PASSED] - Object: 'Object Repository/LoginPage/Login' is clicked on

2018-07-10 21:52:09 - [MESSAGE][PASSED] - projectSpecific.Reusability.login is PASSED

2018-07-10 21:52:09 - [TEST_STEP][PASSED] - delay: Delayed 10 second(s)

2018-07-10 21:52:19 - [MESSAGE][PASSED] - Delayed 10 second(s)

2018-07-10 21:52:19 - [TEST_STEP][PASSED] - Statement - driver = com.kms.katalon.core.webui.driver.DriverFactory.getWebDriver(): null

2018-07-10 21:52:19 - [TEST_STEP][PASSED] - delay: Delayed 10 second(s)

2018-07-10 21:52:29 - [MESSAGE][PASSED] - Delayed 10 second(s)

2018-07-10 21:52:29 - [TEST_STEP][PASSED] - uiaction.CommonUIActions.click: uiaction.CommonUIActions.click is PASSED

2018-07-10 21:52:31 - [MESSAGE][PASSED] - uiaction.CommonUIActions.click is PASSED

2018-07-10 21:52:31 - [TEST_STEP][PASSED] - uiaction.CommonUIActions.click: uiaction.CommonUIActions.click is PASSED

2018-07-10 21:52:42 - [MESSAGE][PASSED] - uiaction.CommonUIActions.click is PASSED

2018-07-10 21:52:42 - [TEST_STEP][PASSED] - delay: Delayed 10 second(s)

2018-07-10 21:52:52 - [MESSAGE][PASSED] - Delayed 10 second(s)

2018-07-10 21:52:52 - [TEST_STEP][PASSED] - uiaction.CommonUIActions.click: uiaction.CommonUIActions.click is PASSED

2018-07-10 21:52:56 - [MESSAGE][PASSED] - uiaction.CommonUIActions.click is PASSED

2018-07-10 21:52:56 - [TEST_STEP][PASSED] - delay: Delayed 5 second(s)

2018-07-10 21:53:01 - [MESSAGE][PASSED] - Delayed 5 second(s)

2018-07-10 21:53:01 - [TEST_STEP][PASSED] - uiaction.CommonUIActions.click: uiaction.CommonUIActions.click is PASSED

2018-07-10 21:53:01 - [MESSAGE][PASSED] - uiaction.CommonUIActions.click is PASSED

2018-07-10 21:53:01 - [TEST_STEP][PASSED] - delay: Delayed 5 second(s)

2018-07-10 21:53:06 - [MESSAGE][PASSED] - Delayed 5 second(s)

2018-07-10 21:53:06 - [TEST_STEP][PASSED] - Statement - grpName = "Grp250_TC16": null

2018-07-10 21:53:06 - [TEST_STEP][PASSED] - uiaction.CommonUIActions.enter: uiaction.CommonUIActions.enter is PASSED

2018-07-10 21:53:07 - [MESSAGE][PASSED] - uiaction.CommonUIActions.enter is PASSED

2018-07-10 21:53:07 - [TEST_STEP][PASSED] - uiaction.CommonUIActions.enter: uiaction.CommonUIActions.enter is PASSED

2018-07-10 21:53:07 - [MESSAGE][PASSED] - projectSpecific.Reusability.getTestData is PASSED

2018-07-10 21:53:07 - [MESSAGE][PASSED] - uiaction.CommonUIActions.enter is PASSED

2018-07-10 21:53:07 - [TEST_STEP][PASSED] - delay: Delayed 5 second(s)

2018-07-10 21:53:12 - [MESSAGE][PASSED] - Delayed 5 second(s)

2018-07-10 21:53:12 - [TEST_STEP][PASSED] - Statement - grouplist = driver.findElements(org.openqa.selenium.By.xpath("//ul[@class='unlinked-grouplist']/li")): null

2018-07-10 21:53:12 - [TEST_STEP][PASSED] - delay: Delayed 10 second(s)

2018-07-10 21:53:22 - [MESSAGE][PASSED] - Delayed 10 second(s)

2018-07-10 21:53:22 - [TEST_STEP][PASSED] - Statement - store_count = 0: null

2018-07-10 21:53:22 - [TEST_STEP][PASSED] - Statement - For ([i = 0, i < grouplist.size(), (i++)]): null

2018-07-10 21:53:22 - [TEST_STEP][PASSED] - Statement - println(grouplist.get(i).getText()): null

2018-07-10 21:53:22 - [TEST_STEP][PASSED] - Statement - If (grouplist.get(i).getText().contains("00")): null

2018-07-10 21:53:22 - [TEST_STEP][PASSED] - Statement - println(grouplist.get(i).getText()): null

2018-07-10 21:53:22 - [TEST_STEP][PASSED] - Statement - If (grouplist.get(i).getText().contains("00")): null

2018-07-10 21:53:22 - [TEST_STEP][PASSED] - Statement - println(grouplist.get(i).getText()): null

2018-07-10 21:53:22 - [TEST_STEP][PASSED] - Statement - If (grouplist.get(i).getText().contains("00")): null

2018-07-10 21:53:22 - [TEST_STEP][PASSED] - Statement - println(grouplist.get(i).getText()): null

2018-07-10 21:53:22 - [TEST_STEP][PASSED] - Statement - If (grouplist.get(i).getText().contains("00")): null

2018-07-10 21:53:22 - [TEST_STEP][PASSED] - Statement - println(grouplist.get(i).getText()): null

2018-07-10 21:53:22 - [TEST_STEP][PASSED] - Statement - If (grouplist.get(i).getText().contains("00")): null

2018-07-10 21:53:22 - [TEST_STEP][PASSED] - Statement - println(grouplist.get(i).getText()): null

2018-07-10 21:53:22 - [TEST_STEP][PASSED] - Statement - If (grouplist.get(i).getText().contains("00")): null

2018-07-10 21:53:22 - [TEST_STEP][PASSED] - Statement - println(grouplist.get(i).getText()): null

2018-07-10 21:53:22 - [TEST_STEP][PASSED] - Statement - If (grouplist.get(i).getText().contains("00")): null

2018-07-10 21:53:22 - [TEST_STEP][PASSED] - Statement - println(grouplist.get(i).getText()): null

2018-07-10 21:53:22 - [TEST_STEP][PASSED] - Statement - If (grouplist.get(i).getText().contains("00")): null

2018-07-10 21:53:22 - [TEST_STEP][PASSED] - Statement - println(grouplist.get(i).getText()): null

2018-07-10 21:53:22 - [TEST_STEP][PASSED] - Statement - If (grouplist.get(i).getText().contains("00")): null

2018-07-10 21:53:22 - [TEST_STEP][PASSED] - Statement - println(grouplist.get(i).getText()): null

2018-07-10 21:53:22 - [TEST_STEP][PASSED] - Statement - If (grouplist.get(i).getText().contains("00")): null

2018-07-10 21:53:22 - [TEST_STEP][PASSED] - Statement - println(grouplist.get(i).getText()): null

2018-07-10 21:53:22 - [TEST_STEP][PASSED] - Statement - If (grouplist.get(i).getText().contains("00")): null

2018-07-10 21:53:22 - [TEST_STEP][PASSED] - Statement - driver.findElement(org.openqa.selenium.By.xpath("(//ul[@class='unlinked-grouplist']/li/label)[" + i + 1 + "]")).click(): null

2018-07-10 21:53:22 - [TEST_STEP][PASSED] - Statement - (store_count++): null

2018-07-10 21:53:22 - [TEST_STEP][PASSED] - Statement - Break: null

2018-07-10 21:53:22 - [TEST_STEP][PASSED] - Statement - driver.findElement(org.openqa.selenium.By.xpath("//button[contains(text(),'>')]")).click(): null

2018-07-10 21:53:22 - [TEST_STEP][PASSED] - delay: Delayed 5 second(s)

2018-07-10 21:53:27 - [MESSAGE][PASSED] - Delayed 5 second(s)

2018-07-10 21:53:27 - [TEST_STEP][PASSED] - uiaction.CommonUIActions.click: uiaction.CommonUIActions.click is PASSED

2018-07-10 21:53:27 - [MESSAGE][PASSED] - uiaction.CommonUIActions.click is PASSED

2018-07-10 21:53:27 - [TEST_STEP][PASSED] - uiaction.CommonUIActions.click: uiaction.CommonUIActions.click is PASSED

2018-07-10 21:53:27 - [MESSAGE][PASSED] - uiaction.CommonUIActions.click is PASSED

2018-07-10 21:53:27 - [TEST_STEP][PASSED] - delay: Delayed 10 second(s)

2018-07-10 21:53:37 - [MESSAGE][PASSED] - Delayed 10 second(s)

2018-07-10 21:53:37 - [TEST_STEP][PASSED] - uiaction.CommonUIActions.back: uiaction.CommonUIActions.back is PASSED

2018-07-10 21:53:37 - [MESSAGE][PASSED] - Navigate back successfully

2018-07-10 21:53:37 - [MESSAGE][PASSED] - uiaction.CommonUIActions.back is PASSED

2018-07-10 21:53:37 - [TEST_STEP][PASSED] - delay: Delayed 5 second(s)

2018-07-10 21:53:42 - [MESSAGE][PASSED] - Delayed 5 second(s)

2018-07-10 21:53:42 - [TEST_STEP][PASSED] - uiaction.CommonUIActions.back: uiaction.CommonUIActions.back is PASSED

2018-07-10 21:53:42 - [MESSAGE][PASSED] - Navigate back successfully

2018-07-10 21:53:42 - [MESSAGE][PASSED] - uiaction.CommonUIActions.back is PASSED

2018-07-10 21:53:42 - [TEST_STEP][PASSED] - delay: Delayed 5 second(s)

2018-07-10 21:53:47 - [MESSAGE][PASSED] - Delayed 5 second(s)

2018-07-10 21:53:47 - [TEST_STEP][PASSED] - uiaction.CommonUIActions.click: uiaction.CommonUIActions.click is PASSED

2018-07-10 21:53:48 - [MESSAGE][PASSED] - uiaction.CommonUIActions.click is PASSED

2018-07-10 21:53:48 - [TEST_STEP][PASSED] - delay: Delayed 15 second(s)

2018-07-10 21:54:03 - [MESSAGE][PASSED] - Delayed 15 second(s)

2018-07-10 21:54:03 - [TEST_STEP][PASSED] - Statement - driver.findElement(org.openqa.selenium.By.xpath("//span[contains(text(),'" + grpName + "')]/../../../../span[1]")).click(): null

2018-07-10 21:54:03 - [TEST_STEP][PASSED] - Statement - Catch (Exception e): null

2018-07-10 21:54:03 - [TEST_STEP][PASSED] - Statement - e.printStackTrace(): null

2018-07-10 21:54:03 - [TEST_STEP][PASSED] - Statement - println("Exception of element not found"): null

2018-07-10 21:54:03 - [TEST_STEP][PASSED] - Statement - If (TCflag): null

2018-07-10 21:54:03 - [TEST_STEP][PASSED] - Statement - assert TCflag == true: null

2018-07-10 21:54:03 - [TEST_STEP][PASSED] - Start listener action : sampleAfterTestCase: Browser is closed

2018-07-10 21:54:03 - [TEST_STEP][PASSED] - Statement - println(testCaseContext.getTestCaseId()): null

2018-07-10 21:54:03 - [TEST_STEP][PASSED] - Statement - println(testCaseContext.getTestCaseStatus()): null

2018-07-10 21:54:03 - [TEST_STEP][PASSED] - closeBrowser: Browser is closed

2018-07-10 21:54:03 - [MESSAGE][PASSED] - Browser is closed]]></system-out>
         <system-err><![CDATA[2018-07-10 21:51:44 - [TEST_CASE][FAILED] - Test Cases/SummaryReportsTC/HME-Summary Report-16: Test Cases/SummaryReportsTC/HME-Summary Report-16 FAILED because (of) org.codehaus.groovy.runtime.powerassert.PowerAssertionError: assert TCflag==true
       |     |
       false false]]></system-err>
      </testcase>
      <system-out><![CDATA[2018-07-10 19:43:45 - [TEST_SUITE][FAILED] - RegressionSuite: Test Cases/TimeZoneTC/HME-Browser-Timezone-02 FAILED because (of) org.codehaus.groovy.runtime.powerassert.PowerAssertionError: assert TCflag==true
       |     |
       false false]]></system-out>
      <system-err><![CDATA[2018-07-10 19:43:45 - [TEST_SUITE][FAILED] - RegressionSuite: Test Cases/TimeZoneTC/HME-Browser-Timezone-02 FAILED because (of) org.codehaus.groovy.runtime.powerassert.PowerAssertionError: assert TCflag==true
       |     |
       false false]]></system-err>
   </testsuite>
</testsuites>
