<?xml version="1.0" encoding="UTF-8"?>
<testsuites name="RegressionSuite" time="2786" tests="4" failures="5" errors="0">
   <testsuite name="RegressionSuite" tests="4" failures="5" errors="0" time="2786" timestamp="2018-07-11 11:47:42" hostname="ravindram - NIBC2466.nousinfo.com" id="Test Suites/RegressionSuite">
      <properties>
         <property name="deviceName" value=""/>
         <property name="devicePlatform" value=""/>
         <property name="logFolder" value="E:\\HME_workspace\\HME_DEVScripts\\Reports\\RegressionSuite\\20180711_114741"/>
         <property name="logFiles" value="E:\\HME_workspace\\HME_DEVScripts\\Reports\\RegressionSuite\\20180711_114741\\execution0.log"/>
         <property name="attachments" value="E:\\HME_workspace\\HME_DEVScripts\\Reports\\RegressionSuite\\20180711_114741\\1531290118440.png, E:\\HME_workspace\\HME_DEVScripts\\Reports\\RegressionSuite\\20180711_114741\\1531290328592.png, E:\\HME_workspace\\HME_DEVScripts\\Reports\\RegressionSuite\\20180711_114741\\1531290489211.png, E:\\HME_workspace\\HME_DEVScripts\\Reports\\RegressionSuite\\20180711_114741\\1531290597896.png, E:\\HME_workspace\\HME_DEVScripts\\Reports\\RegressionSuite\\20180711_114741\\1531290623556.png, E:\\HME_workspace\\HME_DEVScripts\\Reports\\RegressionSuite\\20180711_114741\\1531290998476.png, E:\\HME_workspace\\HME_DEVScripts\\Reports\\RegressionSuite\\20180711_114741\\1531291921522.png, E:\\HME_workspace\\HME_DEVScripts\\Reports\\RegressionSuite\\20180711_114741\\1531292635923.png"/>
         <property name="hostName" value="ravindram - NIBC2466.nousinfo.com"/>
         <property name="os" value="Windows 7 64bit"/>
         <property name="katalonVersion" value="5.3.1.1"/>
         <property name="browser" value="Chrome 67.0.3396.99"/>
         <property name="hostAddress" value="192.168.21.107"/>
         <property name="sessionId" value="2517a56bd74298bdca65572adcf44c4e"/>
         <property name="seleniumVersion" value="3.7.1"/>
         <property name="proxyInformation" value="ProxyInformation{proxyOption=USE_SYSTEM, proxyServerType=HTTP, password=, proxyServerAddress=, proxyServerPort=0}"/>
         <property name="platform" value="Windows 7"/>
      </properties>
      <testcase name="Test Cases/CreateGroupTC/HME-StoreListPage-01" classname="Test Cases/CreateGroupTC/HME-StoreListPage-01" status="PASSED">
         <system-out><![CDATA[2018-07-11 11:47:42 - [TEST_CASE][PASSED] - Test Cases/CreateGroupTC/HME-StoreListPage-01: Browser is closed

2018-07-11 11:47:42 - [TEST_STEP][PASSED] - Start listener action : sampleBeforeTestCase: uiaction.CommonUIActions.deleteAllCookies is PASSED

2018-07-11 11:47:42 - [TEST_STEP][PASSED] - openBrowser: Browser is opened with url: ''

2018-07-11 11:47:44 - [MESSAGE][PASSED] - Browser is opened with url: ''

2018-07-11 11:47:44 - [TEST_STEP][PASSED] - maximizeWindow: Current window maximized

2018-07-11 11:47:46 - [MESSAGE][PASSED] - Current window maximized

2018-07-11 11:47:46 - [TEST_STEP][PASSED] - uiaction.CommonUIActions.deleteAllCookies: uiaction.CommonUIActions.deleteAllCookies is PASSED

2018-07-11 11:47:46 - [MESSAGE][PASSED] - Delete all cookies successfully

2018-07-11 11:47:46 - [MESSAGE][PASSED] - uiaction.CommonUIActions.deleteAllCookies is PASSED

2018-07-11 11:47:46 - [TEST_STEP][PASSED] - Statement - TCflag = true: null

2018-07-11 11:47:46 - [TEST_STEP][PASSED] - Statement - Try: uiaction.CommonUIActions.click is PASSED

2018-07-11 11:47:46 - [TEST_STEP][PASSED] - navigateToUrl: Navigate to 'https://engdev.hmedtcloud.com/?pg=Login' successfully

2018-07-11 11:47:54 - [MESSAGE][PASSED] - Navigate to 'https://engdev.hmedtcloud.com/?pg=Login' successfully

2018-07-11 11:47:54 - [TEST_STEP][PASSED] - Statement - driver = com.kms.katalon.core.webui.driver.DriverFactory.getWebDriver(): null

2018-07-11 11:47:54 - [TEST_STEP][PASSED] - projectSpecific.Reusability.login: projectSpecific.Reusability.login is PASSED

2018-07-11 11:47:54 - [MESSAGE][PASSED] - projectSpecific.Reusability.getTestData is PASSED

2018-07-11 11:47:55 - [MESSAGE][PASSED] - projectSpecific.Reusability.getTestData is PASSED

2018-07-11 11:47:55 - [MESSAGE][PASSED] - Text 'selvendrank@nousinfo.com' is set on object 'Object Repository/LoginPage/Username'

2018-07-11 11:47:55 - [MESSAGE][PASSED] - Text 'Nous;123' is set on object 'Object Repository/LoginPage/Password'

2018-07-11 11:48:08 - [MESSAGE][PASSED] - Object: 'Object Repository/LoginPage/Login' is clicked on

2018-07-11 11:48:08 - [MESSAGE][PASSED] - projectSpecific.Reusability.login is PASSED

2018-07-11 11:48:08 - [TEST_STEP][PASSED] - uiaction.CommonUIActions.click: uiaction.CommonUIActions.click is PASSED

2018-07-11 11:48:10 - [MESSAGE][PASSED] - uiaction.CommonUIActions.click is PASSED

2018-07-11 11:48:10 - [TEST_STEP][PASSED] - delay: Delayed 10 second(s)

2018-07-11 11:48:20 - [MESSAGE][PASSED] - Delayed 10 second(s)

2018-07-11 11:48:20 - [TEST_STEP][PASSED] - uiaction.CommonUIActions.click: uiaction.CommonUIActions.click is PASSED

2018-07-11 11:48:32 - [MESSAGE][PASSED] - uiaction.CommonUIActions.click is PASSED

2018-07-11 11:48:32 - [TEST_STEP][PASSED] - verifyElementPresent: Object 'Object Repository/StorePage/StoreListHeading' is present

2018-07-11 11:48:32 - [MESSAGE][PASSED] - Object 'Object Repository/StorePage/StoreListHeading' is present

2018-07-11 11:48:32 - [TEST_STEP][PASSED] - uiaction.CommonUIActions.click: uiaction.CommonUIActions.click is PASSED

2018-07-11 11:48:45 - [MESSAGE][PASSED] - uiaction.CommonUIActions.click is PASSED

2018-07-11 11:48:45 - [TEST_STEP][PASSED] - verifyElementPresent: Object 'Object Repository/StorePage/ManageLeaderGroupsButton' is present

2018-07-11 11:48:45 - [MESSAGE][PASSED] - Object 'Object Repository/StorePage/ManageLeaderGroupsButton' is present

2018-07-11 11:48:45 - [TEST_STEP][PASSED] - verifyElementPresent: Object 'Object Repository/StorePage/ManageReportGroupsButtton' is present

2018-07-11 11:48:45 - [MESSAGE][PASSED] - Object 'Object Repository/StorePage/ManageReportGroupsButtton' is present

2018-07-11 11:48:45 - [TEST_STEP][PASSED] - uiaction.CommonUIActions.click: uiaction.CommonUIActions.click is PASSED

2018-07-11 11:48:51 - [MESSAGE][PASSED] - uiaction.CommonUIActions.click is PASSED

2018-07-11 11:48:51 - [TEST_STEP][PASSED] - Statement - assert TCflag == true: null

2018-07-11 11:48:51 - [TEST_STEP][PASSED] - Start listener action : sampleAfterTestCase: Browser is closed

2018-07-11 11:48:51 - [TEST_STEP][PASSED] - Statement - println(testCaseContext.getTestCaseId()): null

2018-07-11 11:48:51 - [TEST_STEP][PASSED] - Statement - println(testCaseContext.getTestCaseStatus()): null

2018-07-11 11:48:51 - [TEST_STEP][PASSED] - closeBrowser: Browser is closed

2018-07-11 11:48:52 - [MESSAGE][PASSED] - Browser is closed]]></system-out>
         <system-err><![CDATA[]]></system-err>
      </testcase>
      <testcase name="Test Cases/CreateGroupTC/HME-StoreListPage-02" classname="Test Cases/CreateGroupTC/HME-StoreListPage-02" status="PASSED">
         <system-out><![CDATA[2018-07-11 11:48:52 - [TEST_CASE][PASSED] - Test Cases/CreateGroupTC/HME-StoreListPage-02: Browser is closed

2018-07-11 11:48:52 - [TEST_STEP][PASSED] - Start listener action : sampleBeforeTestCase: uiaction.CommonUIActions.deleteAllCookies is PASSED

2018-07-11 11:48:52 - [TEST_STEP][PASSED] - openBrowser: Browser is opened with url: ''

2018-07-11 11:48:54 - [MESSAGE][PASSED] - Browser is opened with url: ''

2018-07-11 11:48:54 - [TEST_STEP][PASSED] - maximizeWindow: Current window maximized

2018-07-11 11:48:55 - [MESSAGE][PASSED] - Current window maximized

2018-07-11 11:48:55 - [TEST_STEP][PASSED] - uiaction.CommonUIActions.deleteAllCookies: uiaction.CommonUIActions.deleteAllCookies is PASSED

2018-07-11 11:48:55 - [MESSAGE][PASSED] - Delete all cookies successfully

2018-07-11 11:48:55 - [MESSAGE][PASSED] - uiaction.CommonUIActions.deleteAllCookies is PASSED

2018-07-11 11:48:55 - [TEST_STEP][PASSED] - Statement - TCflag = true: null

2018-07-11 11:48:55 - [TEST_STEP][PASSED] - Statement - Try: uiaction.CommonUIActions.click is PASSED

2018-07-11 11:48:55 - [TEST_STEP][PASSED] - navigateToUrl: Navigate to 'https://engdev.hmedtcloud.com/?pg=Login' successfully

2018-07-11 11:49:03 - [MESSAGE][PASSED] - Navigate to 'https://engdev.hmedtcloud.com/?pg=Login' successfully

2018-07-11 11:49:03 - [TEST_STEP][PASSED] - projectSpecific.Reusability.login: projectSpecific.Reusability.login is PASSED

2018-07-11 11:49:03 - [MESSAGE][PASSED] - projectSpecific.Reusability.getTestData is PASSED

2018-07-11 11:49:03 - [MESSAGE][PASSED] - projectSpecific.Reusability.getTestData is PASSED

2018-07-11 11:49:03 - [MESSAGE][PASSED] - Text 'ravim.ckd@gmail.com' is set on object 'Object Repository/LoginPage/Username'

2018-07-11 11:49:04 - [MESSAGE][PASSED] - Text 'Ravi@123' is set on object 'Object Repository/LoginPage/Password'

2018-07-11 11:49:17 - [MESSAGE][PASSED] - Object: 'Object Repository/LoginPage/Login' is clicked on

2018-07-11 11:49:17 - [MESSAGE][PASSED] - projectSpecific.Reusability.login is PASSED

2018-07-11 11:49:17 - [TEST_STEP][PASSED] - delay: Delayed 10 second(s)

2018-07-11 11:49:27 - [MESSAGE][PASSED] - Delayed 10 second(s)

2018-07-11 11:49:27 - [TEST_STEP][PASSED] - uiaction.CommonUIActions.click: uiaction.CommonUIActions.click is PASSED

2018-07-11 11:49:29 - [MESSAGE][PASSED] - uiaction.CommonUIActions.click is PASSED

2018-07-11 11:49:29 - [TEST_STEP][PASSED] - delay: Delayed 10 second(s)

2018-07-11 11:49:39 - [MESSAGE][PASSED] - Delayed 10 second(s)

2018-07-11 11:49:39 - [TEST_STEP][PASSED] - uiaction.CommonUIActions.click: uiaction.CommonUIActions.click is PASSED

2018-07-11 11:49:50 - [MESSAGE][PASSED] - uiaction.CommonUIActions.click is PASSED

2018-07-11 11:49:50 - [TEST_STEP][PASSED] - verifyElementPresent: Object 'Object Repository/StorePage/StoreListHeading' is present

2018-07-11 11:49:50 - [MESSAGE][PASSED] - Object 'Object Repository/StorePage/StoreListHeading' is present

2018-07-11 11:49:50 - [TEST_STEP][PASSED] - uiaction.CommonUIActions.click: uiaction.CommonUIActions.click is PASSED

2018-07-11 11:50:02 - [MESSAGE][PASSED] - uiaction.CommonUIActions.click is PASSED

2018-07-11 11:50:02 - [TEST_STEP][PASSED] - verifyElementNotPresent: Web element with id: 'Object Repository/StorePage/ManageLeaderGroupsButton' located by 'By.xpath: //span[text()='Manage Leaderboard Groups']/..' is not present after '5' second(s)

2018-07-11 11:50:02 - [MESSAGE][PASSED] - Web element with id: 'Object Repository/StorePage/ManageLeaderGroupsButton' located by 'By.xpath: //span[text()='Manage Leaderboard Groups']/..' is not present after '5' second(s)

2018-07-11 11:50:02 - [TEST_STEP][PASSED] - verifyElementNotPresent: Web element with id: 'Object Repository/StorePage/ManageReportGroupsButtton' located by 'By.xpath: //span[text()='Manage Hierarchy']/..' is not present after '5' second(s)

2018-07-11 11:50:02 - [MESSAGE][PASSED] - Web element with id: 'Object Repository/StorePage/ManageReportGroupsButtton' located by 'By.xpath: //span[text()='Manage Hierarchy']/..' is not present after '5' second(s)

2018-07-11 11:50:02 - [TEST_STEP][PASSED] - uiaction.CommonUIActions.click: uiaction.CommonUIActions.click is PASSED

2018-07-11 11:50:08 - [MESSAGE][PASSED] - uiaction.CommonUIActions.click is PASSED

2018-07-11 11:50:08 - [TEST_STEP][PASSED] - Statement - assert TCflag == true: null

2018-07-11 11:50:08 - [TEST_STEP][PASSED] - Start listener action : sampleAfterTestCase: Browser is closed

2018-07-11 11:50:08 - [TEST_STEP][PASSED] - Statement - println(testCaseContext.getTestCaseId()): null

2018-07-11 11:50:08 - [TEST_STEP][PASSED] - Statement - println(testCaseContext.getTestCaseStatus()): null

2018-07-11 11:50:08 - [TEST_STEP][PASSED] - closeBrowser: Browser is closed

2018-07-11 11:50:09 - [MESSAGE][PASSED] - Browser is closed]]></system-out>
         <system-err><![CDATA[]]></system-err>
      </testcase>
      <testcase name="Test Cases/CreateGroupTC/HME-ReportingGroupManagement-03" classname="Test Cases/CreateGroupTC/HME-ReportingGroupManagement-03" status="FAILED">
         <failure type="FAILED" message="org.codehaus.groovy.runtime.powerassert.PowerAssertionError: assert TCflag==true
       |     |
       false false"/>
         <system-out><![CDATA[2018-07-11 11:50:09 - [TEST_CASE][FAILED] - Test Cases/CreateGroupTC/HME-ReportingGroupManagement-03: Test Cases/CreateGroupTC/HME-ReportingGroupManagement-03 FAILED because (of) org.codehaus.groovy.runtime.powerassert.PowerAssertionError: assert TCflag==true
       |     |
       false false

2018-07-11 11:50:09 - [TEST_STEP][PASSED] - Start listener action : sampleBeforeTestCase: uiaction.CommonUIActions.deleteAllCookies is PASSED

2018-07-11 11:50:09 - [TEST_STEP][PASSED] - openBrowser: Browser is opened with url: ''

2018-07-11 11:50:11 - [MESSAGE][PASSED] - Browser is opened with url: ''

2018-07-11 11:50:11 - [TEST_STEP][PASSED] - maximizeWindow: Current window maximized

2018-07-11 11:50:12 - [MESSAGE][PASSED] - Current window maximized

2018-07-11 11:50:12 - [TEST_STEP][PASSED] - uiaction.CommonUIActions.deleteAllCookies: uiaction.CommonUIActions.deleteAllCookies is PASSED

2018-07-11 11:50:13 - [MESSAGE][PASSED] - Delete all cookies successfully

2018-07-11 11:50:13 - [MESSAGE][PASSED] - uiaction.CommonUIActions.deleteAllCookies is PASSED

2018-07-11 11:50:13 - [TEST_STEP][PASSED] - Statement - TCflag = true: null

2018-07-11 11:50:13 - [TEST_STEP][PASSED] - Statement - Try: uiaction.CommonUIActions.click is PASSED

2018-07-11 11:50:13 - [TEST_STEP][PASSED] - navigateToUrl: Navigate to 'https://engdev.hmedtcloud.com/?pg=Login' successfully

2018-07-11 11:50:22 - [MESSAGE][PASSED] - Navigate to 'https://engdev.hmedtcloud.com/?pg=Login' successfully

2018-07-11 11:50:22 - [TEST_STEP][PASSED] - Statement - driver = com.kms.katalon.core.webui.driver.DriverFactory.getWebDriver(): null

2018-07-11 11:50:22 - [TEST_STEP][PASSED] - projectSpecific.Reusability.login: projectSpecific.Reusability.login is PASSED

2018-07-11 11:50:22 - [MESSAGE][PASSED] - projectSpecific.Reusability.getTestData is PASSED

2018-07-11 11:50:22 - [MESSAGE][PASSED] - projectSpecific.Reusability.getTestData is PASSED

2018-07-11 11:50:22 - [MESSAGE][PASSED] - Text 'selvendrank@nousinfo.com' is set on object 'Object Repository/LoginPage/Username'

2018-07-11 11:50:22 - [MESSAGE][PASSED] - Text 'Nous;123' is set on object 'Object Repository/LoginPage/Password'

2018-07-11 11:50:37 - [MESSAGE][PASSED] - Object: 'Object Repository/LoginPage/Login' is clicked on

2018-07-11 11:50:37 - [MESSAGE][PASSED] - projectSpecific.Reusability.login is PASSED

2018-07-11 11:50:37 - [TEST_STEP][PASSED] - delay: Delayed 10 second(s)

2018-07-11 11:50:47 - [MESSAGE][PASSED] - Delayed 10 second(s)

2018-07-11 11:50:47 - [TEST_STEP][PASSED] - uiaction.CommonUIActions.click: uiaction.CommonUIActions.click is PASSED

2018-07-11 11:50:49 - [MESSAGE][PASSED] - uiaction.CommonUIActions.click is PASSED

2018-07-11 11:50:49 - [TEST_STEP][PASSED] - delay: Delayed 10 second(s)

2018-07-11 11:50:59 - [MESSAGE][PASSED] - Delayed 10 second(s)

2018-07-11 11:50:59 - [TEST_STEP][PASSED] - uiaction.CommonUIActions.click: uiaction.CommonUIActions.click is PASSED

2018-07-11 11:51:11 - [MESSAGE][PASSED] - uiaction.CommonUIActions.click is PASSED

2018-07-11 11:51:11 - [TEST_STEP][PASSED] - verifyElementPresent: Object 'Object Repository/StorePage/StoreListHeading' is present

2018-07-11 11:51:11 - [MESSAGE][PASSED] - Object 'Object Repository/StorePage/StoreListHeading' is present

2018-07-11 11:51:11 - [TEST_STEP][PASSED] - uiaction.CommonUIActions.click: uiaction.CommonUIActions.click is PASSED

2018-07-11 11:51:23 - [MESSAGE][PASSED] - uiaction.CommonUIActions.click is PASSED

2018-07-11 11:51:23 - [TEST_STEP][PASSED] - verifyElementPresent: Object 'Object Repository/StorePage/ManageLeaderGroupsButton' is present

2018-07-11 11:51:23 - [MESSAGE][PASSED] - Object 'Object Repository/StorePage/ManageLeaderGroupsButton' is present

2018-07-11 11:51:23 - [TEST_STEP][PASSED] - verifyElementPresent: Object 'Object Repository/StorePage/ManageReportGroupsButtton' is present

2018-07-11 11:51:23 - [MESSAGE][PASSED] - Object 'Object Repository/StorePage/ManageReportGroupsButtton' is present

2018-07-11 11:51:23 - [TEST_STEP][PASSED] - uiaction.CommonUIActions.click: uiaction.CommonUIActions.click is PASSED

2018-07-11 11:51:27 - [MESSAGE][PASSED] - uiaction.CommonUIActions.click is PASSED

2018-07-11 11:51:27 - [TEST_STEP][PASSED] - verifyElementPresent: Object 'Object Repository/ReportingGroupManagement/addNewGroup' is present

2018-07-11 11:51:27 - [MESSAGE][PASSED] - Object 'Object Repository/ReportingGroupManagement/addNewGroup' is present

2018-07-11 11:51:27 - [TEST_STEP][PASSED] - uiaction.CommonUIActions.click: uiaction.CommonUIActions.click is PASSED

2018-07-11 11:51:27 - [MESSAGE][PASSED] - uiaction.CommonUIActions.click is PASSED

2018-07-11 11:51:27 - [TEST_STEP][PASSED] - uiaction.CommonUIActions.click: uiaction.CommonUIActions.click is PASSED

2018-07-11 11:51:27 - [MESSAGE][PASSED] - uiaction.CommonUIActions.click is PASSED

2018-07-11 11:51:27 - [TEST_STEP][PASSED] - uiaction.CommonUIActions.enter: uiaction.CommonUIActions.enter is PASSED

2018-07-11 11:51:27 - [MESSAGE][PASSED] - projectSpecific.Reusability.getTestData is PASSED

2018-07-11 11:51:27 - [MESSAGE][PASSED] - uiaction.CommonUIActions.enter is PASSED

2018-07-11 11:51:27 - [TEST_STEP][PASSED] - uiaction.CommonUIActions.click: uiaction.CommonUIActions.click is PASSED

2018-07-11 11:51:27 - [MESSAGE][PASSED] - uiaction.CommonUIActions.click is PASSED

2018-07-11 11:51:27 - [TEST_STEP][PASSED] - uiaction.CommonUIActions.enter: uiaction.CommonUIActions.enter is PASSED

2018-07-11 11:51:27 - [MESSAGE][PASSED] - projectSpecific.Reusability.getTestData is PASSED

2018-07-11 11:51:28 - [MESSAGE][PASSED] - uiaction.CommonUIActions.enter is PASSED

2018-07-11 11:51:28 - [TEST_STEP][PASSED] - uiaction.CommonUIActions.click: uiaction.CommonUIActions.click is PASSED

2018-07-11 11:51:28 - [MESSAGE][PASSED] - uiaction.CommonUIActions.click is PASSED

2018-07-11 11:51:28 - [TEST_STEP][PASSED] - delay: Delayed 10 second(s)

2018-07-11 11:51:38 - [MESSAGE][PASSED] - Delayed 10 second(s)

2018-07-11 11:51:38 - [TEST_STEP][PASSED] - back: Navigate back successfully

2018-07-11 11:51:38 - [MESSAGE][PASSED] - Navigate back successfully

2018-07-11 11:51:38 - [TEST_STEP][PASSED] - delay: Delayed 5 second(s)

2018-07-11 11:51:43 - [MESSAGE][PASSED] - Delayed 5 second(s)

2018-07-11 11:51:43 - [TEST_STEP][PASSED] - back: Navigate back successfully

2018-07-11 11:51:43 - [MESSAGE][PASSED] - Navigate back successfully

2018-07-11 11:51:43 - [TEST_STEP][PASSED] - delay: Delayed 5 second(s)

2018-07-11 11:51:48 - [MESSAGE][PASSED] - Delayed 5 second(s)

2018-07-11 11:51:48 - [TEST_STEP][PASSED] - Statement - index = 0: null

2018-07-11 11:51:48 - [TEST_STEP][PASSED] - Statement - groupName = CustomKeywords.projectSpecific.Reusability.getTestData("ReportingGroupManagementPage", "groupNameTC3"): projectSpecific.Reusability.getTestData is PASSED

2018-07-11 11:51:48 - [MESSAGE][PASSED] - projectSpecific.Reusability.getTestData is PASSED

2018-07-11 11:51:48 - [TEST_STEP][PASSED] - Statement - groupHierarchyList = driver.findElements(org.openqa.selenium.By.xpath(com.kms.katalon.core.testdata.TestDataFactory.findTestData(OR_file).getValue(2, 13))): Reading excel file with source file 'E:\HME_workspace\HME_DEVScripts\Data Files\HME_OR.xlsx' and sheet name 'Sheet1'

2018-07-11 11:51:48 - [TEST_STEP][PASSED] - Statement - For ([i = 0, i < groupHierarchyList.size(), (i++)]): null

2018-07-11 11:51:48 - [TEST_STEP][PASSED] - delay: Delayed 10 second(s)

2018-07-11 11:51:58 - [MESSAGE][PASSED] - Delayed 10 second(s)

2018-07-11 11:51:58 - [TEST_STEP][PASSED] - Statement - If (index == 5): null

2018-07-11 11:51:58 - [TEST_STEP][PASSED] - Statement - Else: null

2018-07-11 11:51:58 - [TEST_STEP][PASSED] - Statement - println("Required group is not available in group hierarchy"): null

2018-07-11 11:51:58 - [TEST_STEP][PASSED] - takeScreenshot: Taking screenshot successfully

2018-07-11 11:51:58 - [MESSAGE][PASSED] - Taking screenshot successfully
[[ATTACHMENT|E:\\HME_workspace\\HME_DEVScripts\\Reports\\RegressionSuite\\20180711_114741\\1531290118440.png]]

2018-07-11 11:51:58 - [TEST_STEP][PASSED] - Statement - If (TCflag): null

2018-07-11 11:51:58 - [TEST_STEP][PASSED] - uiaction.CommonUIActions.click: uiaction.CommonUIActions.click is PASSED

2018-07-11 11:52:01 - [MESSAGE][PASSED] - uiaction.CommonUIActions.click is PASSED

2018-07-11 11:52:01 - [TEST_STEP][PASSED] - Statement - assert TCflag == true: null

2018-07-11 11:52:01 - [TEST_STEP][PASSED] - Start listener action : sampleAfterTestCase: Browser is closed

2018-07-11 11:52:01 - [TEST_STEP][PASSED] - Statement - println(testCaseContext.getTestCaseId()): null

2018-07-11 11:52:01 - [TEST_STEP][PASSED] - Statement - println(testCaseContext.getTestCaseStatus()): null

2018-07-11 11:52:01 - [TEST_STEP][PASSED] - closeBrowser: Browser is closed

2018-07-11 11:52:02 - [MESSAGE][PASSED] - Browser is closed]]></system-out>
         <system-err><![CDATA[2018-07-11 11:50:09 - [TEST_CASE][FAILED] - Test Cases/CreateGroupTC/HME-ReportingGroupManagement-03: Test Cases/CreateGroupTC/HME-ReportingGroupManagement-03 FAILED because (of) org.codehaus.groovy.runtime.powerassert.PowerAssertionError: assert TCflag==true
       |     |
       false false]]></system-err>
      </testcase>
      <testcase name="Test Cases/CreateGroupTC/HME-CreateGroup-04" classname="Test Cases/CreateGroupTC/HME-CreateGroup-04" status="FAILED">
         <failure type="FAILED" message="Unable to verify match between actual text '' and expected text 'AutomationGroup' (Root cause: Actual text '' and expected text 'AutomationGroup' are not matched)"/>
         <system-out><![CDATA[2018-07-11 11:52:02 - [TEST_CASE][FAILED] - Test Cases/CreateGroupTC/HME-CreateGroup-04: Test Cases/CreateGroupTC/HME-CreateGroup-04 FAILED because (of) Unable to verify match between actual text '' and expected text 'AutomationGroup' (Root cause: Actual text '' and expected text 'AutomationGroup' are not matched)

2018-07-11 11:52:02 - [TEST_STEP][PASSED] - Start listener action : sampleBeforeTestCase: uiaction.CommonUIActions.deleteAllCookies is PASSED

2018-07-11 11:52:02 - [TEST_STEP][PASSED] - openBrowser: Browser is opened with url: ''

2018-07-11 11:52:04 - [MESSAGE][PASSED] - Browser is opened with url: ''

2018-07-11 11:52:04 - [TEST_STEP][PASSED] - maximizeWindow: Current window maximized

2018-07-11 11:52:05 - [MESSAGE][PASSED] - Current window maximized

2018-07-11 11:52:05 - [TEST_STEP][PASSED] - uiaction.CommonUIActions.deleteAllCookies: uiaction.CommonUIActions.deleteAllCookies is PASSED

2018-07-11 11:52:05 - [MESSAGE][PASSED] - Delete all cookies successfully

2018-07-11 11:52:05 - [MESSAGE][PASSED] - uiaction.CommonUIActions.deleteAllCookies is PASSED

2018-07-11 11:52:05 - [TEST_STEP][PASSED] - Statement - TCflag = true: null

2018-07-11 11:52:05 - [TEST_STEP][FAILED] - Statement - Try: uiaction.CommonUIActions.click is PASSED

2018-07-11 11:52:05 - [TEST_STEP][PASSED] - navigateToUrl: Navigate to 'https://engdev.hmedtcloud.com/?pg=Login' successfully

2018-07-11 11:52:13 - [MESSAGE][PASSED] - Navigate to 'https://engdev.hmedtcloud.com/?pg=Login' successfully

2018-07-11 11:52:13 - [TEST_STEP][PASSED] - projectSpecific.Reusability.login: projectSpecific.Reusability.login is PASSED

2018-07-11 11:52:13 - [MESSAGE][PASSED] - projectSpecific.Reusability.getTestData is PASSED

2018-07-11 11:52:13 - [MESSAGE][PASSED] - projectSpecific.Reusability.getTestData is PASSED

2018-07-11 11:52:13 - [MESSAGE][PASSED] - Text 'selvendrank@nousinfo.com' is set on object 'Object Repository/LoginPage/Username'

2018-07-11 11:52:13 - [MESSAGE][PASSED] - Text 'Nous;123' is set on object 'Object Repository/LoginPage/Password'

2018-07-11 11:52:27 - [MESSAGE][PASSED] - Object: 'Object Repository/LoginPage/Login' is clicked on

2018-07-11 11:52:27 - [MESSAGE][PASSED] - projectSpecific.Reusability.login is PASSED

2018-07-11 11:52:27 - [TEST_STEP][PASSED] - delay: Delayed 10 second(s)

2018-07-11 11:52:37 - [MESSAGE][PASSED] - Delayed 10 second(s)

2018-07-11 11:52:37 - [TEST_STEP][PASSED] - uiaction.CommonUIActions.click: uiaction.CommonUIActions.click is PASSED

2018-07-11 11:52:55 - [MESSAGE][PASSED] - uiaction.CommonUIActions.click is PASSED

2018-07-11 11:52:55 - [TEST_STEP][PASSED] - delay: Delayed 10 second(s)

2018-07-11 11:53:05 - [MESSAGE][PASSED] - Delayed 10 second(s)

2018-07-11 11:53:05 - [TEST_STEP][PASSED] - uiaction.CommonUIActions.click: uiaction.CommonUIActions.click is PASSED

2018-07-11 11:53:15 - [MESSAGE][PASSED] - uiaction.CommonUIActions.click is PASSED

2018-07-11 11:53:15 - [TEST_STEP][PASSED] - uiaction.CommonUIActions.click: uiaction.CommonUIActions.click is PASSED

2018-07-11 11:53:20 - [MESSAGE][PASSED] - uiaction.CommonUIActions.click is PASSED

2018-07-11 11:53:20 - [TEST_STEP][PASSED] - verifyElementPresent: Object 'Object Repository/ReportingGroupManagement/reportingGroupDetails' is present

2018-07-11 11:53:20 - [MESSAGE][PASSED] - Object 'Object Repository/ReportingGroupManagement/reportingGroupDetails' is present

2018-07-11 11:53:20 - [TEST_STEP][PASSED] - Statement - grpName = CustomKeywords.uiaction.CommonUIActions.getText(com.kms.katalon.core.testobject.ObjectRepository.findTestObject(ReportingGroupManagement/groupName)): uiaction.CommonUIActions.getText is PASSED

2018-07-11 11:53:20 - [MESSAGE][PASSED] - uiaction.CommonUIActions.getText is PASSED

2018-07-11 11:53:20 - [TEST_STEP][PASSED] - Statement - println("grpName"): null

2018-07-11 11:53:20 - [TEST_STEP][PASSED] - Statement - If (grpName.contains("*")): null

2018-07-11 11:53:20 - [TEST_STEP][PASSED] - Statement - out.println("Group Name text box is marked with asterisk symbol"): null

2018-07-11 11:53:20 - [TEST_STEP][PASSED] - uiaction.CommonUIActions.enter: uiaction.CommonUIActions.enter is PASSED

2018-07-11 11:53:21 - [MESSAGE][PASSED] - projectSpecific.Reusability.getTestData is PASSED

2018-07-11 11:53:21 - [MESSAGE][PASSED] - uiaction.CommonUIActions.enter is PASSED

2018-07-11 11:53:21 - [TEST_STEP][PASSED] - uiaction.CommonUIActions.enter: uiaction.CommonUIActions.enter is PASSED

2018-07-11 11:53:21 - [MESSAGE][PASSED] - projectSpecific.Reusability.getTestData is PASSED

2018-07-11 11:53:21 - [MESSAGE][PASSED] - uiaction.CommonUIActions.enter is PASSED

2018-07-11 11:53:21 - [TEST_STEP][PASSED] - uiaction.CommonUIActions.click: uiaction.CommonUIActions.click is PASSED

2018-07-11 11:53:26 - [MESSAGE][PASSED] - uiaction.CommonUIActions.click is PASSED

2018-07-11 11:53:26 - [TEST_STEP][PASSED] - delay: Delayed 10 second(s)

2018-07-11 11:53:36 - [MESSAGE][PASSED] - Delayed 10 second(s)

2018-07-11 11:53:36 - [TEST_STEP][PASSED] - uiaction.CommonUIActions.back: uiaction.CommonUIActions.back is PASSED

2018-07-11 11:53:36 - [MESSAGE][PASSED] - Navigate back successfully

2018-07-11 11:53:36 - [MESSAGE][PASSED] - uiaction.CommonUIActions.back is PASSED

2018-07-11 11:53:36 - [TEST_STEP][PASSED] - delay: Delayed 5 second(s)

2018-07-11 11:53:41 - [MESSAGE][PASSED] - Delayed 5 second(s)

2018-07-11 11:53:41 - [TEST_STEP][PASSED] - uiaction.CommonUIActions.enter: uiaction.CommonUIActions.enter is PASSED

2018-07-11 11:53:41 - [MESSAGE][PASSED] - projectSpecific.Reusability.getTestData is PASSED

2018-07-11 11:54:02 - [MESSAGE][PASSED] - uiaction.CommonUIActions.enter is PASSED

2018-07-11 11:54:02 - [TEST_STEP][PASSED] - uiaction.CommonUIActions.enter: uiaction.CommonUIActions.enter is PASSED

2018-07-11 11:54:02 - [MESSAGE][PASSED] - projectSpecific.Reusability.getTestData is PASSED

2018-07-11 11:54:22 - [MESSAGE][PASSED] - uiaction.CommonUIActions.enter is PASSED

2018-07-11 11:54:22 - [TEST_STEP][PASSED] - uiaction.CommonUIActions.click: uiaction.CommonUIActions.click is PASSED

2018-07-11 11:54:43 - [MESSAGE][PASSED] - uiaction.CommonUIActions.click is PASSED

2018-07-11 11:54:43 - [TEST_STEP][PASSED] - delay: Delayed 10 second(s)

2018-07-11 11:54:53 - [MESSAGE][PASSED] - Delayed 10 second(s)

2018-07-11 11:54:53 - [TEST_STEP][PASSED] - uiaction.CommonUIActions.back: uiaction.CommonUIActions.back is PASSED

2018-07-11 11:54:53 - [MESSAGE][PASSED] - Navigate back successfully

2018-07-11 11:54:53 - [MESSAGE][PASSED] - uiaction.CommonUIActions.back is PASSED

2018-07-11 11:54:53 - [TEST_STEP][PASSED] - delay: Delayed 5 second(s)

2018-07-11 11:54:58 - [MESSAGE][PASSED] - Delayed 5 second(s)

2018-07-11 11:54:58 - [TEST_STEP][PASSED] - uiaction.CommonUIActions.back: uiaction.CommonUIActions.back is PASSED

2018-07-11 11:54:58 - [MESSAGE][PASSED] - Navigate back successfully

2018-07-11 11:54:58 - [MESSAGE][PASSED] - uiaction.CommonUIActions.back is PASSED

2018-07-11 11:54:58 - [TEST_STEP][PASSED] - delay: Delayed 5 second(s)

2018-07-11 11:55:03 - [MESSAGE][PASSED] - Delayed 5 second(s)

2018-07-11 11:55:03 - [TEST_STEP][PASSED] - uiaction.CommonUIActions.click: uiaction.CommonUIActions.click is PASSED

2018-07-11 11:55:08 - [MESSAGE][PASSED] - uiaction.CommonUIActions.click is PASSED

2018-07-11 11:55:08 - [TEST_STEP][PASSED] - Statement - StoreList = CustomKeywords.projectSpecific.Reusability.getTestData("ReportingGroupManagementPage", "dummyGroupName2"): projectSpecific.Reusability.getTestData is PASSED

2018-07-11 11:55:08 - [MESSAGE][PASSED] - projectSpecific.Reusability.getTestData is PASSED

2018-07-11 11:55:08 - [TEST_STEP][PASSED] - Statement - listOfStores = new java.util.ArrayList(java.util.Arrays.asList(StoreList)): null

2018-07-11 11:55:08 - [TEST_STEP][PASSED] - Statement - out.println(listOfStores): null

2018-07-11 11:55:08 - [TEST_STEP][PASSED] - delay: Delayed 10 second(s)

2018-07-11 11:55:18 - [MESSAGE][PASSED] - Delayed 10 second(s)

2018-07-11 11:55:18 - [TEST_STEP][PASSED] - Statement - driver = com.kms.katalon.core.webui.driver.DriverFactory.getWebDriver(): null

2018-07-11 11:55:18 - [TEST_STEP][PASSED] - Statement - availableStoreList = driver.findElements(org.openqa.selenium.By.xpath(com.kms.katalon.core.testdata.TestDataFactory.findTestData(OR_file).getValue(2, 10))): Reading excel file with source file 'E:\HME_workspace\HME_DEVScripts\Data Files\HME_OR.xlsx' and sheet name 'Sheet1'

2018-07-11 11:55:18 - [TEST_STEP][PASSED] - Statement - actualList = new java.util.ArrayList(): null

2018-07-11 11:55:18 - [TEST_STEP][PASSED] - Statement - For ([i = 0, i < availableStoreList.size(), (i++)]): null

2018-07-11 11:55:18 - [TEST_STEP][PASSED] - Statement - actualList.add(i, availableStoreList.get(i).getText()): null

2018-07-11 11:55:18 - [TEST_STEP][PASSED] - Statement - actualList.add(i, availableStoreList.get(i).getText()): null

2018-07-11 11:55:18 - [TEST_STEP][PASSED] - Statement - actualList.add(i, availableStoreList.get(i).getText()): null

2018-07-11 11:55:18 - [TEST_STEP][PASSED] - Statement - actualList.add(i, availableStoreList.get(i).getText()): null

2018-07-11 11:55:18 - [TEST_STEP][PASSED] - Statement - actualList.add(i, availableStoreList.get(i).getText()): null

2018-07-11 11:55:18 - [TEST_STEP][PASSED] - Statement - actualList.add(i, availableStoreList.get(i).getText()): null

2018-07-11 11:55:18 - [TEST_STEP][PASSED] - Statement - actualList.add(i, availableStoreList.get(i).getText()): null

2018-07-11 11:55:18 - [TEST_STEP][PASSED] - Statement - actualList.add(i, availableStoreList.get(i).getText()): null

2018-07-11 11:55:18 - [TEST_STEP][PASSED] - Statement - actualList.add(i, availableStoreList.get(i).getText()): null

2018-07-11 11:55:18 - [TEST_STEP][PASSED] - Statement - actualList.add(i, availableStoreList.get(i).getText()): null

2018-07-11 11:55:18 - [TEST_STEP][PASSED] - Statement - actualList.add(i, availableStoreList.get(i).getText()): null

2018-07-11 11:55:18 - [TEST_STEP][PASSED] - Statement - actualList.add(i, availableStoreList.get(i).getText()): null

2018-07-11 11:55:18 - [TEST_STEP][PASSED] - Statement - actualList.add(i, availableStoreList.get(i).getText()): null

2018-07-11 11:55:18 - [TEST_STEP][PASSED] - Statement - actualList.add(i, availableStoreList.get(i).getText()): null

2018-07-11 11:55:18 - [TEST_STEP][PASSED] - Statement - actualList.add(i, availableStoreList.get(i).getText()): null

2018-07-11 11:55:18 - [TEST_STEP][PASSED] - Statement - actualList.add(i, availableStoreList.get(i).getText()): null

2018-07-11 11:55:18 - [TEST_STEP][PASSED] - Statement - actualList.add(i, availableStoreList.get(i).getText()): null

2018-07-11 11:55:18 - [TEST_STEP][PASSED] - Statement - actualList.add(i, availableStoreList.get(i).getText()): null

2018-07-11 11:55:18 - [TEST_STEP][PASSED] - Statement - actualList.add(i, availableStoreList.get(i).getText()): null

2018-07-11 11:55:18 - [TEST_STEP][PASSED] - Statement - actualList.add(i, availableStoreList.get(i).getText()): null

2018-07-11 11:55:18 - [TEST_STEP][PASSED] - Statement - actualList.add(i, availableStoreList.get(i).getText()): null

2018-07-11 11:55:19 - [TEST_STEP][PASSED] - Statement - actualList.add(i, availableStoreList.get(i).getText()): null

2018-07-11 11:55:19 - [TEST_STEP][PASSED] - Statement - actualList.add(i, availableStoreList.get(i).getText()): null

2018-07-11 11:55:19 - [TEST_STEP][PASSED] - Statement - actualList.add(i, availableStoreList.get(i).getText()): null

2018-07-11 11:55:19 - [TEST_STEP][PASSED] - Statement - actualList.add(i, availableStoreList.get(i).getText()): null

2018-07-11 11:55:19 - [TEST_STEP][PASSED] - Statement - actualList.add(i, availableStoreList.get(i).getText()): null

2018-07-11 11:55:19 - [TEST_STEP][PASSED] - Statement - actualList.add(i, availableStoreList.get(i).getText()): null

2018-07-11 11:55:19 - [TEST_STEP][PASSED] - Statement - actualList.add(i, availableStoreList.get(i).getText()): null

2018-07-11 11:55:19 - [TEST_STEP][PASSED] - Statement - actualList.add(i, availableStoreList.get(i).getText()): null

2018-07-11 11:55:19 - [TEST_STEP][PASSED] - Statement - actualList.add(i, availableStoreList.get(i).getText()): null

2018-07-11 11:55:19 - [TEST_STEP][PASSED] - Statement - actualList.add(i, availableStoreList.get(i).getText()): null

2018-07-11 11:55:19 - [TEST_STEP][PASSED] - Statement - actualList.add(i, availableStoreList.get(i).getText()): null

2018-07-11 11:55:19 - [TEST_STEP][PASSED] - Statement - actualList.add(i, availableStoreList.get(i).getText()): null

2018-07-11 11:55:19 - [TEST_STEP][PASSED] - Statement - actualList.add(i, availableStoreList.get(i).getText()): null

2018-07-11 11:55:19 - [TEST_STEP][PASSED] - Statement - actualList.add(i, availableStoreList.get(i).getText()): null

2018-07-11 11:55:19 - [TEST_STEP][PASSED] - Statement - actualList.add(i, availableStoreList.get(i).getText()): null

2018-07-11 11:55:19 - [TEST_STEP][PASSED] - Statement - actualList.add(i, availableStoreList.get(i).getText()): null

2018-07-11 11:55:19 - [TEST_STEP][PASSED] - Statement - actualList.add(i, availableStoreList.get(i).getText()): null

2018-07-11 11:55:19 - [TEST_STEP][PASSED] - Statement - actualList.add(i, availableStoreList.get(i).getText()): null

2018-07-11 11:55:19 - [TEST_STEP][PASSED] - Statement - actualList.add(i, availableStoreList.get(i).getText()): null

2018-07-11 11:55:19 - [TEST_STEP][PASSED] - Statement - actualList.add(i, availableStoreList.get(i).getText()): null

2018-07-11 11:55:19 - [TEST_STEP][PASSED] - Statement - actualList.add(i, availableStoreList.get(i).getText()): null

2018-07-11 11:55:19 - [TEST_STEP][PASSED] - Statement - actualList.add(i, availableStoreList.get(i).getText()): null

2018-07-11 11:55:19 - [TEST_STEP][PASSED] - Statement - actualList.add(i, availableStoreList.get(i).getText()): null

2018-07-11 11:55:19 - [TEST_STEP][PASSED] - Statement - actualList.add(i, availableStoreList.get(i).getText()): null

2018-07-11 11:55:19 - [TEST_STEP][PASSED] - Statement - actualList.add(i, availableStoreList.get(i).getText()): null

2018-07-11 11:55:19 - [TEST_STEP][PASSED] - Statement - actualList.add(i, availableStoreList.get(i).getText()): null

2018-07-11 11:55:19 - [TEST_STEP][PASSED] - Statement - actualList.add(i, availableStoreList.get(i).getText()): null

2018-07-11 11:55:19 - [TEST_STEP][PASSED] - Statement - actualList.add(i, availableStoreList.get(i).getText()): null

2018-07-11 11:55:19 - [TEST_STEP][PASSED] - Statement - actualList.add(i, availableStoreList.get(i).getText()): null

2018-07-11 11:55:19 - [TEST_STEP][PASSED] - Statement - actualList.add(i, availableStoreList.get(i).getText()): null

2018-07-11 11:55:19 - [TEST_STEP][PASSED] - Statement - actualList.add(i, availableStoreList.get(i).getText()): null

2018-07-11 11:55:19 - [TEST_STEP][PASSED] - Statement - actualList.add(i, availableStoreList.get(i).getText()): null

2018-07-11 11:55:19 - [TEST_STEP][PASSED] - Statement - actualList.add(i, availableStoreList.get(i).getText()): null

2018-07-11 11:55:19 - [TEST_STEP][PASSED] - Statement - actualList.add(i, availableStoreList.get(i).getText()): null

2018-07-11 11:55:19 - [TEST_STEP][PASSED] - Statement - actualList.add(i, availableStoreList.get(i).getText()): null

2018-07-11 11:55:19 - [TEST_STEP][PASSED] - Statement - actualList.add(i, availableStoreList.get(i).getText()): null

2018-07-11 11:55:19 - [TEST_STEP][PASSED] - Statement - actualList.add(i, availableStoreList.get(i).getText()): null

2018-07-11 11:55:19 - [TEST_STEP][PASSED] - Statement - actualList.add(i, availableStoreList.get(i).getText()): null

2018-07-11 11:55:19 - [TEST_STEP][PASSED] - Statement - actualList.add(i, availableStoreList.get(i).getText()): null

2018-07-11 11:55:19 - [TEST_STEP][PASSED] - Statement - actualList.add(i, availableStoreList.get(i).getText()): null

2018-07-11 11:55:19 - [TEST_STEP][PASSED] - Statement - actualList.add(i, availableStoreList.get(i).getText()): null

2018-07-11 11:55:20 - [TEST_STEP][PASSED] - Statement - actualList.add(i, availableStoreList.get(i).getText()): null

2018-07-11 11:55:20 - [TEST_STEP][PASSED] - Statement - actualList.add(i, availableStoreList.get(i).getText()): null

2018-07-11 11:55:20 - [TEST_STEP][PASSED] - Statement - actualList.add(i, availableStoreList.get(i).getText()): null

2018-07-11 11:55:20 - [TEST_STEP][PASSED] - Statement - actualList.add(i, availableStoreList.get(i).getText()): null

2018-07-11 11:55:20 - [TEST_STEP][PASSED] - Statement - actualList.add(i, availableStoreList.get(i).getText()): null

2018-07-11 11:55:20 - [TEST_STEP][PASSED] - Statement - actualList.add(i, availableStoreList.get(i).getText()): null

2018-07-11 11:55:20 - [TEST_STEP][PASSED] - Statement - actualList.add(i, availableStoreList.get(i).getText()): null

2018-07-11 11:55:20 - [TEST_STEP][PASSED] - Statement - actualList.add(i, availableStoreList.get(i).getText()): null

2018-07-11 11:55:20 - [TEST_STEP][PASSED] - Statement - actualList.add(i, availableStoreList.get(i).getText()): null

2018-07-11 11:55:20 - [TEST_STEP][PASSED] - Statement - actualList.add(i, availableStoreList.get(i).getText()): null

2018-07-11 11:55:20 - [TEST_STEP][PASSED] - Statement - actualList.add(i, availableStoreList.get(i).getText()): null

2018-07-11 11:55:20 - [TEST_STEP][PASSED] - Statement - actualList.add(i, availableStoreList.get(i).getText()): null

2018-07-11 11:55:20 - [TEST_STEP][PASSED] - Statement - actualList.add(i, availableStoreList.get(i).getText()): null

2018-07-11 11:55:20 - [TEST_STEP][PASSED] - Statement - actualList.add(i, availableStoreList.get(i).getText()): null

2018-07-11 11:55:20 - [TEST_STEP][PASSED] - Statement - actualList.add(i, availableStoreList.get(i).getText()): null

2018-07-11 11:55:20 - [TEST_STEP][PASSED] - Statement - actualList.add(i, availableStoreList.get(i).getText()): null

2018-07-11 11:55:20 - [TEST_STEP][PASSED] - Statement - actualList.add(i, availableStoreList.get(i).getText()): null

2018-07-11 11:55:20 - [TEST_STEP][PASSED] - Statement - actualList.add(i, availableStoreList.get(i).getText()): null

2018-07-11 11:55:20 - [TEST_STEP][PASSED] - Statement - actualList.add(i, availableStoreList.get(i).getText()): null

2018-07-11 11:55:20 - [TEST_STEP][PASSED] - Statement - actualList.add(i, availableStoreList.get(i).getText()): null

2018-07-11 11:55:20 - [TEST_STEP][PASSED] - Statement - actualList.add(i, availableStoreList.get(i).getText()): null

2018-07-11 11:55:20 - [TEST_STEP][PASSED] - Statement - actualList.add(i, availableStoreList.get(i).getText()): null

2018-07-11 11:55:20 - [TEST_STEP][PASSED] - Statement - actualList.add(i, availableStoreList.get(i).getText()): null

2018-07-11 11:55:20 - [TEST_STEP][PASSED] - Statement - actualList.add(i, availableStoreList.get(i).getText()): null

2018-07-11 11:55:20 - [TEST_STEP][PASSED] - Statement - actualList.add(i, availableStoreList.get(i).getText()): null

2018-07-11 11:55:20 - [TEST_STEP][PASSED] - Statement - actualList.add(i, availableStoreList.get(i).getText()): null

2018-07-11 11:55:20 - [TEST_STEP][PASSED] - Statement - actualList.add(i, availableStoreList.get(i).getText()): null

2018-07-11 11:55:20 - [TEST_STEP][PASSED] - Statement - actualList.add(i, availableStoreList.get(i).getText()): null

2018-07-11 11:55:20 - [TEST_STEP][PASSED] - Statement - actualList.add(i, availableStoreList.get(i).getText()): null

2018-07-11 11:55:20 - [TEST_STEP][PASSED] - Statement - actualList.add(i, availableStoreList.get(i).getText()): null

2018-07-11 11:55:20 - [TEST_STEP][PASSED] - Statement - actualList.add(i, availableStoreList.get(i).getText()): null

2018-07-11 11:55:20 - [TEST_STEP][PASSED] - Statement - actualList.add(i, availableStoreList.get(i).getText()): null

2018-07-11 11:55:20 - [TEST_STEP][PASSED] - Statement - actualList.add(i, availableStoreList.get(i).getText()): null

2018-07-11 11:55:20 - [TEST_STEP][PASSED] - Statement - actualList.add(i, availableStoreList.get(i).getText()): null

2018-07-11 11:55:20 - [TEST_STEP][PASSED] - Statement - actualList.add(i, availableStoreList.get(i).getText()): null

2018-07-11 11:55:20 - [TEST_STEP][PASSED] - Statement - actualList.add(i, availableStoreList.get(i).getText()): null

2018-07-11 11:55:20 - [TEST_STEP][PASSED] - Statement - actualList.add(i, availableStoreList.get(i).getText()): null

2018-07-11 11:55:20 - [TEST_STEP][PASSED] - Statement - actualList.add(i, availableStoreList.get(i).getText()): null

2018-07-11 11:55:21 - [TEST_STEP][PASSED] - Statement - actualList.add(i, availableStoreList.get(i).getText()): null

2018-07-11 11:55:21 - [TEST_STEP][PASSED] - Statement - actualList.add(i, availableStoreList.get(i).getText()): null

2018-07-11 11:55:21 - [TEST_STEP][PASSED] - Statement - actualList.add(i, availableStoreList.get(i).getText()): null

2018-07-11 11:55:21 - [TEST_STEP][PASSED] - Statement - actualList.add(i, availableStoreList.get(i).getText()): null

2018-07-11 11:55:21 - [TEST_STEP][PASSED] - Statement - actualList.add(i, availableStoreList.get(i).getText()): null

2018-07-11 11:55:21 - [TEST_STEP][PASSED] - Statement - actualList.add(i, availableStoreList.get(i).getText()): null

2018-07-11 11:55:21 - [TEST_STEP][PASSED] - Statement - actualList.add(i, availableStoreList.get(i).getText()): null

2018-07-11 11:55:21 - [TEST_STEP][PASSED] - Statement - actualList.add(i, availableStoreList.get(i).getText()): null

2018-07-11 11:55:21 - [TEST_STEP][PASSED] - Statement - actualList.add(i, availableStoreList.get(i).getText()): null

2018-07-11 11:55:21 - [TEST_STEP][PASSED] - Statement - actualList.add(i, availableStoreList.get(i).getText()): null

2018-07-11 11:55:21 - [TEST_STEP][PASSED] - Statement - actualList.add(i, availableStoreList.get(i).getText()): null

2018-07-11 11:55:21 - [TEST_STEP][PASSED] - Statement - actualList.add(i, availableStoreList.get(i).getText()): null

2018-07-11 11:55:21 - [TEST_STEP][PASSED] - Statement - actualList.add(i, availableStoreList.get(i).getText()): null

2018-07-11 11:55:21 - [TEST_STEP][PASSED] - Statement - actualList.add(i, availableStoreList.get(i).getText()): null

2018-07-11 11:55:21 - [TEST_STEP][PASSED] - Statement - actualList.add(i, availableStoreList.get(i).getText()): null

2018-07-11 11:55:21 - [TEST_STEP][PASSED] - Statement - actualList.add(i, availableStoreList.get(i).getText()): null

2018-07-11 11:55:21 - [TEST_STEP][PASSED] - Statement - actualList.add(i, availableStoreList.get(i).getText()): null

2018-07-11 11:55:21 - [TEST_STEP][PASSED] - Statement - actualList.add(i, availableStoreList.get(i).getText()): null

2018-07-11 11:55:21 - [TEST_STEP][PASSED] - Statement - actualList.add(i, availableStoreList.get(i).getText()): null

2018-07-11 11:55:21 - [TEST_STEP][PASSED] - Statement - actualList.add(i, availableStoreList.get(i).getText()): null

2018-07-11 11:55:21 - [TEST_STEP][PASSED] - Statement - actualList.add(i, availableStoreList.get(i).getText()): null

2018-07-11 11:55:21 - [TEST_STEP][PASSED] - Statement - actualList.add(i, availableStoreList.get(i).getText()): null

2018-07-11 11:55:22 - [TEST_STEP][PASSED] - Statement - actualList.add(i, availableStoreList.get(i).getText()): null

2018-07-11 11:55:22 - [TEST_STEP][PASSED] - Statement - actualList.add(i, availableStoreList.get(i).getText()): null

2018-07-11 11:55:22 - [TEST_STEP][PASSED] - Statement - actualList.add(i, availableStoreList.get(i).getText()): null

2018-07-11 11:55:22 - [TEST_STEP][PASSED] - Statement - actualList.add(i, availableStoreList.get(i).getText()): null

2018-07-11 11:55:22 - [TEST_STEP][PASSED] - Statement - actualList.add(i, availableStoreList.get(i).getText()): null

2018-07-11 11:55:22 - [TEST_STEP][PASSED] - Statement - actualList.add(i, availableStoreList.get(i).getText()): null

2018-07-11 11:55:22 - [TEST_STEP][PASSED] - Statement - actualList.add(i, availableStoreList.get(i).getText()): null

2018-07-11 11:55:22 - [TEST_STEP][PASSED] - Statement - actualList.add(i, availableStoreList.get(i).getText()): null

2018-07-11 11:55:22 - [TEST_STEP][PASSED] - Statement - actualList.add(i, availableStoreList.get(i).getText()): null

2018-07-11 11:55:22 - [TEST_STEP][PASSED] - Statement - actualList.add(i, availableStoreList.get(i).getText()): null

2018-07-11 11:55:22 - [TEST_STEP][PASSED] - Statement - actualList.add(i, availableStoreList.get(i).getText()): null

2018-07-11 11:55:22 - [TEST_STEP][PASSED] - Statement - actualList.add(i, availableStoreList.get(i).getText()): null

2018-07-11 11:55:22 - [TEST_STEP][PASSED] - Statement - actualList.add(i, availableStoreList.get(i).getText()): null

2018-07-11 11:55:22 - [TEST_STEP][PASSED] - Statement - actualList.add(i, availableStoreList.get(i).getText()): null

2018-07-11 11:55:22 - [TEST_STEP][PASSED] - Statement - actualList.add(i, availableStoreList.get(i).getText()): null

2018-07-11 11:55:22 - [TEST_STEP][PASSED] - Statement - actualList.add(i, availableStoreList.get(i).getText()): null

2018-07-11 11:55:22 - [TEST_STEP][PASSED] - Statement - actualList.add(i, availableStoreList.get(i).getText()): null

2018-07-11 11:55:22 - [TEST_STEP][PASSED] - Statement - actualList.add(i, availableStoreList.get(i).getText()): null

2018-07-11 11:55:23 - [TEST_STEP][PASSED] - Statement - actualList.add(i, availableStoreList.get(i).getText()): null

2018-07-11 11:55:23 - [TEST_STEP][PASSED] - Statement - actualList.add(i, availableStoreList.get(i).getText()): null

2018-07-11 11:55:23 - [TEST_STEP][PASSED] - Statement - actualList.add(i, availableStoreList.get(i).getText()): null

2018-07-11 11:55:23 - [TEST_STEP][PASSED] - Statement - actualList.add(i, availableStoreList.get(i).getText()): null

2018-07-11 11:55:23 - [TEST_STEP][PASSED] - Statement - actualList.add(i, availableStoreList.get(i).getText()): null

2018-07-11 11:55:23 - [TEST_STEP][PASSED] - Statement - actualList.add(i, availableStoreList.get(i).getText()): null

2018-07-11 11:55:23 - [TEST_STEP][PASSED] - Statement - actualList.add(i, availableStoreList.get(i).getText()): null

2018-07-11 11:55:23 - [TEST_STEP][PASSED] - Statement - actualList.add(i, availableStoreList.get(i).getText()): null

2018-07-11 11:55:23 - [TEST_STEP][PASSED] - Statement - actualList.add(i, availableStoreList.get(i).getText()): null

2018-07-11 11:55:23 - [TEST_STEP][PASSED] - Statement - actualList.add(i, availableStoreList.get(i).getText()): null

2018-07-11 11:55:23 - [TEST_STEP][PASSED] - Statement - actualList.add(i, availableStoreList.get(i).getText()): null

2018-07-11 11:55:23 - [TEST_STEP][PASSED] - Statement - actualList.add(i, availableStoreList.get(i).getText()): null

2018-07-11 11:55:23 - [TEST_STEP][PASSED] - Statement - actualList.add(i, availableStoreList.get(i).getText()): null

2018-07-11 11:55:23 - [TEST_STEP][PASSED] - Statement - actualList.add(i, availableStoreList.get(i).getText()): null

2018-07-11 11:55:23 - [TEST_STEP][PASSED] - Statement - actualList.add(i, availableStoreList.get(i).getText()): null

2018-07-11 11:55:23 - [TEST_STEP][PASSED] - Statement - actualList.add(i, availableStoreList.get(i).getText()): null

2018-07-11 11:55:23 - [TEST_STEP][PASSED] - Statement - actualList.add(i, availableStoreList.get(i).getText()): null

2018-07-11 11:55:23 - [TEST_STEP][PASSED] - Statement - actualList.add(i, availableStoreList.get(i).getText()): null

2018-07-11 11:55:23 - [TEST_STEP][PASSED] - Statement - actualList.add(i, availableStoreList.get(i).getText()): null

2018-07-11 11:55:23 - [TEST_STEP][PASSED] - Statement - actualList.add(i, availableStoreList.get(i).getText()): null

2018-07-11 11:55:23 - [TEST_STEP][PASSED] - Statement - actualList.add(i, availableStoreList.get(i).getText()): null

2018-07-11 11:55:23 - [TEST_STEP][PASSED] - Statement - actualList.add(i, availableStoreList.get(i).getText()): null

2018-07-11 11:55:23 - [TEST_STEP][PASSED] - Statement - actualList.add(i, availableStoreList.get(i).getText()): null

2018-07-11 11:55:23 - [TEST_STEP][PASSED] - Statement - actualList.add(i, availableStoreList.get(i).getText()): null

2018-07-11 11:55:23 - [TEST_STEP][PASSED] - Statement - actualList.add(i, availableStoreList.get(i).getText()): null

2018-07-11 11:55:23 - [TEST_STEP][PASSED] - Statement - actualList.add(i, availableStoreList.get(i).getText()): null

2018-07-11 11:55:23 - [TEST_STEP][PASSED] - Statement - actualList.add(i, availableStoreList.get(i).getText()): null

2018-07-11 11:55:23 - [TEST_STEP][PASSED] - Statement - actualList.add(i, availableStoreList.get(i).getText()): null

2018-07-11 11:55:24 - [TEST_STEP][PASSED] - Statement - actualList.add(i, availableStoreList.get(i).getText()): null

2018-07-11 11:55:24 - [TEST_STEP][PASSED] - Statement - actualList.add(i, availableStoreList.get(i).getText()): null

2018-07-11 11:55:24 - [TEST_STEP][PASSED] - Statement - actualList.add(i, availableStoreList.get(i).getText()): null

2018-07-11 11:55:24 - [TEST_STEP][PASSED] - Statement - actualList.add(i, availableStoreList.get(i).getText()): null

2018-07-11 11:55:24 - [TEST_STEP][PASSED] - Statement - actualList.add(i, availableStoreList.get(i).getText()): null

2018-07-11 11:55:24 - [TEST_STEP][PASSED] - Statement - actualList.add(i, availableStoreList.get(i).getText()): null

2018-07-11 11:55:24 - [TEST_STEP][PASSED] - Statement - actualList.add(i, availableStoreList.get(i).getText()): null

2018-07-11 11:55:24 - [TEST_STEP][PASSED] - Statement - actualList.add(i, availableStoreList.get(i).getText()): null

2018-07-11 11:55:24 - [TEST_STEP][PASSED] - Statement - actualList.add(i, availableStoreList.get(i).getText()): null

2018-07-11 11:55:24 - [TEST_STEP][PASSED] - Statement - actualList.add(i, availableStoreList.get(i).getText()): null

2018-07-11 11:55:24 - [TEST_STEP][PASSED] - Statement - actualList.add(i, availableStoreList.get(i).getText()): null

2018-07-11 11:55:24 - [TEST_STEP][PASSED] - Statement - actualList.add(i, availableStoreList.get(i).getText()): null

2018-07-11 11:55:24 - [TEST_STEP][PASSED] - Statement - actualList.add(i, availableStoreList.get(i).getText()): null

2018-07-11 11:55:24 - [TEST_STEP][PASSED] - Statement - actualList.add(i, availableStoreList.get(i).getText()): null

2018-07-11 11:55:24 - [TEST_STEP][PASSED] - Statement - actualList.add(i, availableStoreList.get(i).getText()): null

2018-07-11 11:55:24 - [TEST_STEP][PASSED] - Statement - actualList.add(i, availableStoreList.get(i).getText()): null

2018-07-11 11:55:24 - [TEST_STEP][PASSED] - Statement - actualList.add(i, availableStoreList.get(i).getText()): null

2018-07-11 11:55:24 - [TEST_STEP][PASSED] - Statement - actualList.add(i, availableStoreList.get(i).getText()): null

2018-07-11 11:55:24 - [TEST_STEP][PASSED] - Statement - actualList.add(i, availableStoreList.get(i).getText()): null

2018-07-11 11:55:24 - [TEST_STEP][PASSED] - Statement - actualList.add(i, availableStoreList.get(i).getText()): null

2018-07-11 11:55:24 - [TEST_STEP][PASSED] - Statement - actualList.add(i, availableStoreList.get(i).getText()): null

2018-07-11 11:55:25 - [TEST_STEP][PASSED] - Statement - actualList.add(i, availableStoreList.get(i).getText()): null

2018-07-11 11:55:25 - [TEST_STEP][PASSED] - Statement - actualList.add(i, availableStoreList.get(i).getText()): null

2018-07-11 11:55:25 - [TEST_STEP][PASSED] - Statement - actualList.add(i, availableStoreList.get(i).getText()): null

2018-07-11 11:55:25 - [TEST_STEP][PASSED] - Statement - actualList.add(i, availableStoreList.get(i).getText()): null

2018-07-11 11:55:25 - [TEST_STEP][PASSED] - Statement - actualList.add(i, availableStoreList.get(i).getText()): null

2018-07-11 11:55:25 - [TEST_STEP][PASSED] - Statement - actualList.add(i, availableStoreList.get(i).getText()): null

2018-07-11 11:55:25 - [TEST_STEP][PASSED] - Statement - actualList.add(i, availableStoreList.get(i).getText()): null

2018-07-11 11:55:25 - [TEST_STEP][PASSED] - Statement - actualList.add(i, availableStoreList.get(i).getText()): null

2018-07-11 11:55:25 - [TEST_STEP][PASSED] - Statement - actualList.add(i, availableStoreList.get(i).getText()): null

2018-07-11 11:55:25 - [TEST_STEP][PASSED] - Statement - actualList.add(i, availableStoreList.get(i).getText()): null

2018-07-11 11:55:25 - [TEST_STEP][PASSED] - Statement - actualList.add(i, availableStoreList.get(i).getText()): null

2018-07-11 11:55:25 - [TEST_STEP][PASSED] - Statement - actualList.add(i, availableStoreList.get(i).getText()): null

2018-07-11 11:55:25 - [TEST_STEP][PASSED] - Statement - actualList.add(i, availableStoreList.get(i).getText()): null

2018-07-11 11:55:25 - [TEST_STEP][PASSED] - Statement - actualList.add(i, availableStoreList.get(i).getText()): null

2018-07-11 11:55:25 - [TEST_STEP][PASSED] - Statement - actualList.add(i, availableStoreList.get(i).getText()): null

2018-07-11 11:55:25 - [TEST_STEP][PASSED] - Statement - actualList.add(i, availableStoreList.get(i).getText()): null

2018-07-11 11:55:25 - [TEST_STEP][PASSED] - Statement - actualList.add(i, availableStoreList.get(i).getText()): null

2018-07-11 11:55:25 - [TEST_STEP][PASSED] - Statement - actualList.add(i, availableStoreList.get(i).getText()): null

2018-07-11 11:55:25 - [TEST_STEP][PASSED] - Statement - actualList.add(i, availableStoreList.get(i).getText()): null

2018-07-11 11:55:26 - [TEST_STEP][PASSED] - Statement - actualList.add(i, availableStoreList.get(i).getText()): null

2018-07-11 11:55:26 - [TEST_STEP][PASSED] - Statement - actualList.add(i, availableStoreList.get(i).getText()): null

2018-07-11 11:55:26 - [TEST_STEP][PASSED] - Statement - actualList.add(i, availableStoreList.get(i).getText()): null

2018-07-11 11:55:26 - [TEST_STEP][PASSED] - Statement - actualList.add(i, availableStoreList.get(i).getText()): null

2018-07-11 11:55:26 - [TEST_STEP][PASSED] - Statement - actualList.add(i, availableStoreList.get(i).getText()): null

2018-07-11 11:55:26 - [TEST_STEP][PASSED] - Statement - actualList.add(i, availableStoreList.get(i).getText()): null

2018-07-11 11:55:26 - [TEST_STEP][PASSED] - Statement - actualList.add(i, availableStoreList.get(i).getText()): null

2018-07-11 11:55:26 - [TEST_STEP][PASSED] - Statement - actualList.add(i, availableStoreList.get(i).getText()): null

2018-07-11 11:55:26 - [TEST_STEP][PASSED] - Statement - actualList.add(i, availableStoreList.get(i).getText()): null

2018-07-11 11:55:26 - [TEST_STEP][PASSED] - Statement - actualList.add(i, availableStoreList.get(i).getText()): null

2018-07-11 11:55:26 - [TEST_STEP][PASSED] - Statement - actualList.add(i, availableStoreList.get(i).getText()): null

2018-07-11 11:55:26 - [TEST_STEP][PASSED] - Statement - actualList.add(i, availableStoreList.get(i).getText()): null

2018-07-11 11:55:26 - [TEST_STEP][PASSED] - Statement - actualList.add(i, availableStoreList.get(i).getText()): null

2018-07-11 11:55:26 - [TEST_STEP][PASSED] - Statement - actualList.add(i, availableStoreList.get(i).getText()): null

2018-07-11 11:55:26 - [TEST_STEP][PASSED] - Statement - actualList.add(i, availableStoreList.get(i).getText()): null

2018-07-11 11:55:26 - [TEST_STEP][PASSED] - Statement - actualList.add(i, availableStoreList.get(i).getText()): null

2018-07-11 11:55:26 - [TEST_STEP][PASSED] - Statement - actualList.add(i, availableStoreList.get(i).getText()): null

2018-07-11 11:55:26 - [TEST_STEP][PASSED] - Statement - actualList.add(i, availableStoreList.get(i).getText()): null

2018-07-11 11:55:26 - [TEST_STEP][PASSED] - Statement - actualList.add(i, availableStoreList.get(i).getText()): null

2018-07-11 11:55:27 - [TEST_STEP][PASSED] - Statement - actualList.add(i, availableStoreList.get(i).getText()): null

2018-07-11 11:55:27 - [TEST_STEP][PASSED] - Statement - actualList.add(i, availableStoreList.get(i).getText()): null

2018-07-11 11:55:27 - [TEST_STEP][PASSED] - Statement - actualList.add(i, availableStoreList.get(i).getText()): null

2018-07-11 11:55:27 - [TEST_STEP][PASSED] - Statement - actualList.add(i, availableStoreList.get(i).getText()): null

2018-07-11 11:55:27 - [TEST_STEP][PASSED] - Statement - actualList.add(i, availableStoreList.get(i).getText()): null

2018-07-11 11:55:27 - [TEST_STEP][PASSED] - Statement - actualList.add(i, availableStoreList.get(i).getText()): null

2018-07-11 11:55:27 - [TEST_STEP][PASSED] - Statement - actualList.add(i, availableStoreList.get(i).getText()): null

2018-07-11 11:55:27 - [TEST_STEP][PASSED] - Statement - actualList.add(i, availableStoreList.get(i).getText()): null

2018-07-11 11:55:27 - [TEST_STEP][PASSED] - Statement - actualList.add(i, availableStoreList.get(i).getText()): null

2018-07-11 11:55:27 - [TEST_STEP][PASSED] - Statement - actualList.add(i, availableStoreList.get(i).getText()): null

2018-07-11 11:55:27 - [TEST_STEP][PASSED] - Statement - actualList.add(i, availableStoreList.get(i).getText()): null

2018-07-11 11:55:27 - [TEST_STEP][PASSED] - Statement - actualList.add(i, availableStoreList.get(i).getText()): null

2018-07-11 11:55:27 - [TEST_STEP][PASSED] - Statement - actualList.add(i, availableStoreList.get(i).getText()): null

2018-07-11 11:55:27 - [TEST_STEP][PASSED] - Statement - actualList.add(i, availableStoreList.get(i).getText()): null

2018-07-11 11:55:27 - [TEST_STEP][PASSED] - Statement - actualList.add(i, availableStoreList.get(i).getText()): null

2018-07-11 11:55:27 - [TEST_STEP][PASSED] - Statement - actualList.add(i, availableStoreList.get(i).getText()): null

2018-07-11 11:55:27 - [TEST_STEP][PASSED] - Statement - actualList.add(i, availableStoreList.get(i).getText()): null

2018-07-11 11:55:27 - [TEST_STEP][PASSED] - Statement - actualList.add(i, availableStoreList.get(i).getText()): null

2018-07-11 11:55:27 - [TEST_STEP][PASSED] - Statement - actualList.add(i, availableStoreList.get(i).getText()): null

2018-07-11 11:55:28 - [TEST_STEP][PASSED] - Statement - actualList.add(i, availableStoreList.get(i).getText()): null

2018-07-11 11:55:28 - [TEST_STEP][PASSED] - Statement - actualList.add(i, availableStoreList.get(i).getText()): null

2018-07-11 11:55:28 - [TEST_STEP][PASSED] - Statement - actualList.add(i, availableStoreList.get(i).getText()): null

2018-07-11 11:55:28 - [TEST_STEP][PASSED] - Statement - actualList.add(i, availableStoreList.get(i).getText()): null

2018-07-11 11:55:28 - [TEST_STEP][PASSED] - Statement - actualList.add(i, availableStoreList.get(i).getText()): null

2018-07-11 11:55:28 - [TEST_STEP][PASSED] - Statement - actualList.add(i, availableStoreList.get(i).getText()): null

2018-07-11 11:55:28 - [TEST_STEP][PASSED] - Statement - actualList.add(i, availableStoreList.get(i).getText()): null

2018-07-11 11:55:28 - [TEST_STEP][PASSED] - Statement - actualList.add(i, availableStoreList.get(i).getText()): null

2018-07-11 11:55:28 - [TEST_STEP][PASSED] - Statement - actualList.add(i, availableStoreList.get(i).getText()): null

2018-07-11 11:55:28 - [TEST_STEP][PASSED] - Statement - actualList.add(i, availableStoreList.get(i).getText()): null

2018-07-11 11:55:28 - [TEST_STEP][PASSED] - Statement - actualList.add(i, availableStoreList.get(i).getText()): null

2018-07-11 11:55:28 - [TEST_STEP][PASSED] - Statement - out.println(actualList): null

2018-07-11 11:55:28 - [TEST_STEP][PASSED] - Statement - If (actualList.containsAll(listOfStores)): null

2018-07-11 11:55:28 - [TEST_STEP][PASSED] - Statement - Else: Taking screenshot successfully

2018-07-11 11:55:28 - [TEST_STEP][PASSED] - Statement - If (TCflag): null

2018-07-11 11:55:28 - [TEST_STEP][PASSED] - Statement - println("Actual list does not contain the required stores or groups"): null

2018-07-11 11:55:28 - [TEST_STEP][PASSED] - takeScreenshot: Taking screenshot successfully

2018-07-11 11:55:29 - [MESSAGE][PASSED] - Taking screenshot successfully
[[ATTACHMENT|E:\\HME_workspace\\HME_DEVScripts\\Reports\\RegressionSuite\\20180711_114741\\1531290328592.png]]

2018-07-11 11:55:29 - [TEST_STEP][PASSED] - uiaction.CommonUIActions.click: uiaction.CommonUIActions.click is PASSED

2018-07-11 11:55:29 - [MESSAGE][PASSED] - uiaction.CommonUIActions.click is PASSED

2018-07-11 11:55:29 - [TEST_STEP][PASSED] - uiaction.CommonUIActions.click: uiaction.CommonUIActions.click is PASSED

2018-07-11 11:55:29 - [MESSAGE][PASSED] - uiaction.CommonUIActions.click is PASSED

2018-07-11 11:55:29 - [TEST_STEP][PASSED] - uiaction.CommonUIActions.back: uiaction.CommonUIActions.back is PASSED

2018-07-11 11:55:29 - [MESSAGE][PASSED] - Navigate back successfully

2018-07-11 11:55:29 - [MESSAGE][PASSED] - uiaction.CommonUIActions.back is PASSED

2018-07-11 11:55:29 - [TEST_STEP][PASSED] - delay: Delayed 5 second(s)

2018-07-11 11:55:34 - [MESSAGE][PASSED] - Delayed 5 second(s)

2018-07-11 11:55:34 - [TEST_STEP][PASSED] - uiaction.CommonUIActions.back: uiaction.CommonUIActions.back is PASSED

2018-07-11 11:55:34 - [MESSAGE][PASSED] - Navigate back successfully

2018-07-11 11:55:34 - [MESSAGE][PASSED] - uiaction.CommonUIActions.back is PASSED

2018-07-11 11:55:34 - [TEST_STEP][PASSED] - delay: Delayed 5 second(s)

2018-07-11 11:55:39 - [MESSAGE][PASSED] - Delayed 5 second(s)

2018-07-11 11:55:39 - [TEST_STEP][PASSED] - uiaction.CommonUIActions.click: uiaction.CommonUIActions.click is PASSED

2018-07-11 11:55:59 - [MESSAGE][PASSED] - uiaction.CommonUIActions.click is PASSED

2018-07-11 11:55:59 - [TEST_STEP][PASSED] - uiaction.CommonUIActions.click: uiaction.CommonUIActions.click is PASSED

2018-07-11 11:56:20 - [MESSAGE][PASSED] - uiaction.CommonUIActions.click is PASSED

2018-07-11 11:56:20 - [TEST_STEP][PASSED] - uiaction.CommonUIActions.click: uiaction.CommonUIActions.click is PASSED

2018-07-11 11:56:41 - [MESSAGE][PASSED] - uiaction.CommonUIActions.click is PASSED

2018-07-11 11:56:41 - [TEST_STEP][PASSED] - uiaction.CommonUIActions.back: uiaction.CommonUIActions.back is PASSED

2018-07-11 11:56:41 - [MESSAGE][PASSED] - Navigate back successfully

2018-07-11 11:56:41 - [MESSAGE][PASSED] - uiaction.CommonUIActions.back is PASSED

2018-07-11 11:56:41 - [TEST_STEP][PASSED] - delay: Delayed 5 second(s)

2018-07-11 11:56:46 - [MESSAGE][PASSED] - Delayed 5 second(s)

2018-07-11 11:56:46 - [TEST_STEP][PASSED] - uiaction.CommonUIActions.back: uiaction.CommonUIActions.back is PASSED

2018-07-11 11:56:46 - [MESSAGE][PASSED] - Navigate back successfully

2018-07-11 11:56:46 - [MESSAGE][PASSED] - uiaction.CommonUIActions.back is PASSED

2018-07-11 11:56:46 - [TEST_STEP][PASSED] - delay: Delayed 5 second(s)

2018-07-11 11:56:51 - [MESSAGE][PASSED] - Delayed 5 second(s)

2018-07-11 11:56:51 - [TEST_STEP][PASSED] - uiaction.CommonUIActions.click: uiaction.CommonUIActions.click is PASSED

2018-07-11 11:57:12 - [MESSAGE][PASSED] - uiaction.CommonUIActions.click is PASSED

2018-07-11 11:57:12 - [TEST_STEP][PASSED] - delay: Delayed 5 second(s)

2018-07-11 11:57:17 - [MESSAGE][PASSED] - Delayed 5 second(s)

2018-07-11 11:57:17 - [TEST_STEP][PASSED] - Statement - secondStoreListBox = driver.findElements(org.openqa.selenium.By.xpath(com.kms.katalon.core.testdata.TestDataFactory.findTestData(OR_file).getValue(2, 11))): Reading excel file with source file 'E:\HME_workspace\HME_DEVScripts\Data Files\HME_OR.xlsx' and sheet name 'Sheet1'

2018-07-11 11:57:17 - [TEST_STEP][PASSED] - Statement - list = new java.util.ArrayList(): null

2018-07-11 11:57:17 - [TEST_STEP][PASSED] - Statement - For ([i = 0, i < secondStoreListBox.size(), (i++)]): null

2018-07-11 11:57:17 - [TEST_STEP][PASSED] - Statement - If (list.size() == 0): null

2018-07-11 11:57:17 - [TEST_STEP][PASSED] - Statement - println("No Groups/Stores is displayed in Groups/Stores in Group list box"): null

2018-07-11 11:57:17 - [TEST_STEP][PASSED] - uiaction.CommonUIActions.enter: uiaction.CommonUIActions.enter is PASSED

2018-07-11 11:57:17 - [MESSAGE][PASSED] - projectSpecific.Reusability.getTestData is PASSED

2018-07-11 11:57:17 - [MESSAGE][PASSED] - uiaction.CommonUIActions.enter is PASSED

2018-07-11 11:57:17 - [TEST_STEP][PASSED] - uiaction.CommonUIActions.enter: uiaction.CommonUIActions.enter is PASSED

2018-07-11 11:57:17 - [MESSAGE][PASSED] - projectSpecific.Reusability.getTestData is PASSED

2018-07-11 11:57:38 - [MESSAGE][PASSED] - uiaction.CommonUIActions.enter is PASSED

2018-07-11 11:57:38 - [TEST_STEP][FAILED] - uiaction.CommonUIActions.verifyMatch: Unable to verify match between actual text '' and expected text 'AutomationGroup' (Root cause: Actual text '' and expected text 'AutomationGroup' are not matched)

2018-07-11 11:57:38 - [MESSAGE][PASSED] - projectSpecific.Reusability.getTestData is PASSED

2018-07-11 11:57:38 - [MESSAGE][PASSED] - Attribute 'value' of object 'Object Repository/ReportingGroupManagement/groupNameTxt' is: ''

2018-07-11 11:57:38 - [MESSAGE][FAILED] - Unable to verify match between actual text '' and expected text 'AutomationGroup' (Root cause: Actual text '' and expected text 'AutomationGroup' are not matched)

2018-07-11 11:57:38 - [MESSAGE][FAILED] - Unable to verify match between actual text '' and expected text 'AutomationGroup' (Root cause: Actual text '' and expected text 'AutomationGroup' are not matched)

2018-07-11 11:57:38 - [TEST_STEP][FAILED] - uiaction.CommonUIActions.verifyMatch: Unable to get attribute 'value' of object 'Object Repository/ReportingGroupManagement/groupDescTxt' (Root cause: com.kms.katalon.core.webui.exception.WebElementNotFoundException: Web element with id: 'Object Repository/ReportingGroupManagement/groupDescTxt' located by 'By.xpath: //div[@class='col-xs-6']/textarea' not found)

2018-07-11 11:57:38 - [MESSAGE][PASSED] - projectSpecific.Reusability.getTestData is PASSED

2018-07-11 11:58:09 - [MESSAGE][FAILED] - Unable to get attribute 'value' of object 'Object Repository/ReportingGroupManagement/groupDescTxt' (Root cause: com.kms.katalon.core.webui.exception.WebElementNotFoundException: Web element with id: 'Object Repository/ReportingGroupManagement/groupDescTxt' located by 'By.xpath: //div[@class='col-xs-6']/textarea' not found)
[[ATTACHMENT|E:\\HME_workspace\\HME_DEVScripts\\Reports\\RegressionSuite\\20180711_114741\\1531290489211.png]]

2018-07-11 11:58:09 - [MESSAGE][FAILED] - Unable to verify match between actual text 'null' and expected text 'South west branch Group 11' (Root cause: Actual text 'null' and expected text 'South west branch Group 11' are not matched)

2018-07-11 11:58:09 - [MESSAGE][FAILED] - Unable to get attribute 'value' of object 'Object Repository/ReportingGroupManagement/groupDescTxt' (Root cause: com.kms.katalon.core.webui.exception.WebElementNotFoundException: Web element with id: 'Object Repository/ReportingGroupManagement/groupDescTxt' located by 'By.xpath: //div[@class='col-xs-6']/textarea' not found)

2018-07-11 11:58:09 - [TEST_STEP][PASSED] - delay: Delayed 5 second(s)

2018-07-11 11:58:14 - [MESSAGE][PASSED] - Delayed 5 second(s)

2018-07-11 11:58:14 - [TEST_STEP][PASSED] - uiaction.CommonUIActions.click: uiaction.CommonUIActions.click is PASSED

2018-07-11 11:58:35 - [MESSAGE][PASSED] - uiaction.CommonUIActions.click is PASSED

2018-07-11 11:58:35 - [TEST_STEP][PASSED] - Statement - availableStoresCheckBoxList = driver.findElements(org.openqa.selenium.By.xpath(com.kms.katalon.core.testdata.TestDataFactory.findTestData(OR_file).getValue(2, 12))): Reading excel file with source file 'E:\HME_workspace\HME_DEVScripts\Data Files\HME_OR.xlsx' and sheet name 'Sheet1'

2018-07-11 11:58:35 - [TEST_STEP][PASSED] - Statement - index = 1: null

2018-07-11 11:58:35 - [TEST_STEP][PASSED] - Statement - flag = true: null

2018-07-11 11:58:35 - [TEST_STEP][PASSED] - Statement - For ([i = 0, i < availableStoresCheckBoxList.size(), (i++)]): null

2018-07-11 11:58:35 - [TEST_STEP][PASSED] - Statement - If (flag): null

2018-07-11 11:58:35 - [TEST_STEP][PASSED] - Statement - out.println("All Available Store checkboxes are checked"): null

2018-07-11 11:58:35 - [TEST_STEP][PASSED] - delay: Delayed 5 second(s)

2018-07-11 11:58:40 - [MESSAGE][PASSED] - Delayed 5 second(s)

2018-07-11 11:58:40 - [TEST_STEP][PASSED] - Statement - StoresCBList = driver.findElements(org.openqa.selenium.By.xpath(com.kms.katalon.core.testdata.TestDataFactory.findTestData(OR_file).getValue(2, 12))): Reading excel file with source file 'E:\HME_workspace\HME_DEVScripts\Data Files\HME_OR.xlsx' and sheet name 'Sheet1'

2018-07-11 11:58:40 - [TEST_STEP][PASSED] - Statement - For (org.openqa.selenium.WebElement checkbox : StoresCBList): null

2018-07-11 11:58:40 - [TEST_STEP][PASSED] - Statement - StoresCBList1 = driver.findElements(org.openqa.selenium.By.xpath(com.kms.katalon.core.testdata.TestDataFactory.findTestData(OR_file).getValue(2, 12))): Reading excel file with source file 'E:\HME_workspace\HME_DEVScripts\Data Files\HME_OR.xlsx' and sheet name 'Sheet1'

2018-07-11 11:58:40 - [TEST_STEP][PASSED] - Statement - storesLabel = driver.findElements(org.openqa.selenium.By.xpath(com.kms.katalon.core.testdata.TestDataFactory.findTestData(OR_file).getValue(2, 10))): Reading excel file with source file 'E:\HME_workspace\HME_DEVScripts\Data Files\HME_OR.xlsx' and sheet name 'Sheet1'

2018-07-11 11:58:40 - [TEST_STEP][PASSED] - Statement - groupStoresList = new java.util.ArrayList(): null

2018-07-11 11:58:40 - [TEST_STEP][PASSED] - Statement - out.println(StoresCBList1.size()): null

2018-07-11 11:58:40 - [TEST_STEP][PASSED] - Statement - size = StoresCBList1.size(): null

2018-07-11 11:58:40 - [TEST_STEP][PASSED] - Statement - For ([i = 0, i < StoresCBList1.size(), (i++)]): null

2018-07-11 11:58:40 - [TEST_STEP][PASSED] - Statement - out.println(groupStoresList): null

2018-07-11 11:58:40 - [TEST_STEP][PASSED] - uiaction.CommonUIActions.click: uiaction.CommonUIActions.click is PASSED

2018-07-11 11:59:01 - [MESSAGE][PASSED] - uiaction.CommonUIActions.click is PASSED

2018-07-11 11:59:01 - [TEST_STEP][PASSED] - delay: Delayed 5 second(s)

2018-07-11 11:59:06 - [MESSAGE][PASSED] - Delayed 5 second(s)

2018-07-11 11:59:06 - [TEST_STEP][PASSED] - Statement - secondStoreListBox1 = driver.findElements(org.openqa.selenium.By.xpath(com.kms.katalon.core.testdata.TestDataFactory.findTestData(OR_file).getValue(2, 11))): Reading excel file with source file 'E:\HME_workspace\HME_DEVScripts\Data Files\HME_OR.xlsx' and sheet name 'Sheet1'

2018-07-11 11:59:06 - [TEST_STEP][PASSED] - Statement - actualList1 = new java.util.ArrayList(): null

2018-07-11 11:59:06 - [TEST_STEP][PASSED] - Statement - For ([i = 0, i < secondStoreListBox1.size(), (i++)]): null

2018-07-11 11:59:06 - [TEST_STEP][PASSED] - Statement - out.println(actualList1): null

2018-07-11 11:59:06 - [TEST_STEP][PASSED] - delay: Delayed 10 second(s)

2018-07-11 11:59:16 - [MESSAGE][PASSED] - Delayed 10 second(s)

2018-07-11 11:59:16 - [TEST_STEP][PASSED] - Statement - If (actualList1.containsAll(groupStoresList)): null

2018-07-11 11:59:16 - [TEST_STEP][PASSED] - Statement - println("Selected stores are displayed in Group/Stores in Group listbox"): null

2018-07-11 11:59:16 - [TEST_STEP][PASSED] - uiaction.CommonUIActions.click: uiaction.CommonUIActions.click is PASSED

2018-07-11 11:59:37 - [MESSAGE][PASSED] - uiaction.CommonUIActions.click is PASSED

2018-07-11 11:59:37 - [TEST_STEP][PASSED] - delay: Delayed 10 second(s)

2018-07-11 11:59:47 - [MESSAGE][PASSED] - Delayed 10 second(s)

2018-07-11 11:59:47 - [TEST_STEP][FAILED] - verifyElementPresent: com.kms.katalon.core.webui.exception.WebElementNotFoundException: Web element with id: 'Object Repository/ReportingGroupManagement/groupCreatedMsg' located by 'By.xpath: //div[@class='appr']/h4' not found

2018-07-11 11:59:58 - [MESSAGE][FAILED] - com.kms.katalon.core.webui.exception.WebElementNotFoundException: Web element with id: 'Object Repository/ReportingGroupManagement/groupCreatedMsg' located by 'By.xpath: //div[@class='appr']/h4' not found
[[ATTACHMENT|E:\\HME_workspace\\HME_DEVScripts\\Reports\\RegressionSuite\\20180711_114741\\1531290597896.png]]

2018-07-11 11:59:58 - [TEST_STEP][PASSED] - delay: Delayed 10 second(s)

2018-07-11 12:00:08 - [MESSAGE][PASSED] - Delayed 10 second(s)

2018-07-11 12:00:08 - [TEST_STEP][PASSED] - uiaction.CommonUIActions.back: uiaction.CommonUIActions.back is PASSED

2018-07-11 12:00:08 - [MESSAGE][PASSED] - Navigate back successfully

2018-07-11 12:00:08 - [MESSAGE][PASSED] - uiaction.CommonUIActions.back is PASSED

2018-07-11 12:00:08 - [TEST_STEP][PASSED] - delay: Delayed 5 second(s)

2018-07-11 12:00:13 - [MESSAGE][PASSED] - Delayed 5 second(s)

2018-07-11 12:00:13 - [TEST_STEP][PASSED] - uiaction.CommonUIActions.back: uiaction.CommonUIActions.back is PASSED

2018-07-11 12:00:13 - [MESSAGE][PASSED] - Navigate back successfully

2018-07-11 12:00:13 - [MESSAGE][PASSED] - uiaction.CommonUIActions.back is PASSED

2018-07-11 12:00:13 - [TEST_STEP][PASSED] - delay: Delayed 5 second(s)

2018-07-11 12:00:18 - [MESSAGE][PASSED] - Delayed 5 second(s)

2018-07-11 12:00:18 - [TEST_STEP][PASSED] - Statement - groupHierarchyList = driver.findElements(org.openqa.selenium.By.xpath(com.kms.katalon.core.testdata.TestDataFactory.findTestData(OR_file).getValue(2, 13))): Reading excel file with source file 'E:\HME_workspace\HME_DEVScripts\Data Files\HME_OR.xlsx' and sheet name 'Sheet1'

2018-07-11 12:00:18 - [TEST_STEP][PASSED] - Statement - actualgroupList = new java.util.ArrayList(): null

2018-07-11 12:00:18 - [TEST_STEP][PASSED] - Statement - For ([i = 0, i < groupHierarchyList.size(), (i++)]): null

2018-07-11 12:00:18 - [TEST_STEP][PASSED] - Statement - out.println(actualgroupList): null

2018-07-11 12:00:18 - [TEST_STEP][PASSED] - delay: Delayed 5 second(s)

2018-07-11 12:00:23 - [MESSAGE][PASSED] - Delayed 5 second(s)

2018-07-11 12:00:23 - [TEST_STEP][PASSED] - Statement - groupName = CustomKeywords.projectSpecific.Reusability.getTestData("ReportingGroupManagementPage", "GroupName"): projectSpecific.Reusability.getTestData is PASSED

2018-07-11 12:00:23 - [MESSAGE][PASSED] - projectSpecific.Reusability.getTestData is PASSED

2018-07-11 12:00:23 - [TEST_STEP][PASSED] - Statement - If (actualgroupList.contains(groupName)): null

2018-07-11 12:00:23 - [TEST_STEP][PASSED] - Statement - Else: Taking screenshot successfully

2018-07-11 12:00:23 - [TEST_STEP][PASSED] - Statement - If (TCflag): null

2018-07-11 12:00:23 - [TEST_STEP][PASSED] - Statement - println("Required group is not available in tree structure"): null

2018-07-11 12:00:23 - [TEST_STEP][PASSED] - takeScreenshot: Taking screenshot successfully

2018-07-11 12:00:23 - [MESSAGE][PASSED] - Taking screenshot successfully
[[ATTACHMENT|E:\\HME_workspace\\HME_DEVScripts\\Reports\\RegressionSuite\\20180711_114741\\1531290623556.png]]

2018-07-11 12:00:23 - [TEST_STEP][PASSED] - uiaction.CommonUIActions.click: uiaction.CommonUIActions.click is PASSED

2018-07-11 12:00:44 - [MESSAGE][PASSED] - uiaction.CommonUIActions.click is PASSED

2018-07-11 12:00:44 - [TEST_STEP][PASSED] - Statement - subGroupList = new java.util.ArrayList(): null

2018-07-11 12:00:44 - [TEST_STEP][PASSED] - Statement - For ([i = 1, i <= size, (i++)]): null

2018-07-11 12:00:44 - [TEST_STEP][PASSED] - Statement - println(subGroupList): null

2018-07-11 12:00:44 - [TEST_STEP][PASSED] - Statement - If (subGroupList.containsAll(groupStoresList)): null

2018-07-11 12:00:44 - [TEST_STEP][PASSED] - Statement - println("Parent group have all the associated stores and groups"): null

2018-07-11 12:00:44 - [TEST_STEP][PASSED] - uiaction.CommonUIActions.click: uiaction.CommonUIActions.click is PASSED

2018-07-11 12:01:05 - [MESSAGE][PASSED] - uiaction.CommonUIActions.click is PASSED

2018-07-11 12:01:05 - [TEST_STEP][PASSED] - uiaction.CommonUIActions.click: uiaction.CommonUIActions.click is PASSED

2018-07-11 12:01:25 - [MESSAGE][PASSED] - uiaction.CommonUIActions.click is PASSED

2018-07-11 12:01:25 - [TEST_STEP][PASSED] - Statement - storesList = driver.findElements(org.openqa.selenium.By.xpath(com.kms.katalon.core.testdata.TestDataFactory.findTestData(OR_file).getValue(2, 16))): Reading excel file with source file 'E:\HME_workspace\HME_DEVScripts\Data Files\HME_OR.xlsx' and sheet name 'Sheet1'

2018-07-11 12:01:25 - [TEST_STEP][PASSED] - Statement - For ([i = 1, i <= storesList.size(), (i++)]): null

2018-07-11 12:01:25 - [TEST_STEP][PASSED] - uiaction.CommonUIActions.click: uiaction.CommonUIActions.click is PASSED

2018-07-11 12:01:46 - [MESSAGE][PASSED] - uiaction.CommonUIActions.click is PASSED

2018-07-11 12:01:46 - [TEST_STEP][PASSED] - uiaction.CommonUIActions.click: uiaction.CommonUIActions.click is PASSED

2018-07-11 12:02:07 - [MESSAGE][PASSED] - uiaction.CommonUIActions.click is PASSED

2018-07-11 12:02:07 - [TEST_STEP][PASSED] - delay: Delayed 10 second(s)

2018-07-11 12:02:17 - [MESSAGE][PASSED] - Delayed 10 second(s)

[...]

2018-07-11 12:34:00 - [TEST_STEP][PASSED] - Statement - execFlag1 = com.kms.katalon.core.webui.keyword.WebUiBuiltInKeywords.verifyMatch(storeList.get(j).toString().trim(), actualList.get(j).toString().trim(), false): Actual text 'Fax:' and expected text 'Fax:' are matched 

2018-07-11 12:34:00 - [MESSAGE][PASSED] - Actual text 'Fax:' and expected text 'Fax:' are matched 

2018-07-11 12:34:00 - [TEST_STEP][PASSED] - Statement - If (!(execFlag1)): null

2018-07-11 12:34:00 - [TEST_STEP][PASSED] - Statement - If (execFlag1): null

2018-07-11 12:34:00 - [TEST_STEP][PASSED] - Statement - out.println("Store details labels are verified"): null

2018-07-11 12:34:00 - [TEST_STEP][PASSED] - Statement - editfield = com.kms.katalon.core.webui.keyword.WebUiBuiltInKeywords.clearText(com.kms.katalon.core.testobject.ObjectRepository.findTestObject(StorePage/storeName)): Text of object 'Object Repository/StorePage/storeName' is cleared

2018-07-11 12:34:00 - [MESSAGE][PASSED] - Text of object 'Object Repository/StorePage/storeName' is cleared

2018-07-11 12:34:00 - [TEST_STEP][PASSED] - Statement - If (editfield): null

2018-07-11 12:34:00 - [TEST_STEP][PASSED] - Statement - out.println("The store name is editable field"): null

2018-07-11 12:34:00 - [TEST_STEP][PASSED] - Statement - inputFields = driver.findElements(org.openqa.selenium.By.xpath(com.kms.katalon.core.testdata.TestDataFactory.findTestData(OR_file).getValue(2, 3))): Reading excel file with source file 'E:\HME_workspace\HME_DEVScripts\Data Files\HME_OR.xlsx' and sheet name 'Sheet1'

2018-07-11 12:34:00 - [TEST_STEP][PASSED] - Statement - inputFieldsResults = new java.util.ArrayList(): null

2018-07-11 12:34:00 - [TEST_STEP][PASSED] - Statement - index = 3: null

2018-07-11 12:34:00 - [TEST_STEP][PASSED] - Statement - For ([i = 0, i < inputFields.size(), (i++)]): null

2018-07-11 12:34:00 - [TEST_STEP][PASSED] - Statement - xpathval = "//form[@name='store_submit']/table/tbody/tr[" + index + "]//input": null

2018-07-11 12:34:00 - [TEST_STEP][PASSED] - Statement - LinkToSearch = com.kms.katalon.core.webui.keyword.WebUiBuiltInKeywords.modifyObjectProperty(com.kms.katalon.core.testobject.ObjectRepository.findTestObject(StorePage/storeInputValue), "xpath", "equals", xpathval, true): Modify property of object successfully

2018-07-11 12:34:00 - [MESSAGE][PASSED] - Modify property of object successfully

2018-07-11 12:34:00 - [TEST_STEP][PASSED] - Statement - attr1 = com.kms.katalon.core.webui.keyword.WebUiBuiltInKeywords.getAttribute(LinkToSearch, "disabled"): Attribute 'disabled' of object 'Object Repository/StorePage/storeInputValue' is: 'true'

2018-07-11 12:34:01 - [MESSAGE][PASSED] - Attribute 'disabled' of object 'Object Repository/StorePage/storeInputValue' is: 'true'

2018-07-11 12:34:01 - [TEST_STEP][PASSED] - Statement - If (attr1): null

2018-07-11 12:34:01 - [TEST_STEP][PASSED] - Statement - xpathval = "//form[@name='store_submit']/table/tbody/tr[" + index + "]//input": null

2018-07-11 12:34:01 - [TEST_STEP][PASSED] - Statement - LinkToSearch = com.kms.katalon.core.webui.keyword.WebUiBuiltInKeywords.modifyObjectProperty(com.kms.katalon.core.testobject.ObjectRepository.findTestObject(StorePage/storeInputValue), "xpath", "equals", xpathval, true): Modify property of object successfully

2018-07-11 12:34:01 - [MESSAGE][PASSED] - Modify property of object successfully

2018-07-11 12:34:01 - [TEST_STEP][PASSED] - Statement - attr1 = com.kms.katalon.core.webui.keyword.WebUiBuiltInKeywords.getAttribute(LinkToSearch, "disabled"): Attribute 'disabled' of object 'Object Repository/StorePage/storeInputValue' is: 'true'

2018-07-11 12:34:01 - [MESSAGE][PASSED] - Attribute 'disabled' of object 'Object Repository/StorePage/storeInputValue' is: 'true'

2018-07-11 12:34:01 - [TEST_STEP][PASSED] - Statement - If (attr1): null

2018-07-11 12:34:01 - [TEST_STEP][PASSED] - Statement - xpathval = "//form[@name='store_submit']/table/tbody/tr[" + index + "]//input": null

2018-07-11 12:34:01 - [TEST_STEP][PASSED] - Statement - LinkToSearch = com.kms.katalon.core.webui.keyword.WebUiBuiltInKeywords.modifyObjectProperty(com.kms.katalon.core.testobject.ObjectRepository.findTestObject(StorePage/storeInputValue), "xpath", "equals", xpathval, true): Modify property of object successfully

2018-07-11 12:34:01 - [MESSAGE][PASSED] - Modify property of object successfully

2018-07-11 12:34:01 - [TEST_STEP][PASSED] - Statement - attr1 = com.kms.katalon.core.webui.keyword.WebUiBuiltInKeywords.getAttribute(LinkToSearch, "disabled"): Attribute 'disabled' of object 'Object Repository/StorePage/storeInputValue' is: 'true'

2018-07-11 12:34:01 - [MESSAGE][PASSED] - Attribute 'disabled' of object 'Object Repository/StorePage/storeInputValue' is: 'true'

2018-07-11 12:34:01 - [TEST_STEP][PASSED] - Statement - If (attr1): null

2018-07-11 12:34:01 - [TEST_STEP][PASSED] - Statement - xpathval = "//form[@name='store_submit']/table/tbody/tr[" + index + "]//input": null

2018-07-11 12:34:01 - [TEST_STEP][PASSED] - Statement - LinkToSearch = com.kms.katalon.core.webui.keyword.WebUiBuiltInKeywords.modifyObjectProperty(com.kms.katalon.core.testobject.ObjectRepository.findTestObject(StorePage/storeInputValue), "xpath", "equals", xpathval, true): Modify property of object successfully

2018-07-11 12:34:02 - [MESSAGE][PASSED] - Modify property of object successfully

2018-07-11 12:34:02 - [TEST_STEP][PASSED] - Statement - attr1 = com.kms.katalon.core.webui.keyword.WebUiBuiltInKeywords.getAttribute(LinkToSearch, "disabled"): Attribute 'disabled' of object 'Object Repository/StorePage/storeInputValue' is: 'true'

2018-07-11 12:34:02 - [MESSAGE][PASSED] - Attribute 'disabled' of object 'Object Repository/StorePage/storeInputValue' is: 'true'

2018-07-11 12:34:02 - [TEST_STEP][PASSED] - Statement - If (attr1): null

2018-07-11 12:34:02 - [TEST_STEP][PASSED] - Statement - xpathval = "//form[@name='store_submit']/table/tbody/tr[" + index + "]//input": null

2018-07-11 12:34:02 - [TEST_STEP][PASSED] - Statement - LinkToSearch = com.kms.katalon.core.webui.keyword.WebUiBuiltInKeywords.modifyObjectProperty(com.kms.katalon.core.testobject.ObjectRepository.findTestObject(StorePage/storeInputValue), "xpath", "equals", xpathval, true): Modify property of object successfully

2018-07-11 12:34:02 - [MESSAGE][PASSED] - Modify property of object successfully

2018-07-11 12:34:02 - [TEST_STEP][PASSED] - Statement - attr1 = com.kms.katalon.core.webui.keyword.WebUiBuiltInKeywords.getAttribute(LinkToSearch, "disabled"): Attribute 'disabled' of object 'Object Repository/StorePage/storeInputValue' is: 'true'

2018-07-11 12:34:02 - [MESSAGE][PASSED] - Attribute 'disabled' of object 'Object Repository/StorePage/storeInputValue' is: 'true'

2018-07-11 12:34:02 - [TEST_STEP][PASSED] - Statement - If (attr1): null

2018-07-11 12:34:02 - [TEST_STEP][PASSED] - Statement - xpathval = "//form[@name='store_submit']/table/tbody/tr[" + index + "]//input": null

2018-07-11 12:34:02 - [TEST_STEP][PASSED] - Statement - LinkToSearch = com.kms.katalon.core.webui.keyword.WebUiBuiltInKeywords.modifyObjectProperty(com.kms.katalon.core.testobject.ObjectRepository.findTestObject(StorePage/storeInputValue), "xpath", "equals", xpathval, true): Modify property of object successfully

2018-07-11 12:34:02 - [MESSAGE][PASSED] - Modify property of object successfully

2018-07-11 12:34:02 - [TEST_STEP][PASSED] - Statement - attr1 = com.kms.katalon.core.webui.keyword.WebUiBuiltInKeywords.getAttribute(LinkToSearch, "disabled"): Attribute 'disabled' of object 'Object Repository/StorePage/storeInputValue' is: 'true'

2018-07-11 12:34:03 - [MESSAGE][PASSED] - Attribute 'disabled' of object 'Object Repository/StorePage/storeInputValue' is: 'true'

2018-07-11 12:34:03 - [TEST_STEP][PASSED] - Statement - If (attr1): null

2018-07-11 12:34:03 - [TEST_STEP][PASSED] - Statement - xpathval = "//form[@name='store_submit']/table/tbody/tr[" + index + "]//input": null

2018-07-11 12:34:03 - [TEST_STEP][PASSED] - Statement - LinkToSearch = com.kms.katalon.core.webui.keyword.WebUiBuiltInKeywords.modifyObjectProperty(com.kms.katalon.core.testobject.ObjectRepository.findTestObject(StorePage/storeInputValue), "xpath", "equals", xpathval, true): Modify property of object successfully

2018-07-11 12:34:03 - [MESSAGE][PASSED] - Modify property of object successfully

2018-07-11 12:34:03 - [TEST_STEP][PASSED] - Statement - attr1 = com.kms.katalon.core.webui.keyword.WebUiBuiltInKeywords.getAttribute(LinkToSearch, "disabled"): Attribute 'disabled' of object 'Object Repository/StorePage/storeInputValue' is: 'true'

2018-07-11 12:34:03 - [MESSAGE][PASSED] - Attribute 'disabled' of object 'Object Repository/StorePage/storeInputValue' is: 'true'

2018-07-11 12:34:03 - [TEST_STEP][PASSED] - Statement - If (attr1): null

2018-07-11 12:34:03 - [TEST_STEP][PASSED] - Statement - xpathval = "//form[@name='store_submit']/table/tbody/tr[" + index + "]//input": null

2018-07-11 12:34:03 - [TEST_STEP][PASSED] - Statement - LinkToSearch = com.kms.katalon.core.webui.keyword.WebUiBuiltInKeywords.modifyObjectProperty(com.kms.katalon.core.testobject.ObjectRepository.findTestObject(StorePage/storeInputValue), "xpath", "equals", xpathval, true): Modify property of object successfully

2018-07-11 12:34:03 - [MESSAGE][PASSED] - Modify property of object successfully

2018-07-11 12:34:03 - [TEST_STEP][PASSED] - Statement - attr1 = com.kms.katalon.core.webui.keyword.WebUiBuiltInKeywords.getAttribute(LinkToSearch, "disabled"): Attribute 'disabled' of object 'Object Repository/StorePage/storeInputValue' is: 'true'

2018-07-11 12:34:03 - [MESSAGE][PASSED] - Attribute 'disabled' of object 'Object Repository/StorePage/storeInputValue' is: 'true'

2018-07-11 12:34:03 - [TEST_STEP][PASSED] - Statement - If (attr1): null

2018-07-11 12:34:03 - [TEST_STEP][PASSED] - Statement - xpathval = "//form[@name='store_submit']/table/tbody/tr[" + index + "]//input": null

2018-07-11 12:34:03 - [TEST_STEP][PASSED] - Statement - LinkToSearch = com.kms.katalon.core.webui.keyword.WebUiBuiltInKeywords.modifyObjectProperty(com.kms.katalon.core.testobject.ObjectRepository.findTestObject(StorePage/storeInputValue), "xpath", "equals", xpathval, true): Modify property of object successfully

2018-07-11 12:34:04 - [MESSAGE][PASSED] - Modify property of object successfully

2018-07-11 12:34:04 - [TEST_STEP][PASSED] - Statement - attr1 = com.kms.katalon.core.webui.keyword.WebUiBuiltInKeywords.getAttribute(LinkToSearch, "disabled"): Attribute 'disabled' of object 'Object Repository/StorePage/storeInputValue' is: 'true'

2018-07-11 12:34:04 - [MESSAGE][PASSED] - Attribute 'disabled' of object 'Object Repository/StorePage/storeInputValue' is: 'true'

2018-07-11 12:34:04 - [TEST_STEP][PASSED] - Statement - If (attr1): null

2018-07-11 12:34:04 - [TEST_STEP][PASSED] - Statement - xpathval = "//form[@name='store_submit']/table/tbody/tr[" + index + "]//input": null

2018-07-11 12:34:04 - [TEST_STEP][PASSED] - Statement - LinkToSearch = com.kms.katalon.core.webui.keyword.WebUiBuiltInKeywords.modifyObjectProperty(com.kms.katalon.core.testobject.ObjectRepository.findTestObject(StorePage/storeInputValue), "xpath", "equals", xpathval, true): Modify property of object successfully

2018-07-11 12:34:04 - [MESSAGE][PASSED] - Modify property of object successfully

2018-07-11 12:34:04 - [TEST_STEP][PASSED] - Statement - attr1 = com.kms.katalon.core.webui.keyword.WebUiBuiltInKeywords.getAttribute(LinkToSearch, "disabled"): Attribute 'disabled' of object 'Object Repository/StorePage/storeInputValue' is: 'true'

2018-07-11 12:34:04 - [MESSAGE][PASSED] - Attribute 'disabled' of object 'Object Repository/StorePage/storeInputValue' is: 'true'

2018-07-11 12:34:04 - [TEST_STEP][PASSED] - Statement - If (attr1): null

2018-07-11 12:34:04 - [TEST_STEP][PASSED] - Statement - xpathval = "//form[@name='store_submit']/table/tbody/tr[" + index + "]//input": null

2018-07-11 12:34:04 - [TEST_STEP][PASSED] - Statement - LinkToSearch = com.kms.katalon.core.webui.keyword.WebUiBuiltInKeywords.modifyObjectProperty(com.kms.katalon.core.testobject.ObjectRepository.findTestObject(StorePage/storeInputValue), "xpath", "equals", xpathval, true): Modify property of object successfully

2018-07-11 12:34:04 - [MESSAGE][PASSED] - Modify property of object successfully

2018-07-11 12:34:04 - [TEST_STEP][PASSED] - Statement - attr1 = com.kms.katalon.core.webui.keyword.WebUiBuiltInKeywords.getAttribute(LinkToSearch, "disabled"): Attribute 'disabled' of object 'Object Repository/StorePage/storeInputValue' is: 'true'

2018-07-11 12:34:04 - [MESSAGE][PASSED] - Attribute 'disabled' of object 'Object Repository/StorePage/storeInputValue' is: 'true'

2018-07-11 12:34:04 - [TEST_STEP][PASSED] - Statement - If (attr1): null

2018-07-11 12:34:05 - [TEST_STEP][PASSED] - Statement - xpathval = "//form[@name='store_submit']/table/tbody/tr[" + index + "]//input": null

2018-07-11 12:34:05 - [TEST_STEP][PASSED] - Statement - LinkToSearch = com.kms.katalon.core.webui.keyword.WebUiBuiltInKeywords.modifyObjectProperty(com.kms.katalon.core.testobject.ObjectRepository.findTestObject(StorePage/storeInputValue), "xpath", "equals", xpathval, true): Modify property of object successfully

2018-07-11 12:34:05 - [MESSAGE][PASSED] - Modify property of object successfully

2018-07-11 12:34:05 - [TEST_STEP][PASSED] - Statement - attr1 = com.kms.katalon.core.webui.keyword.WebUiBuiltInKeywords.getAttribute(LinkToSearch, "disabled"): Attribute 'disabled' of object 'Object Repository/StorePage/storeInputValue' is: 'true'

2018-07-11 12:34:05 - [MESSAGE][PASSED] - Attribute 'disabled' of object 'Object Repository/StorePage/storeInputValue' is: 'true'

2018-07-11 12:34:05 - [TEST_STEP][PASSED] - Statement - If (attr1): null

2018-07-11 12:34:05 - [TEST_STEP][PASSED] - Statement - xpathval = "//form[@name='store_submit']/table/tbody/tr[" + index + "]//input": null

2018-07-11 12:34:05 - [TEST_STEP][PASSED] - Statement - LinkToSearch = com.kms.katalon.core.webui.keyword.WebUiBuiltInKeywords.modifyObjectProperty(com.kms.katalon.core.testobject.ObjectRepository.findTestObject(StorePage/storeInputValue), "xpath", "equals", xpathval, true): Modify property of object successfully

2018-07-11 12:34:05 - [MESSAGE][PASSED] - Modify property of object successfully

2018-07-11 12:34:05 - [TEST_STEP][PASSED] - Statement - attr1 = com.kms.katalon.core.webui.keyword.WebUiBuiltInKeywords.getAttribute(LinkToSearch, "disabled"): Attribute 'disabled' of object 'Object Repository/StorePage/storeInputValue' is: 'true'

2018-07-11 12:34:05 - [MESSAGE][PASSED] - Attribute 'disabled' of object 'Object Repository/StorePage/storeInputValue' is: 'true'

2018-07-11 12:34:05 - [TEST_STEP][PASSED] - Statement - If (attr1): null

2018-07-11 12:34:05 - [TEST_STEP][PASSED] - Statement - s = inputFieldsResults[1]: null

2018-07-11 12:34:05 - [TEST_STEP][PASSED] - Statement - isEditable = false: null

2018-07-11 12:34:05 - [TEST_STEP][PASSED] - Statement - For ([j = 2, j < inputFieldsResults.size(), (j++)]): null

2018-07-11 12:34:05 - [TEST_STEP][PASSED] - Statement - s1 = inputFieldsResults[j]: null

2018-07-11 12:34:05 - [TEST_STEP][PASSED] - Statement - If (!(s1.equals(s))): null

2018-07-11 12:34:05 - [TEST_STEP][PASSED] - Statement - s1 = inputFieldsResults[j]: null

2018-07-11 12:34:05 - [TEST_STEP][PASSED] - Statement - If (!(s1.equals(s))): null

2018-07-11 12:34:06 - [TEST_STEP][PASSED] - Statement - s1 = inputFieldsResults[j]: null

2018-07-11 12:34:06 - [TEST_STEP][PASSED] - Statement - If (!(s1.equals(s))): null

2018-07-11 12:34:06 - [TEST_STEP][PASSED] - Statement - s1 = inputFieldsResults[j]: null

2018-07-11 12:34:06 - [TEST_STEP][PASSED] - Statement - If (!(s1.equals(s))): null

2018-07-11 12:34:06 - [TEST_STEP][PASSED] - Statement - s1 = inputFieldsResults[j]: null

2018-07-11 12:34:06 - [TEST_STEP][PASSED] - Statement - If (!(s1.equals(s))): null

2018-07-11 12:34:06 - [TEST_STEP][PASSED] - Statement - s1 = inputFieldsResults[j]: null

2018-07-11 12:34:06 - [TEST_STEP][PASSED] - Statement - If (!(s1.equals(s))): null

2018-07-11 12:34:06 - [TEST_STEP][PASSED] - Statement - s1 = inputFieldsResults[j]: null

2018-07-11 12:34:06 - [TEST_STEP][PASSED] - Statement - If (!(s1.equals(s))): null

2018-07-11 12:34:06 - [TEST_STEP][PASSED] - Statement - s1 = inputFieldsResults[j]: null

2018-07-11 12:34:06 - [TEST_STEP][PASSED] - Statement - If (!(s1.equals(s))): null

2018-07-11 12:34:06 - [TEST_STEP][PASSED] - Statement - s1 = inputFieldsResults[j]: null

2018-07-11 12:34:06 - [TEST_STEP][PASSED] - Statement - If (!(s1.equals(s))): null

2018-07-11 12:34:06 - [TEST_STEP][PASSED] - Statement - s1 = inputFieldsResults[j]: null

2018-07-11 12:34:06 - [TEST_STEP][PASSED] - Statement - If (!(s1.equals(s))): null

2018-07-11 12:34:06 - [TEST_STEP][PASSED] - Statement - s1 = inputFieldsResults[j]: null

2018-07-11 12:34:06 - [TEST_STEP][PASSED] - Statement - If (!(s1.equals(s))): null

2018-07-11 12:34:06 - [TEST_STEP][PASSED] - Statement - If (!(isEditable)): null

2018-07-11 12:34:06 - [TEST_STEP][PASSED] - Statement - out.println("Store fields are not editable"): null

2018-07-11 12:34:06 - [TEST_STEP][PASSED] - Statement - attrDisabled = com.kms.katalon.core.webui.keyword.WebUiBuiltInKeywords.getAttribute(com.kms.katalon.core.testobject.ObjectRepository.findTestObject(StorePage/storebrandName), "disabled"): Attribute 'disabled' of object 'Object Repository/StorePage/storebrandName' is: 'true'

2018-07-11 12:34:06 - [MESSAGE][PASSED] - Attribute 'disabled' of object 'Object Repository/StorePage/storebrandName' is: 'true'

2018-07-11 12:34:06 - [TEST_STEP][PASSED] - Statement - If (attrDisabled): null

2018-07-11 12:34:06 - [TEST_STEP][PASSED] - Statement - out.println("Store brand is disabled"): null

2018-07-11 12:34:06 - [TEST_STEP][PASSED] - Statement - attrDisabled = com.kms.katalon.core.webui.keyword.WebUiBuiltInKeywords.getAttribute(com.kms.katalon.core.testobject.ObjectRepository.findTestObject(StorePage/storeCountryName), "disabled"): Attribute 'disabled' of object 'Object Repository/StorePage/storeCountryName' is: 'true'

2018-07-11 12:34:07 - [MESSAGE][PASSED] - Attribute 'disabled' of object 'Object Repository/StorePage/storeCountryName' is: 'true'

2018-07-11 12:34:07 - [TEST_STEP][PASSED] - Statement - If (attrDisabled): null

2018-07-11 12:34:07 - [TEST_STEP][PASSED] - Statement - out.println("Store countryName is disabled"): null

2018-07-11 12:34:07 - [TEST_STEP][PASSED] - Statement - assert TCflag == true: null

2018-07-11 12:34:07 - [TEST_STEP][PASSED] - Start listener action : sampleAfterTestCase: Browser is closed

2018-07-11 12:34:07 - [TEST_STEP][PASSED] - Statement - println(testCaseContext.getTestCaseId()): null

2018-07-11 12:34:07 - [TEST_STEP][PASSED] - Statement - println(testCaseContext.getTestCaseStatus()): null

2018-07-11 12:34:07 - [TEST_STEP][PASSED] - closeBrowser: Browser is closed

2018-07-11 12:34:08 - [MESSAGE][PASSED] - Browser is closed]]></system-out>
         <system-err><![CDATA[]]></system-err>
      </testcase>
      <system-out><![CDATA[2018-07-11 11:47:42 - [TEST_SUITE][FAILED] - RegressionSuite: Test Cases/CreateGroupTC/HME-ReportingGroupManagement-03 FAILED because (of) org.codehaus.groovy.runtime.powerassert.PowerAssertionError: assert TCflag==true
       |     |
       false false]]></system-out>
      <system-err><![CDATA[2018-07-11 11:47:42 - [TEST_SUITE][FAILED] - RegressionSuite: Test Cases/CreateGroupTC/HME-ReportingGroupManagement-03 FAILED because (of) org.codehaus.groovy.runtime.powerassert.PowerAssertionError: assert TCflag==true
       |     |
       false false]]></system-err>
   </testsuite>
</testsuites>
